TN:
SF:./src/components/rxApp/scripts/rxAccountSearch.js
FN:8,(anonymous_1)
FN:12,(anonymous_2)
FN:13,(anonymous_3)
FNF:3
FNH:0
FNDA:0,(anonymous_1)
FNDA:0,(anonymous_2)
FNDA:0,(anonymous_3)
DA:1,1
DA:9,0
DA:13,0
DA:14,0
DA:15,0
DA:16,0
DA:17,0
DA:19,0
LF:8
LH:1
BRDA:14,1,0,0
BRDA:14,1,1,0
BRDA:16,2,0,0
BRDA:16,2,1,0
BRF:4
BRH:0
end_of_record
TN:
SF:./src/components/rxApp/scripts/rxAccountUsers.js
FN:9,(anonymous_1)
FN:13,(anonymous_2)
FN:25,(anonymous_3)
FN:26,(anonymous_4)
FN:29,(anonymous_5)
FN:42,loadUsers
FN:43,(anonymous_7)
FN:72,(anonymous_8)
FN:91,(anonymous_9)
FNF:9
FNH:8
FNDA:6,(anonymous_1)
FNDA:11,(anonymous_2)
FNDA:11,(anonymous_3)
FNDA:11,(anonymous_4)
FNDA:10,(anonymous_5)
FNDA:10,loadUsers
FNDA:0,(anonymous_7)
FNDA:1,(anonymous_8)
FNDA:1,(anonymous_9)
DA:1,1
DA:10,6
DA:14,11
DA:16,11
DA:17,1
DA:18,1
DA:20,10
DA:23,11
DA:25,11
DA:26,11
DA:27,11
DA:28,10
DA:29,10
DA:30,10
DA:33,1
DA:42,1
DA:43,10
DA:46,0
DA:48,0
DA:50,0
DA:52,0
DA:60,0
DA:64,10
DA:65,10
DA:66,9
DA:70,11
DA:72,11
DA:77,1
DA:78,1
DA:80,1
DA:81,1
DA:82,1
DA:83,1
DA:87,11
DA:91,11
DA:92,1
LF:36
LH:31
BRDA:16,1,0,1
BRDA:16,1,1,10
BRDA:27,2,0,10
BRDA:27,2,1,1
BRDA:52,3,0,0
BRDA:52,3,1,0
BRDA:65,4,0,9
BRDA:65,4,1,1
BRDA:80,5,0,1
BRDA:80,5,1,0
BRF:10
BRH:7
end_of_record
TN:
SF:./src/components/rxApp/scripts/rxApp.js
FN:23,(anonymous_1)
FN:38,(anonymous_2)
FN:80,(anonymous_3)
FN:81,(anonymous_4)
FNF:4
FNH:4
FNDA:27,(anonymous_1)
FNDA:53,(anonymous_2)
FNDA:54,(anonymous_3)
FNDA:21,(anonymous_4)
DA:1,1
DA:25,27
DA:39,53
DA:41,53
DA:43,53
DA:45,53
DA:47,53
DA:48,53
DA:53,53
DA:54,53
DA:56,0
DA:59,53
DA:60,4
DA:62,49
DA:63,6
DA:68,53
DA:72,53
DA:73,13
DA:77,40
DA:80,53
DA:81,54
DA:82,21
DA:86,53
DA:87,53
DA:90,53
LF:25
LH:24
BRDA:43,1,0,53
BRDA:43,1,1,6
BRDA:45,2,0,53
BRDA:45,2,1,49
BRDA:59,3,0,4
BRDA:59,3,1,49
BRDA:62,4,0,6
BRDA:62,4,1,43
BRDA:68,5,0,13
BRDA:68,5,1,40
BRDA:72,6,0,13
BRDA:72,6,1,40
BRDA:72,7,0,53
BRDA:72,7,1,40
BRDA:90,8,0,13
BRDA:90,8,1,40
BRF:16
BRH:16
end_of_record
TN:
SF:./src/components/rxApp/scripts/rxAppNav.js
FN:480,(anonymous_1)
FNF:1
FNH:1
FNDA:48,(anonymous_1)
DA:1,1
DA:481,48
LF:2
LH:2
BRF:0
BRH:0
end_of_record
TN:
SF:./src/components/rxApp/scripts/rxAppNavItem.js
FN:16,(anonymous_1)
FN:17,(anonymous_2)
FN:18,(anonymous_3)
FN:22,(anonymous_4)
FN:60,(anonymous_5)
FN:70,(anonymous_6)
FN:104,(anonymous_7)
FN:116,(anonymous_8)
FN:140,(anonymous_9)
FN:177,(anonymous_10)
FN:186,(anonymous_11)
FN:203,(anonymous_12)
FNF:12
FNH:12
FNDA:43,(anonymous_1)
FNDA:392,(anonymous_2)
FNDA:140,(anonymous_3)
FNDA:140,(anonymous_4)
FNDA:392,(anonymous_5)
FNDA:3782,(anonymous_6)
FNDA:3738,(anonymous_7)
FNDA:1075,(anonymous_8)
FNDA:4390,(anonymous_9)
FNDA:42,(anonymous_10)
FNDA:42,(anonymous_11)
FNDA:42,(anonymous_12)
DA:1,1
DA:17,43
DA:18,392
DA:19,140
DA:20,140
DA:22,140
DA:23,140
DA:27,392
DA:29,392
DA:32,36
DA:34,36
DA:38,392
DA:40,392
DA:41,26
DA:45,392
DA:47,392
DA:48,104
DA:52,43
DA:70,392
DA:74,3782
DA:75,3296
DA:86,486
DA:87,116
DA:88,116
DA:91,370
DA:104,392
DA:111,3738
DA:114,392
DA:116,392
DA:117,1075
DA:118,0
DA:121,1075
DA:122,654
DA:125,421
DA:126,421
DA:129,0
DA:140,392
DA:141,4390
DA:144,4390
DA:146,1808
DA:149,2582
DA:154,508
DA:155,508
DA:157,508
DA:161,508
DA:165,2582
DA:170,2582
DA:171,1075
DA:174,2582
DA:177,392
DA:179,42
DA:180,24
DA:181,24
DA:186,392
DA:190,42
DA:191,42
DA:192,42
DA:193,42
DA:195,42
DA:197,42
DA:198,1
DA:203,392
DA:204,42
DA:205,42
LF:64
LH:62
BRDA:29,1,0,36
BRDA:29,1,1,356
BRDA:40,2,0,26
BRDA:40,2,1,366
BRDA:47,3,0,104
BRDA:47,3,1,288
BRDA:74,4,0,3296
BRDA:74,4,1,486
BRDA:86,5,0,116
BRDA:86,5,1,370
BRDA:111,6,0,132
BRDA:111,6,1,3606
BRDA:117,7,0,0
BRDA:117,7,1,1075
BRDA:121,8,0,654
BRDA:121,8,1,421
BRDA:125,9,0,421
BRDA:125,9,1,0
BRDA:144,10,0,1808
BRDA:144,10,1,2582
BRDA:144,11,0,4390
BRDA:144,11,1,2662
BRDA:149,12,0,508
BRDA:149,12,1,2074
BRDA:161,13,0,508
BRDA:161,13,1,0
BRDA:165,14,0,854
BRDA:165,14,1,1728
BRDA:170,15,0,1075
BRDA:170,15,1,1507
BRDA:170,16,0,2582
BRDA:170,16,1,1863
BRDA:174,17,0,2582
BRDA:174,17,1,1863
BRDA:179,18,0,24
BRDA:179,18,1,18
BRDA:190,19,0,42
BRDA:190,19,1,0
BRDA:197,20,0,1
BRDA:197,20,1,41
BRDA:197,21,0,42
BRDA:197,21,1,3
BRF:42
BRH:38
end_of_record
TN:
SF:./src/components/rxApp/scripts/rxAppSearch.js
FN:14,(anonymous_1)
FNF:1
FNH:0
FNDA:0,(anonymous_1)
DA:1,1
DA:15,0
LF:2
LH:1
BRF:0
BRH:0
end_of_record
TN:
SF:./src/components/rxApp/scripts/rxAtlasSearch.js
FN:9,(anonymous_1)
FN:13,(anonymous_2)
FN:14,(anonymous_3)
FNF:3
FNH:0
FNDA:0,(anonymous_1)
FNDA:0,(anonymous_2)
FNDA:0,(anonymous_3)
DA:1,1
DA:10,0
DA:14,0
DA:15,0
DA:16,0
DA:17,0
DA:18,0
DA:20,0
LF:8
LH:1
BRDA:15,1,0,0
BRDA:15,1,1,0
BRDA:17,2,0,0
BRDA:17,2,1,0
BRF:4
BRH:0
end_of_record
TN:
SF:./src/components/rxApp/scripts/rxBillingSearch.js
FN:8,(anonymous_1)
FN:12,(anonymous_2)
FN:14,(anonymous_3)
FN:17,(anonymous_4)
FN:20,(anonymous_5)
FNF:5
FNH:0
FNDA:0,(anonymous_1)
FNDA:0,(anonymous_2)
FNDA:0,(anonymous_3)
FNDA:0,(anonymous_4)
FNDA:0,(anonymous_5)
DA:1,1
DA:9,0
DA:13,0
DA:14,0
DA:15,0
DA:17,0
DA:18,0
DA:20,0
DA:21,0
DA:22,0
DA:23,0
DA:24,0
DA:25,0
DA:27,0
LF:14
LH:1
BRDA:15,1,0,0
BRDA:15,1,1,0
BRDA:18,2,0,0
BRDA:18,2,1,0
BRDA:22,3,0,0
BRDA:22,3,1,0
BRDA:24,4,0,0
BRDA:24,4,1,0
BRF:8
BRH:0
end_of_record
TN:
SF:./src/components/rxApp/scripts/rxPage.js
FN:131,(anonymous_1)
FN:144,(anonymous_2)
FN:153,moveLayoutAttrib
FN:170,(anonymous_4)
FN:171,(anonymous_5)
FN:175,(anonymous_6)
FNF:6
FNH:6
FNDA:3,(anonymous_1)
FNDA:3,(anonymous_2)
FNDA:3,moveLayoutAttrib
FNDA:3,(anonymous_4)
FNDA:4,(anonymous_5)
FNDA:3,(anonymous_6)
DA:1,1
DA:132,3
DA:147,3
DA:149,3
DA:150,3
DA:153,1
DA:156,3
DA:157,3
DA:160,0
DA:161,0
DA:165,3
DA:166,3
DA:167,3
DA:171,3
DA:172,4
DA:175,3
DA:176,3
DA:177,0
LF:18
LH:15
BRDA:156,1,0,3
BRDA:156,1,1,0
BRDA:156,2,0,3
BRDA:156,2,1,3
BRDA:176,3,0,0
BRDA:176,3,1,3
BRF:6
BRH:4
end_of_record
TN:
SF:./src/components/rxApp/scripts/rxStatusTag.js
FN:11,(anonymous_1)
FN:18,(anonymous_2)
FNF:2
FNH:2
FNDA:17,(anonymous_1)
FNDA:56,(anonymous_2)
DA:1,1
DA:12,17
DA:19,56
DA:20,56
DA:21,28
DA:22,28
DA:23,28
LF:7
LH:7
BRDA:20,1,0,28
BRDA:20,1,1,28
BRF:2
BRH:2
end_of_record
TN:
SF:./src/components/rxApp/scripts/rxTicketSearch.js
FN:9,(anonymous_1)
FN:13,(anonymous_2)
FN:15,(anonymous_3)
FNF:3
FNH:0
FNDA:0,(anonymous_1)
FNDA:0,(anonymous_2)
FNDA:0,(anonymous_3)
DA:1,1
DA:10,0
DA:15,0
LF:3
LH:1
BRF:0
BRH:0
end_of_record
TN:
SF:./src/elements/AccountInfo/scripts/rxAccountInfo.js
FN:37,(anonymous_1)
FN:40,(anonymous_2)
FN:53,(anonymous_3)
FN:56,(anonymous_4)
FN:63,(anonymous_5)
FN:69,(anonymous_6)
FN:71,(anonymous_7)
FN:78,(anonymous_8)
FN:79,(anonymous_9)
FN:81,(anonymous_10)
FN:93,(anonymous_11)
FN:96,(anonymous_12)
FN:116,(anonymous_13)
FNF:13
FNH:11
FNDA:19,(anonymous_1)
FNDA:22,(anonymous_2)
FNDA:22,(anonymous_3)
FNDA:0,(anonymous_4)
FNDA:22,(anonymous_5)
FNDA:1,(anonymous_6)
FNDA:1,(anonymous_7)
FNDA:3,(anonymous_8)
FNDA:1,(anonymous_9)
FNDA:1,(anonymous_10)
FNDA:8,(anonymous_11)
FNDA:0,(anonymous_12)
FNDA:1,(anonymous_13)
DA:1,1
DA:39,19
DA:41,22
DA:42,19
DA:44,3
DA:54,22
DA:55,22
DA:56,22
DA:57,0
DA:63,22
DA:64,22
DA:67,22
DA:69,22
DA:70,1
DA:72,1
DA:78,22
DA:79,3
DA:80,1
DA:82,1
DA:89,22
DA:90,3
DA:93,22
DA:95,8
DA:96,8
DA:97,0
DA:100,8
DA:101,0
DA:105,8
DA:106,8
DA:107,8
DA:108,8
DA:109,8
DA:110,8
DA:111,8
DA:112,1
DA:113,7
DA:114,1
DA:117,1
LF:38
LH:35
BRDA:41,1,0,19
BRDA:41,1,1,3
BRDA:54,2,0,22
BRDA:54,2,1,22
BRDA:89,3,0,3
BRDA:89,3,1,19
BRDA:89,4,0,22
BRDA:89,4,1,3
BRDA:95,5,0,8
BRDA:95,5,1,0
BRDA:100,6,0,0
BRDA:100,6,1,8
BRDA:111,7,0,1
BRDA:111,7,1,7
BRDA:113,8,0,1
BRDA:113,8,1,6
BRF:16
BRH:14
end_of_record
TN:
SF:./src/elements/ActionMenu/scripts/rxActionMenu.js
FN:17,(anonymous_1)
FN:25,(anonymous_2)
FN:31,(anonymous_3)
FN:36,(anonymous_4)
FN:42,(anonymous_5)
FN:48,(anonymous_6)
FN:50,(anonymous_7)
FNF:7
FNH:6
FNDA:6,(anonymous_1)
FNDA:7,(anonymous_2)
FNDA:7,(anonymous_3)
FNDA:0,(anonymous_4)
FNDA:9,(anonymous_5)
FNDA:48,(anonymous_6)
FNDA:3,(anonymous_7)
DA:1,1
DA:18,6
DA:26,7
DA:27,6
DA:29,7
DA:31,7
DA:32,7
DA:33,7
DA:36,7
DA:37,0
DA:38,0
DA:42,7
DA:43,9
DA:44,2
DA:48,7
DA:49,48
DA:50,3
LF:17
LH:15
BRDA:26,1,0,6
BRDA:26,1,1,1
BRDA:37,2,0,0
BRDA:37,2,1,0
BRDA:43,3,0,2
BRDA:43,3,1,7
BRDA:43,4,0,9
BRDA:43,4,1,8
BRDA:49,5,0,3
BRDA:49,5,1,45
BRDA:49,6,0,48
BRDA:49,6,1,42
BRDA:49,6,2,3
BRF:13
BRH:11
end_of_record
TN:
SF:./src/elements/Breadcrumbs/scripts/rxBreadcrumbs.js
FN:35,(anonymous_1)
FN:39,(anonymous_2)
FNF:2
FNH:2
FNDA:11,(anonymous_1)
FNDA:11,(anonymous_2)
DA:1,1
DA:36,11
DA:40,11
LF:3
LH:3
BRF:0
BRH:0
end_of_record
TN:
SF:./src/elements/Buttons/scripts/rxButton.js
FN:44,(anonymous_1)
FNF:1
FNH:1
FNDA:37,(anonymous_1)
DA:1,1
DA:45,37
LF:2
LH:2
BRF:0
BRH:0
end_of_record
TN:
SF:./src/elements/Collapse/scripts/rxCollapse.js
FN:35,(anonymous_1)
FN:43,(anonymous_2)
FN:46,(anonymous_3)
FNF:3
FNH:3
FNDA:6,(anonymous_1)
FNDA:18,(anonymous_2)
FNDA:2,(anonymous_3)
DA:1,1
DA:36,6
DA:44,18
DA:46,18
DA:47,2
LF:5
LH:5
BRDA:44,1,0,6
BRDA:44,1,1,12
BRF:2
BRH:2
end_of_record
TN:
SF:./src/elements/Copy/scripts/rxCopy.js
FN:25,(anonymous_1)
FN:31,(anonymous_2)
FN:36,(anonymous_3)
FN:41,(anonymous_4)
FN:46,(anonymous_5)
FN:62,(anonymous_6)
FN:69,(anonymous_7)
FNF:7
FNH:7
FNDA:5,(anonymous_1)
FNDA:5,(anonymous_2)
FNDA:5,(anonymous_3)
FNDA:1,(anonymous_4)
FNDA:3,(anonymous_5)
FNDA:5,(anonymous_6)
FNDA:4,(anonymous_7)
DA:1,1
DA:26,5
DA:33,5
DA:35,5
DA:37,5
DA:38,5
DA:42,1
DA:43,1
DA:47,3
DA:49,3
DA:50,1
DA:52,2
DA:57,5
DA:62,5
DA:63,5
DA:66,5
DA:69,5
DA:72,4
DA:74,4
DA:76,4
LF:20
LH:20
BRDA:49,1,0,1
BRDA:49,1,1,2
BRF:2
BRH:2
end_of_record
TN:
SF:./src/elements/Feedback/scripts/rxFeedback.js
FN:145,(anonymous_1)
FN:152,(anonymous_2)
FN:155,(anonymous_3)
FN:159,(anonymous_4)
FN:167,(anonymous_5)
FN:179,(anonymous_6)
FN:185,(anonymous_7)
FN:193,(anonymous_8)
FN:201,(anonymous_9)
FN:203,(anonymous_10)
FNF:10
FNH:10
FNDA:31,(anonymous_1)
FNDA:45,(anonymous_2)
FNDA:1,(anonymous_3)
FNDA:3,(anonymous_4)
FNDA:3,(anonymous_5)
FNDA:6,(anonymous_6)
FNDA:3,(anonymous_7)
FNDA:6,(anonymous_8)
FNDA:5,(anonymous_9)
FNDA:1,(anonymous_10)
DA:1,1
DA:146,31
DA:153,45
DA:155,45
DA:156,1
DA:159,45
DA:160,3
DA:162,3
DA:167,45
DA:168,3
DA:170,3
DA:171,1
DA:174,3
DA:179,45
DA:180,6
DA:186,3
DA:188,3
DA:192,45
DA:193,44
DA:194,6
DA:196,6
DA:199,6
DA:201,6
DA:202,5
DA:204,1
LF:25
LH:25
BRDA:160,1,0,1
BRDA:160,1,1,2
BRDA:170,2,0,1
BRDA:170,2,1,2
BRDA:170,3,0,3
BRDA:170,3,1,1
BRDA:192,4,0,44
BRDA:192,4,1,1
BRF:8
BRH:8
end_of_record
TN:
SF:./src/elements/Forms/scripts/rxCharacterCount.js
FN:63,(anonymous_1)
FN:68,(anonymous_2)
FN:79,(anonymous_3)
FN:89,(anonymous_4)
FN:95,(anonymous_5)
FN:109,(anonymous_6)
FN:110,(anonymous_7)
FN:122,(anonymous_8)
FN:133,(anonymous_9)
FN:134,(anonymous_10)
FNF:10
FNH:10
FNDA:13,(anonymous_1)
FNDA:13,(anonymous_2)
FNDA:13,(anonymous_3)
FNDA:13,(anonymous_4)
FNDA:13,(anonymous_5)
FNDA:51,(anonymous_6)
FNDA:20,(anonymous_7)
FNDA:20,(anonymous_8)
FNDA:13,(anonymous_9)
FNDA:2,(anonymous_10)
DA:1,1
DA:64,13
DA:65,13
DA:68,13
DA:69,13
DA:70,13
DA:71,1
DA:73,13
DA:74,1
DA:76,13
DA:79,13
DA:80,13
DA:83,13
DA:92,13
DA:93,13
DA:95,13
DA:96,13
DA:97,13
DA:100,13
DA:101,13
DA:102,13
DA:103,13
DA:104,13
DA:108,13
DA:109,51
DA:111,20
DA:112,0
DA:122,20
DA:123,20
DA:124,19
DA:127,20
DA:128,20
DA:129,20
DA:133,13
DA:134,13
DA:139,2
LF:36
LH:35
BRDA:70,1,0,1
BRDA:70,1,1,12
BRDA:73,2,0,1
BRDA:73,2,1,12
BRDA:100,3,0,13
BRDA:100,3,1,7
BRDA:101,4,0,13
BRDA:101,4,1,12
BRDA:111,5,0,0
BRDA:111,5,1,20
BRDA:123,6,0,19
BRDA:123,6,1,1
BRDA:123,7,0,20
BRDA:123,7,1,2
BRDA:128,8,0,20
BRDA:128,8,1,19
BRF:16
BRH:15
end_of_record
TN:
SF:./src/elements/Forms/scripts/rxCheckbox.js
FN:39,(anonymous_1)
FN:45,(anonymous_2)
FN:50,(anonymous_3)
FN:68,(anonymous_4)
FN:77,(anonymous_5)
FN:82,(anonymous_6)
FNF:6
FNH:4
FNDA:54,(anonymous_1)
FNDA:161,(anonymous_2)
FNDA:247,(anonymous_3)
FNDA:8,(anonymous_4)
FNDA:0,(anonymous_5)
FNDA:0,(anonymous_6)
DA:1,1
DA:40,54
DA:47,161
DA:48,161
DA:50,161
DA:51,247
DA:52,247
DA:53,247
DA:57,247
DA:58,247
DA:60,247
DA:64,247
DA:65,2
DA:67,247
DA:68,4
DA:69,8
DA:70,2
DA:72,6
DA:77,247
DA:78,0
DA:82,247
DA:83,0
LF:22
LH:20
BRDA:64,1,0,2
BRDA:64,1,1,245
BRDA:67,2,0,4
BRDA:67,2,1,243
BRDA:69,3,0,2
BRDA:69,3,1,6
BRF:6
BRH:6
end_of_record
TN:
SF:./src/elements/Forms/scripts/rxDatePicker.js
FN:29,(anonymous_1)
FN:41,buildCalendarDays
FN:74,generateCalendarYears
FN:95,(anonymous_4)
FN:103,(anonymous_5)
FN:113,(anonymous_6)
FN:131,(anonymous_7)
FN:140,(anonymous_8)
FN:148,(anonymous_9)
FN:156,(anonymous_10)
FN:167,(anonymous_11)
FN:180,(anonymous_12)
FN:187,(anonymous_13)
FN:198,(anonymous_14)
FN:209,(anonymous_15)
FN:223,(anonymous_16)
FN:227,(anonymous_17)
FN:229,(anonymous_18)
FNF:18
FNH:18
FNDA:35,(anonymous_1)
FNDA:82,buildCalendarDays
FNDA:82,generateCalendarYears
FNDA:39,(anonymous_4)
FNDA:6,(anonymous_5)
FNDA:4,(anonymous_6)
FNDA:4,(anonymous_7)
FNDA:5077,(anonymous_8)
FNDA:13023,(anonymous_9)
FNDA:5077,(anonymous_10)
FNDA:41,(anonymous_11)
FNDA:82,(anonymous_12)
FNDA:41,(anonymous_13)
FNDA:41,(anonymous_14)
FNDA:40,(anonymous_15)
FNDA:40,(anonymous_16)
FNDA:195,(anonymous_17)
FNDA:1,(anonymous_18)
DA:1,1
DA:30,35
DA:31,35
DA:41,1
DA:42,82
DA:43,82
DA:44,82
DA:45,82
DA:48,82
DA:49,2534
DA:50,2534
DA:54,82
DA:55,160
DA:56,160
DA:60,82
DA:61,176
DA:62,176
DA:65,82
DA:74,1
DA:75,82
DA:76,82
DA:77,82
DA:79,82
DA:80,1722
DA:82,1722
DA:85,82
DA:88,35
DA:96,39
DA:98,39
DA:100,39
DA:103,39
DA:104,6
DA:105,4
DA:113,39
DA:114,4
DA:115,4
DA:117,2
DA:118,2
DA:121,2
DA:122,2
DA:125,4
DA:131,39
DA:132,4
DA:133,4
DA:140,39
DA:141,5077
DA:148,39
DA:149,13023
DA:156,39
DA:157,5077
DA:158,595
DA:160,4482
DA:167,39
DA:168,41
DA:169,8
DA:171,33
DA:173,33
DA:174,29
DA:180,39
DA:181,82
DA:182,82
DA:183,82
DA:184,82
DA:187,39
DA:188,41
DA:189,41
DA:190,41
DA:192,41
DA:193,41
DA:198,39
DA:199,41
DA:200,41
DA:201,41
DA:203,41
DA:204,41
DA:209,39
DA:210,40
DA:212,40
DA:213,32
DA:216,40
DA:217,28
DA:219,12
DA:223,39
DA:224,40
DA:227,39
DA:228,195
DA:229,1
LF:87
LH:87
BRDA:104,1,0,4
BRDA:104,1,1,2
BRDA:115,2,0,2
BRDA:115,2,1,2
BRDA:157,3,0,595
BRDA:157,3,1,4482
BRDA:168,4,0,8
BRDA:168,4,1,33
BRDA:173,5,0,29
BRDA:173,5,1,4
BRDA:188,6,0,41
BRDA:188,6,1,0
BRDA:192,7,0,41
BRDA:192,7,1,0
BRDA:199,8,0,41
BRDA:199,8,1,0
BRDA:203,9,0,41
BRDA:203,9,1,0
BRDA:212,10,0,32
BRDA:212,10,1,8
BRDA:216,11,0,28
BRDA:216,11,1,12
BRDA:228,12,0,1
BRDA:228,12,1,194
BRDA:228,13,0,195
BRDA:228,13,1,1
BRF:26
BRH:22
end_of_record
TN:
SF:./src/elements/Forms/scripts/rxField.js
FN:48,(anonymous_1)
FNF:1
FNH:1
FNDA:36,(anonymous_1)
DA:1,1
DA:49,36
LF:2
LH:2
BRF:0
BRH:0
end_of_record
TN:
SF:./src/elements/Forms/scripts/rxFieldContent.js
FN:54,(anonymous_1)
FNF:1
FNH:1
FNDA:32,(anonymous_1)
DA:1,1
DA:55,32
LF:2
LH:2
BRF:0
BRH:0
end_of_record
TN:
SF:./src/elements/Forms/scripts/rxFieldName.js
FN:47,(anonymous_1)
FNF:1
FNH:1
FNDA:2,(anonymous_1)
DA:1,1
DA:48,2
LF:2
LH:2
BRF:0
BRH:0
end_of_record
TN:
SF:./src/elements/Forms/scripts/rxForm.js
FN:41,(anonymous_1)
FNF:1
FNH:1
FNDA:46,(anonymous_1)
DA:1,1
DA:42,46
LF:2
LH:2
BRF:0
BRH:0
end_of_record
TN:
SF:./src/elements/Forms/scripts/rxFormSection.js
FN:52,(anonymous_1)
FNF:1
FNH:1
FNDA:36,(anonymous_1)
DA:1,1
DA:53,36
LF:2
LH:2
BRF:0
BRH:0
end_of_record
TN:
SF:./src/elements/Forms/scripts/rxHelpText.js
FN:37,(anonymous_1)
FNF:1
FNH:0
FNDA:0,(anonymous_1)
DA:1,1
DA:38,0
LF:2
LH:1
BRF:0
BRH:0
end_of_record
TN:
SF:./src/elements/Forms/scripts/rxInfix.js
FN:50,(anonymous_1)
FNF:1
FNH:1
FNDA:28,(anonymous_1)
DA:1,1
DA:51,28
LF:2
LH:2
BRF:0
BRH:0
end_of_record
TN:
SF:./src/elements/Forms/scripts/rxInlineError.js
FN:36,(anonymous_1)
FNF:1
FNH:1
FNDA:26,(anonymous_1)
DA:1,1
DA:37,26
LF:2
LH:2
BRF:0
BRH:0
end_of_record
TN:
SF:./src/elements/Forms/scripts/rxInput.js
FN:52,(anonymous_1)
FNF:1
FNH:1
FNDA:31,(anonymous_1)
DA:1,1
DA:53,31
LF:2
LH:2
BRF:0
BRH:0
end_of_record
TN:
SF:./src/elements/Forms/scripts/rxMultiSelect.js
FN:44,(anonymous_1)
FN:58,(anonymous_2)
FN:64,(anonymous_3)
FN:70,(anonymous_4)
FN:78,(anonymous_5)
FN:81,(anonymous_6)
FN:84,(anonymous_7)
FN:92,(anonymous_8)
FN:98,(anonymous_9)
FN:101,(anonymous_10)
FN:110,(anonymous_11)
FN:111,(anonymous_12)
FN:112,(anonymous_13)
FN:113,getLabel
FN:136,(anonymous_15)
FN:138,(anonymous_16)
FNF:16
FNH:15
FNDA:33,(anonymous_1)
FNDA:33,(anonymous_2)
FNDA:202,(anonymous_3)
FNDA:202,(anonymous_4)
FNDA:26,(anonymous_5)
FNDA:171,(anonymous_6)
FNDA:1602,(anonymous_7)
FNDA:310,(anonymous_8)
FNDA:33,(anonymous_9)
FNDA:4,(anonymous_10)
FNDA:371,(anonymous_11)
FNDA:90,(anonymous_12)
FNDA:90,(anonymous_13)
FNDA:46,getLabel
FNDA:165,(anonymous_15)
FNDA:0,(anonymous_16)
DA:1,1
DA:45,33
DA:59,33
DA:60,32
DA:63,33
DA:64,33
DA:65,202
DA:66,167
DA:67,167
DA:70,33
DA:71,202
DA:72,167
DA:73,167
DA:74,167
DA:78,33
DA:79,26
DA:81,33
DA:82,171
DA:84,33
DA:85,1602
DA:86,316
DA:88,1286
DA:92,33
DA:93,310
DA:94,310
DA:99,33
DA:101,33
DA:102,4
DA:103,4
DA:107,33
DA:108,33
DA:110,33
DA:111,371
DA:112,90
DA:113,1
DA:114,46
DA:115,46
DA:118,90
DA:119,14
DA:120,76
DA:121,26
DA:122,50
DA:123,20
DA:124,20
DA:125,30
DA:126,14
DA:128,16
DA:134,33
DA:136,33
DA:137,165
DA:138,0
DA:139,0
LF:52
LH:50
BRDA:59,1,0,32
BRDA:59,1,1,1
BRDA:65,2,0,167
BRDA:65,2,1,35
BRDA:71,3,0,167
BRDA:71,3,1,35
BRDA:79,4,0,6
BRDA:79,4,1,20
BRDA:82,5,0,2
BRDA:82,5,1,169
BRDA:85,6,0,316
BRDA:85,6,1,1286
BRDA:93,7,0,310
BRDA:93,7,1,0
BRDA:102,8,0,4
BRDA:102,8,1,0
BRDA:118,9,0,14
BRDA:118,9,1,76
BRDA:120,10,0,26
BRDA:120,10,1,50
BRDA:121,11,0,26
BRDA:121,11,1,0
BRDA:122,12,0,20
BRDA:122,12,1,30
BRDA:124,13,0,20
BRDA:124,13,1,0
BRDA:125,14,0,14
BRDA:125,14,1,16
BRDA:137,15,0,0
BRDA:137,15,1,165
BRDA:137,16,0,165
BRDA:137,16,1,0
BRF:32
BRH:26
end_of_record
TN:
SF:./src/elements/Forms/scripts/rxPrefix.js
FN:52,(anonymous_1)
FNF:1
FNH:1
FNDA:2,(anonymous_1)
DA:1,1
DA:53,2
LF:2
LH:2
BRF:0
BRH:0
end_of_record
TN:
SF:./src/elements/Forms/scripts/rxRadio.js
FN:38,(anonymous_1)
FN:44,(anonymous_2)
FN:49,(anonymous_3)
FN:67,(anonymous_4)
FN:76,(anonymous_5)
FN:81,(anonymous_6)
FNF:6
FNH:4
FNDA:10,(anonymous_1)
FNDA:9,(anonymous_2)
FNDA:9,(anonymous_3)
FNDA:8,(anonymous_4)
FNDA:0,(anonymous_5)
FNDA:0,(anonymous_6)
DA:1,1
DA:39,10
DA:46,9
DA:47,9
DA:49,9
DA:50,9
DA:51,9
DA:52,9
DA:56,9
DA:57,9
DA:59,9
DA:63,9
DA:64,2
DA:66,9
DA:67,4
DA:68,8
DA:69,2
DA:71,6
DA:76,9
DA:77,0
DA:81,9
DA:82,0
LF:22
LH:20
BRDA:63,1,0,2
BRDA:63,1,1,7
BRDA:66,2,0,4
BRDA:66,2,1,5
BRDA:68,3,0,2
BRDA:68,3,1,6
BRF:6
BRH:6
end_of_record
TN:
SF:./src/elements/Forms/scripts/rxSearchBox.js
FN:39,(anonymous_1)
FN:49,(anonymous_2)
FN:53,(anonymous_3)
FN:61,(anonymous_4)
FN:65,(anonymous_5)
FNF:5
FNH:5
FNDA:12,(anonymous_1)
FNDA:12,(anonymous_2)
FNDA:17,(anonymous_3)
FNDA:1,(anonymous_4)
FNDA:12,(anonymous_5)
DA:1,1
DA:40,12
DA:50,12
DA:51,12
DA:53,12
DA:54,17
DA:55,14
DA:57,3
DA:61,12
DA:62,1
DA:66,12
DA:67,12
DA:68,0
LF:13
LH:12
BRDA:50,1,0,12
BRDA:50,1,1,10
BRDA:51,2,0,12
BRDA:51,2,1,11
BRDA:54,3,0,14
BRDA:54,3,1,3
BRDA:54,4,0,17
BRDA:54,4,1,5
BRDA:67,5,0,0
BRDA:67,5,1,12
BRF:10
BRH:9
end_of_record
TN:
SF:./src/elements/Forms/scripts/rxSelect.js
FN:47,(anonymous_1)
FN:53,(anonymous_2)
FN:73,(anonymous_3)
FN:82,(anonymous_4)
FN:87,(anonymous_5)
FNF:5
FNH:3
FNDA:71,(anonymous_1)
FNDA:139,(anonymous_2)
FNDA:8,(anonymous_3)
FNDA:0,(anonymous_4)
FNDA:0,(anonymous_5)
DA:1,1
DA:48,71
DA:54,139
DA:55,139
DA:56,139
DA:62,139
DA:63,139
DA:65,139
DA:69,139
DA:70,2
DA:72,139
DA:73,4
DA:74,8
DA:75,2
DA:77,6
DA:82,139
DA:83,0
DA:87,139
DA:88,0
LF:19
LH:17
BRDA:69,1,0,2
BRDA:69,1,1,137
BRDA:72,2,0,4
BRDA:72,2,1,135
BRDA:74,3,0,2
BRDA:74,3,1,6
BRF:6
BRH:6
end_of_record
TN:
SF:./src/elements/Forms/scripts/rxSelectOption.js
FN:23,(anonymous_1)
FN:32,(anonymous_2)
FN:38,(anonymous_3)
FN:47,(anonymous_4)
FN:49,(anonymous_5)
FN:55,(anonymous_6)
FNF:6
FNH:5
FNDA:33,(anonymous_1)
FNDA:198,(anonymous_2)
FNDA:0,(anonymous_3)
FNDA:1594,(anonymous_4)
FNDA:316,(anonymous_5)
FNDA:198,(anonymous_6)
DA:1,1
DA:24,33
DA:37,198
DA:38,198
DA:39,0
DA:40,0
DA:42,0
DA:47,198
DA:48,1594
DA:50,316
DA:53,198
DA:55,198
DA:56,198
LF:13
LH:10
BRDA:39,1,0,0
BRDA:39,1,1,0
BRF:2
BRH:0
end_of_record
TN:
SF:./src/elements/Forms/scripts/rxSuffix.js
FN:52,(anonymous_1)
FNF:1
FNH:1
FNDA:28,(anonymous_1)
DA:1,1
DA:53,28
LF:2
LH:2
BRF:0
BRH:0
end_of_record
TN:
SF:./src/elements/Forms/scripts/rxTimePicker.js
FN:29,(anonymous_1)
FN:38,(anonymous_2)
FN:45,(anonymous_3)
FN:63,(anonymous_4)
FN:70,(anonymous_5)
FN:83,(anonymous_6)
FN:102,(anonymous_7)
FN:121,(anonymous_8)
FN:139,(anonymous_9)
FN:143,(anonymous_10)
FN:145,(anonymous_11)
FNF:11
FNH:11
FNDA:26,(anonymous_1)
FNDA:26,(anonymous_2)
FNDA:22,(anonymous_3)
FNDA:7,(anonymous_4)
FNDA:4,(anonymous_5)
FNDA:3,(anonymous_6)
FNDA:26,(anonymous_7)
FNDA:3,(anonymous_8)
FNDA:29,(anonymous_9)
FNDA:130,(anonymous_10)
FNDA:15,(anonymous_11)
DA:1,1
DA:30,26
DA:39,26
DA:41,26
DA:43,26
DA:45,26
DA:46,22
DA:49,22
DA:50,22
DA:51,22
DA:52,22
DA:54,22
DA:55,11
DA:56,11
DA:57,11
DA:58,11
DA:59,11
DA:63,26
DA:64,7
DA:70,26
DA:71,4
DA:72,4
DA:73,1
DA:75,3
DA:83,26
DA:84,3
DA:91,3
DA:93,3
DA:96,3
DA:98,3
DA:102,26
DA:103,26
DA:105,26
DA:106,13
DA:111,13
DA:114,13
DA:116,13
DA:121,26
DA:122,3
DA:124,3
DA:125,3
DA:130,3
DA:133,3
DA:135,0
DA:139,26
DA:140,29
DA:143,26
DA:144,130
DA:145,15
LF:49
LH:48
BRDA:54,1,0,11
BRDA:54,1,1,11
BRDA:71,2,0,4
BRDA:71,2,1,0
BRDA:72,3,0,1
BRDA:72,3,1,3
BRDA:105,4,0,13
BRDA:105,4,1,13
BRDA:124,5,0,3
BRDA:124,5,1,0
BRDA:140,6,0,29
BRDA:140,6,1,13
BRDA:144,7,0,15
BRDA:144,7,1,115
BRDA:144,8,0,130
BRDA:144,8,1,15
BRF:16
BRH:14
end_of_record
TN:
SF:./src/elements/Forms/scripts/rxToggleSwitch.js
FN:37,(anonymous_1)
FN:49,(anonymous_2)
FN:57,(anonymous_3)
FN:61,(anonymous_4)
FN:65,(anonymous_5)
FN:69,(anonymous_6)
FNF:6
FNH:6
FNDA:9,(anonymous_1)
FNDA:46,(anonymous_2)
FNDA:60,(anonymous_3)
FNDA:5,(anonymous_4)
FNDA:63,(anonymous_5)
FNDA:6,(anonymous_6)
DA:1,1
DA:38,9
DA:50,46
DA:51,46
DA:53,46
DA:54,10
DA:57,46
DA:58,60
DA:61,46
DA:62,5
DA:65,46
DA:66,63
DA:69,46
DA:70,6
DA:71,1
DA:74,5
DA:75,5
DA:76,5
LF:18
LH:18
BRDA:50,1,0,36
BRDA:50,1,1,10
BRDA:51,2,0,36
BRDA:51,2,1,10
BRDA:53,3,0,10
BRDA:53,3,1,36
BRDA:53,4,0,46
BRDA:53,4,1,37
BRDA:62,5,0,2
BRDA:62,5,1,3
BRDA:66,6,0,41
BRDA:66,6,1,22
BRDA:70,7,0,1
BRDA:70,7,1,5
BRF:14
BRH:14
end_of_record
TN:
SF:./src/elements/InfoPanel/scripts/rxInfoPanel.js
FN:18,(anonymous_1)
FNF:1
FNH:1
FNDA:3,(anonymous_1)
DA:1,1
DA:19,3
LF:2
LH:2
BRF:0
BRH:0
end_of_record
TN:
SF:./src/elements/Metadata/scripts/rxMeta.js
FN:52,(anonymous_1)
FNF:1
FNH:0
FNDA:0,(anonymous_1)
DA:1,1
DA:53,0
LF:2
LH:1
BRF:0
BRH:0
end_of_record
TN:
SF:./src/elements/Metadata/scripts/rxMetadata.js
FN:52,(anonymous_1)
FNF:1
FNH:0
FNDA:0,(anonymous_1)
DA:1,1
DA:53,0
LF:2
LH:1
BRF:0
BRH:0
end_of_record
TN:
SF:./src/elements/Modals/scripts/rxModalAction.js
FN:89,(anonymous_1)
FN:90,(anonymous_2)
FN:109,(anonymous_3)
FN:113,(anonymous_4)
FN:117,(anonymous_5)
FN:121,(anonymous_6)
FN:129,(anonymous_7)
FN:137,(anonymous_8)
FN:148,(anonymous_9)
FNF:9
FNH:8
FNDA:42,(anonymous_1)
FNDA:11,(anonymous_2)
FNDA:57,(anonymous_3)
FNDA:0,(anonymous_4)
FNDA:5,(anonymous_5)
FNDA:2,(anonymous_6)
FNDA:3,(anonymous_7)
FNDA:11,(anonymous_8)
FNDA:11,(anonymous_9)
DA:1,1
DA:90,42
DA:91,11
DA:97,11
DA:99,11
DA:101,11
DA:104,42
DA:111,57
DA:113,57
DA:114,0
DA:117,57
DA:118,5
DA:121,57
DA:122,2
DA:126,2
DA:129,57
DA:130,3
DA:134,3
DA:137,57
DA:138,11
DA:140,11
DA:141,0
DA:146,11
DA:148,11
DA:149,11
DA:151,11
DA:155,11
DA:157,11
DA:158,0
DA:161,11
DA:163,11
LF:31
LH:28
BRDA:140,1,0,0
BRDA:140,1,1,11
BRDA:157,2,0,0
BRDA:157,2,1,11
BRF:4
BRH:2
end_of_record
TN:
SF:./src/elements/Modals/scripts/rxModalBackdrop.js
FN:9,(anonymous_1)
FN:19,(anonymous_2)
FN:25,linkFn
FN:38,(anonymous_4)
FNF:4
FNH:0
FNDA:0,(anonymous_1)
FNDA:0,(anonymous_2)
FNDA:0,linkFn
FNDA:0,(anonymous_4)
DA:1,1
DA:10,0
DA:12,0
DA:13,0
DA:16,0
DA:20,0
DA:21,0
DA:25,1
DA:27,0
DA:29,0
DA:30,0
DA:31,0
DA:35,0
DA:38,0
DA:39,0
DA:40,0
DA:41,0
DA:45,0
LF:18
LH:2
BRDA:12,1,0,0
BRDA:12,1,1,0
BRDA:29,2,0,0
BRDA:29,2,1,0
BRDA:30,3,0,0
BRDA:30,3,1,0
BRDA:40,4,0,0
BRDA:40,4,1,0
BRF:8
BRH:0
end_of_record
TN:
SF:./src/elements/Modals/scripts/rxModalFooter.js
FN:42,(anonymous_1)
FN:45,(anonymous_2)
FN:54,(anonymous_3)
FNF:3
FNH:3
FNDA:14,(anonymous_1)
FNDA:24,(anonymous_2)
FNDA:4,(anonymous_3)
DA:1,1
DA:43,14
DA:46,24
DA:50,24
DA:54,24
DA:55,4
LF:6
LH:6
BRF:0
BRH:0
end_of_record
TN:
SF:./src/elements/Modals/scripts/rxModalForm.js
FN:35,(anonymous_1)
FN:49,(anonymous_2)
FN:54,(anonymous_3)
FN:63,(anonymous_4)
FN:84,(anonymous_5)
FNF:5
FNH:5
FNDA:10,(anonymous_1)
FNDA:11,(anonymous_2)
FNDA:11,(anonymous_3)
FNDA:10,(anonymous_4)
FNDA:10,(anonymous_5)
DA:1,1
DA:36,10
DA:51,11
DA:54,11
DA:55,11
DA:58,11
DA:63,11
DA:64,10
DA:66,10
DA:67,2
DA:68,2
DA:70,8
DA:71,8
DA:73,8
DA:74,8
DA:75,7
DA:78,10
DA:79,9
DA:84,11
DA:85,10
DA:90,11
LF:21
LH:21
BRDA:66,1,0,2
BRDA:66,1,1,8
BRDA:66,2,0,10
BRDA:66,2,1,9
BRDA:74,3,0,7
BRDA:74,3,1,1
BRDA:78,4,0,9
BRDA:78,4,1,1
BRF:8
BRH:8
end_of_record
TN:
SF:./src/elements/Modals/scripts/rxModalWindow.js
FN:9,(anonymous_1)
FN:22,(anonymous_2)
FN:25,(anonymous_3)
FN:30,(anonymous_4)
FN:53,(anonymous_5)
FN:59,(anonymous_6)
FN:71,(anonymous_7)
FN:84,(anonymous_8)
FNF:8
FNH:0
FNDA:0,(anonymous_1)
FNDA:0,(anonymous_2)
FNDA:0,(anonymous_3)
FNDA:0,(anonymous_4)
FNDA:0,(anonymous_5)
FNDA:0,(anonymous_6)
FNDA:0,(anonymous_7)
FNDA:0,(anonymous_8)
DA:1,1
DA:10,0
DA:12,0
DA:13,0
DA:16,0
DA:23,0
DA:26,0
DA:27,0
DA:28,0
DA:30,0
DA:31,0
DA:32,0
DA:34,0
DA:35,0
DA:36,0
DA:41,0
DA:46,0
DA:49,0
DA:53,0
DA:54,0
DA:55,0
DA:59,0
DA:60,0
DA:62,0
DA:63,0
DA:64,0
DA:68,0
DA:71,0
DA:72,0
DA:73,0
DA:74,0
DA:78,0
DA:84,0
DA:85,0
DA:94,0
DA:95,0
DA:97,0
DA:102,0
DA:103,0
DA:104,0
LF:40
LH:1
BRDA:12,1,0,0
BRDA:12,1,1,0
BRDA:23,2,0,0
BRDA:23,2,1,0
BRDA:26,3,0,0
BRDA:26,3,1,0
BRDA:27,4,0,0
BRDA:27,4,1,0
BRDA:32,5,0,0
BRDA:32,5,1,0
BRDA:32,6,0,0
BRDA:32,6,1,0
BRDA:32,6,2,0
BRDA:32,6,3,0
BRDA:54,7,0,0
BRDA:54,7,1,0
BRDA:62,8,0,0
BRDA:62,8,1,0
BRDA:63,9,0,0
BRDA:63,9,1,0
BRDA:73,10,0,0
BRDA:73,10,1,0
BRDA:94,11,0,0
BRDA:94,11,1,0
BRDA:103,12,0,0
BRDA:103,12,1,0
BRF:26
BRH:0
end_of_record
TN:
SF:./src/elements/Notifications/scripts/rxNotification.js
FN:21,(anonymous_1)
FN:33,(anonymous_2)
FN:35,(anonymous_3)
FN:44,(anonymous_4)
FNF:4
FNH:4
FNDA:17,(anonymous_1)
FNDA:7,(anonymous_2)
FNDA:1,(anonymous_3)
FNDA:7,(anonymous_4)
DA:1,1
DA:22,17
DA:34,7
DA:35,1
DA:36,1
DA:41,1
DA:45,7
LF:7
LH:7
BRDA:34,1,0,1
BRDA:34,1,1,6
BRDA:45,2,0,7
BRDA:45,2,1,6
BRF:4
BRH:4
end_of_record
TN:
SF:./src/elements/Notifications/scripts/rxNotifications.js
FN:17,(anonymous_1)
FN:25,(anonymous_2)
FN:30,(anonymous_3)
FN:34,(anonymous_4)
FN:38,(anonymous_5)
FN:40,(anonymous_6)
FNF:6
FNH:6
FNDA:27,(anonymous_1)
FNDA:4,(anonymous_2)
FNDA:1,(anonymous_3)
FNDA:4,(anonymous_4)
FNDA:21,(anonymous_5)
FNDA:5,(anonymous_6)
DA:1,1
DA:18,27
DA:30,4
DA:31,1
DA:35,4
DA:38,4
DA:39,21
DA:41,5
DA:44,4
LF:9
LH:9
BRDA:35,1,0,4
BRDA:35,1,1,4
BRF:2
BRH:2
end_of_record
TN:
SF:./src/elements/Progressbar/scripts/rxProgressbar.js
FN:12,(anonymous_1)
FN:22,(anonymous_2)
FN:25,(anonymous_3)
FN:29,(anonymous_4)
FNF:4
FNH:4
FNDA:7,(anonymous_1)
FNDA:13,(anonymous_2)
FNDA:17,(anonymous_3)
FNDA:17,(anonymous_4)
DA:1,1
DA:14,7
DA:23,13
DA:25,13
DA:26,17
DA:29,13
DA:30,17
LF:7
LH:7
BRDA:23,1,0,13
BRDA:23,1,1,6
BRF:2
BRH:2
end_of_record
TN:
SF:./src/elements/Spinner/scripts/rxSpinner.js
FN:15,(anonymous_1)
FN:23,(anonymous_2)
FN:24,(anonymous_3)
FNF:3
FNH:3
FNDA:20,(anonymous_1)
FNDA:16,(anonymous_2)
FNDA:20,(anonymous_3)
DA:1,1
DA:16,20
DA:24,16
DA:25,20
DA:26,20
DA:27,20
DA:28,3
DA:30,17
LF:8
LH:8
BRDA:25,1,0,0
BRDA:25,1,1,20
BRDA:26,2,0,15
BRDA:26,2,1,5
BRDA:27,3,0,3
BRDA:27,3,1,17
BRF:6
BRH:5
end_of_record
TN:
SF:./src/elements/Tables/scripts/rxBatchActions.js
FN:35,(anonymous_1)
FN:41,(anonymous_2)
FN:52,(anonymous_3)
FN:56,(anonymous_4)
FNF:4
FNH:3
FNDA:9,(anonymous_1)
FNDA:9,(anonymous_2)
FNDA:0,(anonymous_3)
FNDA:32,(anonymous_4)
DA:1,1
DA:36,9
DA:43,9
DA:48,9
DA:50,9
DA:52,9
DA:53,0
DA:56,9
DA:57,32
DA:58,32
DA:59,21
DA:62,9
DA:64,9
DA:70,0
DA:71,0
DA:73,0
LF:16
LH:12
BRDA:58,1,0,21
BRDA:58,1,1,11
BRDA:64,2,0,0
BRDA:64,2,1,9
BRDA:70,3,0,0
BRDA:70,3,1,0
BRF:6
BRH:3
end_of_record
TN:
SF:./src/elements/Tables/scripts/rxBulkSelect.js
FN:31,(anonymous_1)
FN:42,(anonymous_2)
FN:50,(anonymous_3)
FNF:3
FNH:3
FNDA:11,(anonymous_1)
FNDA:11,(anonymous_2)
FNDA:11,(anonymous_3)
DA:1,1
DA:32,11
DA:33,11
DA:45,11
DA:46,11
DA:47,11
DA:48,11
DA:50,11
DA:51,11
DA:54,11
LF:10
LH:10
BRDA:47,1,0,11
BRDA:47,1,1,11
BRDA:51,2,0,11
BRDA:51,2,1,11
BRF:4
BRH:4
end_of_record
TN:
SF:./src/elements/Tables/scripts/rxBulkSelectHeaderCheck.js
FN:19,(anonymous_1)
FN:25,(anonymous_2)
FN:27,(anonymous_3)
FN:36,(anonymous_4)
FN:43,(anonymous_5)
FNF:5
FNH:5
FNDA:11,(anonymous_1)
FNDA:11,(anonymous_2)
FNDA:2,(anonymous_3)
FNDA:56,(anonymous_4)
FNDA:2,(anonymous_5)
DA:1,1
DA:20,11
DA:21,11
DA:26,11
DA:27,11
DA:28,2
DA:29,1
DA:31,1
DA:34,11
DA:36,11
DA:37,56
DA:38,56
DA:40,11
DA:41,11
DA:43,11
DA:44,2
DA:46,11
LF:17
LH:17
BRDA:28,1,0,1
BRDA:28,1,1,1
BRF:2
BRH:2
end_of_record
TN:
SF:./src/elements/Tables/scripts/rxBulkSelectMessage.js
FN:24,(anonymous_1)
FN:32,(anonymous_2)
FN:39,(anonymous_3)
FN:41,(anonymous_4)
FN:45,(anonymous_5)
FN:52,(anonymous_6)
FN:77,(anonymous_7)
FNF:7
FNH:7
FNDA:11,(anonymous_1)
FNDA:11,(anonymous_2)
FNDA:44,(anonymous_3)
FNDA:1,(anonymous_4)
FNDA:1,(anonymous_5)
FNDA:34,(anonymous_6)
FNDA:22,(anonymous_7)
DA:1,1
DA:25,11
DA:33,11
DA:35,11
DA:41,11
DA:42,1
DA:45,11
DA:46,1
DA:49,11
DA:50,11
DA:52,11
DA:53,34
DA:54,34
DA:55,34
DA:56,34
DA:65,34
DA:66,22
DA:67,22
DA:68,12
DA:71,11
DA:72,11
DA:75,11
DA:77,11
DA:78,22
DA:80,11
LF:25
LH:25
BRDA:39,1,0,11
BRDA:39,1,1,11
BRDA:55,2,0,3
BRDA:55,2,1,31
BRDA:56,3,0,3
BRDA:56,3,1,31
BRDA:65,4,0,22
BRDA:65,4,1,12
BRDA:68,5,0,11
BRDA:68,5,1,1
BRDA:68,6,0,12
BRDA:68,6,1,12
BRF:12
BRH:12
end_of_record
TN:
SF:./src/elements/Tables/scripts/rxBulkSelectRow.js
FN:21,(anonymous_1)
FN:30,(anonymous_2)
FN:32,(anonymous_3)
FNF:3
FNH:3
FNDA:11,(anonymous_1)
FNDA:29,(anonymous_2)
FNDA:6,(anonymous_3)
DA:1,1
DA:22,11
DA:31,29
DA:32,29
DA:33,6
DA:34,4
DA:36,2
LF:7
LH:7
BRDA:33,1,0,4
BRDA:33,1,1,2
BRF:2
BRH:2
end_of_record
TN:
SF:./src/elements/Tables/scripts/rxBulkSelectValidate.js
FN:13,(anonymous_1)
FN:17,(anonymous_2)
FN:20,(anonymous_3)
FNF:3
FNH:3
FNDA:2,(anonymous_1)
FNDA:2,(anonymous_2)
FNDA:2,(anonymous_3)
DA:1,1
DA:14,2
DA:18,2
DA:19,2
DA:20,2
DA:21,2
DA:22,2
DA:25,2
DA:26,2
LF:9
LH:9
BRF:0
BRH:0
end_of_record
TN:
SF:./src/elements/Tables/scripts/rxFloatingHeader.js
FN:47,(anonymous_1)
FN:50,(anonymous_2)
FN:51,(anonymous_3)
FN:60,(anonymous_4)
FN:64,(anonymous_5)
FN:74,applyFloat
FN:79,(anonymous_7)
FN:88,(anonymous_8)
FN:104,(anonymous_9)
FN:119,(anonymous_10)
FN:129,removeFloat
FN:132,(anonymous_12)
FN:140,(anonymous_13)
FN:159,reapplyFloat
FN:173,update
FN:198,(anonymous_16)
FN:211,(anonymous_17)
FN:214,(anonymous_18)
FN:217,(anonymous_19)
FNF:19
FNH:16
FNDA:7,(anonymous_1)
FNDA:7,(anonymous_2)
FNDA:0,(anonymous_3)
FNDA:0,(anonymous_4)
FNDA:7,(anonymous_5)
FNDA:2,applyFloat
FNDA:4,(anonymous_7)
FNDA:6,(anonymous_8)
FNDA:6,(anonymous_9)
FNDA:4,(anonymous_10)
FNDA:1,removeFloat
FNDA:4,(anonymous_12)
FNDA:3,(anonymous_13)
FNDA:0,reapplyFloat
FNDA:10,update
FNDA:7,(anonymous_16)
FNDA:7,(anonymous_17)
FNDA:14,(anonymous_18)
FNDA:21,(anonymous_19)
DA:1,1
DA:48,7
DA:51,7
DA:55,0
DA:56,0
DA:60,7
DA:61,0
DA:65,7
DA:66,7
DA:67,7
DA:68,7
DA:74,1
DA:75,2
DA:76,2
DA:78,2
DA:79,2
DA:80,4
DA:84,4
DA:85,4
DA:88,4
DA:89,6
DA:91,6
DA:92,6
DA:93,6
DA:96,6
DA:97,6
DA:98,6
DA:103,4
DA:104,4
DA:105,6
DA:109,6
DA:111,4
DA:115,4
DA:119,2
DA:120,4
DA:129,1
DA:130,1
DA:132,1
DA:133,4
DA:135,4
DA:137,2
DA:138,2
DA:140,2
DA:141,3
DA:142,3
DA:146,2
DA:159,1
DA:160,0
DA:161,0
DA:162,0
DA:173,1
DA:174,10
DA:176,10
DA:178,4
DA:179,2
DA:183,6
DA:184,1
DA:190,7
DA:191,7
DA:194,7
DA:195,7
DA:196,7
DA:198,7
DA:199,7
DA:200,7
DA:211,7
DA:212,7
DA:214,7
DA:215,14
DA:217,14
DA:218,21
DA:222,21
DA:224,21
DA:225,7
DA:226,7
DA:227,7
DA:228,7
DA:234,7
LF:78
LH:72
BRDA:55,1,0,0
BRDA:55,1,1,0
BRDA:92,2,0,6
BRDA:92,2,1,0
BRDA:97,3,0,6
BRDA:97,3,1,0
BRDA:135,4,0,2
BRDA:135,4,1,2
BRDA:160,5,0,0
BRDA:160,5,1,0
BRDA:176,6,0,4
BRDA:176,6,1,6
BRDA:178,7,0,2
BRDA:178,7,1,2
BRDA:183,8,0,1
BRDA:183,8,1,5
BRDA:224,9,0,7
BRDA:224,9,1,14
BRDA:226,10,0,7
BRDA:226,10,1,0
BRDA:226,11,0,7
BRDA:226,11,1,0
BRF:22
BRH:14
end_of_record
TN:
SF:./src/elements/Tables/scripts/rxLoadingOverlay.js
FN:16,(anonymous_1)
FN:26,(anonymous_2)
FN:27,(anonymous_3)
FN:31,(anonymous_4)
FN:35,(anonymous_5)
FN:40,(anonymous_6)
FN:46,(anonymous_7)
FNF:7
FNH:7
FNDA:8,(anonymous_1)
FNDA:8,(anonymous_2)
FNDA:17,(anonymous_3)
FNDA:13,(anonymous_4)
FNDA:17,(anonymous_5)
FNDA:8,(anonymous_6)
FNDA:8,(anonymous_7)
DA:1,1
DA:17,8
DA:24,8
DA:27,8
DA:28,17
DA:31,8
DA:32,13
DA:35,8
DA:36,17
DA:37,17
DA:43,8
DA:44,8
DA:46,8
DA:47,8
LF:14
LH:14
BRF:0
BRH:0
end_of_record
TN:
SF:./src/elements/Tables/scripts/rxPaginate.js
FN:514,(anonymous_1)
FN:532,(anonymous_2)
FN:554,(anonymous_3)
FN:560,(anonymous_4)
FN:570,(anonymous_5)
FN:587,(anonymous_6)
FN:602,(anonymous_7)
FN:603,(anonymous_8)
FN:634,(anonymous_9)
FN:639,(anonymous_10)
FN:644,(anonymous_11)
FN:649,(anonymous_12)
FN:654,(anonymous_13)
FNF:13
FNH:12
FNDA:20,(anonymous_1)
FNDA:20,(anonymous_2)
FNDA:0,(anonymous_3)
FNDA:17,(anonymous_4)
FNDA:17,(anonymous_5)
FNDA:14,(anonymous_6)
FNDA:32,(anonymous_7)
FNDA:38,(anonymous_8)
FNDA:1,(anonymous_9)
FNDA:1,(anonymous_10)
FNDA:4,(anonymous_11)
FNDA:1,(anonymous_12)
FNDA:1,(anonymous_13)
DA:1,1
DA:515,20
DA:533,20
DA:535,20
DA:541,20
DA:547,20
DA:548,20
DA:549,8
DA:552,20
DA:554,20
DA:555,0
DA:559,20
DA:560,8
DA:561,17
DA:562,17
DA:570,8
DA:571,17
DA:574,17
DA:576,17
DA:577,0
DA:581,17
DA:585,8
DA:587,8
DA:588,14
DA:589,14
DA:596,8
DA:598,8
DA:600,8
DA:602,8
DA:603,32
DA:604,38
DA:605,6
DA:611,8
DA:612,8
DA:615,8
DA:616,8
DA:619,8
DA:620,8
DA:622,8
DA:623,8
DA:626,8
DA:634,20
DA:635,1
DA:636,1
DA:639,20
DA:640,1
DA:641,1
DA:644,20
DA:645,4
DA:646,4
DA:649,20
DA:650,1
DA:651,1
DA:654,20
DA:655,1
DA:656,1
LF:56
LH:54
BRDA:535,1,0,20
BRDA:535,1,1,12
BRDA:541,2,0,20
BRDA:541,2,1,20
BRDA:548,3,0,28
BRDA:548,3,1,8
BRDA:559,4,0,8
BRDA:559,4,1,12
BRDA:561,5,0,1
BRDA:561,5,1,16
BRDA:576,6,0,0
BRDA:576,6,1,17
BRDA:604,7,0,6
BRDA:604,7,1,32
BRDA:611,8,0,8
BRDA:611,8,1,0
BRDA:615,9,0,8
BRDA:615,9,1,0
BRDA:619,10,0,8
BRDA:619,10,1,0
BRDA:622,11,0,8
BRDA:622,11,1,0
BRF:22
BRH:17
end_of_record
TN:
SF:./src/elements/Tables/scripts/rxSelectFilter.js
FN:35,(anonymous_1)
FNF:1
FNH:1
FNDA:2,(anonymous_1)
DA:1,1
DA:36,2
LF:2
LH:2
BRF:0
BRH:0
end_of_record
TN:
SF:./src/elements/Tables/scripts/rxSortableColumn.js
FN:19,(anonymous_1)
FNF:1
FNH:1
FNDA:1,(anonymous_1)
DA:1,1
DA:20,1
LF:2
LH:2
BRF:0
BRH:0
end_of_record
TN:
SF:./src/elements/Tables/scripts/rxStatusColumn.js
FN:61,(anonymous_1)
FN:70,(anonymous_2)
FN:74,(anonymous_3)
FN:78,(anonymous_4)
FN:92,(anonymous_5)
FN:96,(anonymous_6)
FNF:6
FNH:6
FNDA:16,(anonymous_1)
FNDA:16,(anonymous_2)
FNDA:34,(anonymous_3)
FNDA:17,(anonymous_4)
FNDA:17,(anonymous_5)
FNDA:17,(anonymous_6)
DA:1,1
DA:62,16
DA:72,16
DA:74,16
DA:75,34
DA:78,16
DA:79,17
DA:80,17
DA:84,17
DA:85,17
DA:86,17
DA:87,17
DA:88,17
DA:89,17
DA:92,16
DA:93,17
DA:96,16
DA:97,17
LF:18
LH:18
BRDA:75,1,0,34
BRDA:75,1,1,29
BRDA:75,1,2,0
BRDA:84,2,0,17
BRDA:84,2,1,5
BRF:5
BRH:4
end_of_record
TN:
SF:./src/elements/Tables/scripts/rxStatusHeader.js
FN:38,(anonymous_1)
FN:40,(anonymous_2)
FNF:2
FNH:0
FNDA:0,(anonymous_1)
FNDA:0,(anonymous_2)
DA:1,1
DA:39,0
DA:41,0
LF:3
LH:1
BRF:0
BRH:0
end_of_record
TN:
SF:./src/elements/Tabs/scripts/rxTab.js
FN:14,(anonymous_1)
FN:28,(anonymous_2)
FN:31,(anonymous_3)
FN:32,(anonymous_4)
FN:40,(anonymous_5)
FN:45,(anonymous_6)
FN:52,(anonymous_7)
FNF:7
FNH:7
FNDA:28,(anonymous_1)
FNDA:103,(anonymous_2)
FNDA:103,(anonymous_3)
FNDA:130,(anonymous_4)
FNDA:10,(anonymous_5)
FNDA:13,(anonymous_6)
FNDA:103,(anonymous_7)
DA:1,1
DA:15,28
DA:32,103
DA:33,130
DA:34,48
DA:38,103
DA:39,103
DA:40,8
DA:41,10
DA:45,103
DA:46,13
DA:47,12
DA:51,103
DA:52,103
DA:53,103
DA:58,103
LF:16
LH:16
BRDA:33,1,0,48
BRDA:33,1,1,82
BRDA:39,2,0,8
BRDA:39,2,1,95
BRDA:46,3,0,12
BRDA:46,3,1,1
BRF:6
BRH:6
end_of_record
TN:
SF:./src/elements/Tabs/scripts/rxTabContentTransclude.js
FN:10,(anonymous_1)
FN:11,isTabHeading
FN:25,(anonymous_3)
FN:29,(anonymous_4)
FN:30,(anonymous_5)
FNF:5
FNH:5
FNDA:28,(anonymous_1)
FNDA:212,isTabHeading
FNDA:103,(anonymous_3)
FNDA:103,(anonymous_4)
FNDA:212,(anonymous_5)
DA:1,1
DA:11,1
DA:12,212
DA:22,28
DA:26,103
DA:29,103
DA:30,103
DA:31,212
DA:33,56
DA:35,156
LF:10
LH:10
BRDA:12,1,0,212
BRDA:12,1,1,69
BRDA:12,1,2,66
BRDA:12,1,3,63
BRDA:12,1,4,63
BRDA:12,1,5,16
BRDA:12,1,6,13
BRDA:31,2,0,56
BRDA:31,2,1,156
BRF:9
BRH:9
end_of_record
TN:
SF:./src/elements/Tabs/scripts/rxTabHeadingTransclude.js
FN:10,(anonymous_1)
FN:14,(anonymous_2)
FN:15,(anonymous_3)
FNF:3
FNH:3
FNDA:28,(anonymous_1)
FNDA:103,(anonymous_2)
FNDA:103,(anonymous_3)
DA:1,1
DA:11,28
DA:15,103
DA:16,103
DA:17,56
DA:18,56
LF:6
LH:6
BRDA:16,1,0,56
BRDA:16,1,1,47
BRF:2
BRH:2
end_of_record
TN:
SF:./src/elements/Tabs/scripts/rxTabset.js
FN:10,(anonymous_1)
FNF:1
FNH:1
FNDA:28,(anonymous_1)
DA:1,1
DA:11,28
LF:2
LH:2
BRF:0
BRH:0
end_of_record
TN:
SF:./src/elements/Tags/scripts/rxTags.js
FN:49,(anonymous_1)
FN:57,(anonymous_2)
FN:61,changeFocus
FN:65,(anonymous_4)
FN:69,(anonymous_5)
FN:75,(anonymous_6)
FN:83,(anonymous_7)
FN:89,(anonymous_8)
FN:101,(anonymous_9)
FN:109,(anonymous_10)
FN:113,(anonymous_11)
FN:114,(anonymous_12)
FN:120,(anonymous_13)
FNF:13
FNH:13
FNDA:16,(anonymous_1)
FNDA:21,(anonymous_2)
FNDA:2,changeFocus
FNDA:5,(anonymous_4)
FNDA:2,(anonymous_5)
FNDA:2,(anonymous_6)
FNDA:3,(anonymous_7)
FNDA:3,(anonymous_8)
FNDA:2,(anonymous_9)
FNDA:1,(anonymous_10)
FNDA:3,(anonymous_11)
FNDA:6,(anonymous_12)
FNDA:24,(anonymous_13)
DA:1,1
DA:50,16
DA:58,21
DA:59,21
DA:61,1
DA:62,2
DA:65,21
DA:66,5
DA:69,21
DA:70,2
DA:71,1
DA:75,21
DA:76,2
DA:77,1
DA:78,1
DA:79,1
DA:83,21
DA:84,3
DA:85,1
DA:89,21
DA:94,3
DA:96,3
DA:97,3
DA:98,3
DA:101,21
DA:102,2
DA:103,2
DA:104,2
DA:105,2
DA:108,21
DA:109,2
DA:110,1
DA:113,2
DA:114,3
DA:115,6
DA:120,21
DA:121,24
LF:37
LH:37
BRDA:62,1,0,2
BRDA:62,1,1,1
BRDA:66,2,0,5
BRDA:66,2,1,4
BRDA:70,3,0,1
BRDA:70,3,1,1
BRDA:76,4,0,1
BRDA:76,4,1,1
BRDA:84,5,0,1
BRDA:84,5,1,2
BRDA:84,6,0,3
BRDA:84,6,1,2
BRDA:108,7,0,2
BRDA:108,7,1,19
BRDA:121,8,0,24
BRDA:121,8,1,19
BRF:16
BRH:16
end_of_record
TN:
SF:./src/elements/Tooltips/scripts/rxTooltip.js
FN:9,(anonymous_1)
FNF:1
FNH:1
FNDA:76,(anonymous_1)
DA:1,1
DA:10,76
LF:2
LH:2
BRF:0
BRH:0
end_of_record
TN:
SF:./src/elements/Tooltips/scripts/rxTooltipClasses.js
FN:8,(anonymous_1)
FN:11,(anonymous_2)
FNF:2
FNH:2
FNDA:76,(anonymous_1)
FNDA:51,(anonymous_2)
DA:1,1
DA:9,76
DA:15,51
DA:18,51
DA:19,51
DA:22,51
DA:23,3
DA:26,51
DA:27,38
LF:9
LH:9
BRDA:15,1,0,51
BRDA:15,1,1,0
BRDA:22,2,0,3
BRDA:22,2,1,48
BRDA:26,3,0,38
BRDA:26,3,1,13
BRF:6
BRH:5
end_of_record
TN:
SF:./src/elements/Tooltips/scripts/rxTooltipHtml.js
FN:8,(anonymous_1)
FNF:1
FNH:1
FNDA:10,(anonymous_1)
DA:1,1
DA:9,10
LF:2
LH:2
BRF:0
BRH:0
end_of_record
TN:
SF:./src/elements/Tooltips/scripts/rxTooltipHtmlPopup.js
FN:8,(anonymous_1)
FNF:1
FNH:1
FNDA:10,(anonymous_1)
DA:1,1
DA:9,10
LF:2
LH:2
BRF:0
BRH:0
end_of_record
TN:
SF:./src/elements/Tooltips/scripts/rxTooltipPopup.js
FN:8,(anonymous_1)
FNF:1
FNH:1
FNDA:60,(anonymous_1)
DA:1,1
DA:9,60
LF:2
LH:2
BRF:0
BRH:0
end_of_record
TN:
SF:./src/elements/Tooltips/scripts/rxTooltipTemplate.js
FN:8,(anonymous_1)
FNF:1
FNH:1
FNDA:6,(anonymous_1)
DA:1,1
DA:9,6
LF:2
LH:2
BRF:0
BRH:0
end_of_record
TN:
SF:./src/elements/Tooltips/scripts/rxTooltipTemplatePopup.js
FN:8,(anonymous_1)
FNF:1
FNH:1
FNDA:6,(anonymous_1)
DA:1,1
DA:9,6
LF:2
LH:2
BRF:0
BRH:0
end_of_record
TN:
SF:./src/elements/Tooltips/scripts/rxTooltipTemplateTransclude.js
FN:9,(anonymous_1)
FN:11,(anonymous_2)
FN:19,(anonymous_3)
FN:31,(anonymous_4)
FN:39,(anonymous_5)
FN:45,(anonymous_6)
FN:50,(anonymous_7)
FN:59,(anonymous_8)
FNF:8
FNH:6
FNDA:6,(anonymous_1)
FNDA:5,(anonymous_2)
FNDA:11,(anonymous_3)
FNDA:0,(anonymous_4)
FNDA:6,(anonymous_5)
FNDA:5,(anonymous_6)
FNDA:5,(anonymous_7)
FNDA:0,(anonymous_8)
DA:1,1
DA:10,6
DA:12,5
DA:14,5
DA:19,5
DA:20,11
DA:21,1
DA:22,1
DA:25,11
DA:26,5
DA:27,5
DA:30,11
DA:31,5
DA:32,0
DA:34,5
DA:35,5
DA:39,5
DA:40,6
DA:42,6
DA:45,5
DA:46,5
DA:47,5
DA:48,5
DA:50,5
DA:51,5
DA:52,5
DA:55,5
DA:56,5
DA:58,5
DA:60,0
DA:61,0
DA:62,0
DA:65,5
DA:67,1
DA:70,5
LF:35
LH:31
BRDA:20,1,0,1
BRDA:20,1,1,10
BRDA:25,2,0,5
BRDA:25,2,1,6
BRDA:30,3,0,5
BRDA:30,3,1,6
BRDA:42,4,0,5
BRDA:42,4,1,1
BRDA:46,5,0,0
BRDA:46,5,1,5
BRDA:60,6,0,0
BRDA:60,6,1,0
BRF:12
BRH:9
end_of_record
TN:
SF:./src/elements/Typeahead/scripts/rxTypeahead.js
FN:26,(anonymous_1)
FN:33,(anonymous_2)
FN:38,(anonymous_3)
FN:39,(anonymous_4)
FN:44,(anonymous_5)
FN:45,(anonymous_6)
FN:54,(anonymous_7)
FN:61,(anonymous_8)
FN:65,(anonymous_9)
FN:66,(anonymous_10)
FN:73,(anonymous_11)
FNF:11
FNH:6
FNDA:83,(anonymous_1)
FNDA:87,(anonymous_2)
FNDA:616,(anonymous_3)
FNDA:83,(anonymous_4)
FNDA:88,(anonymous_5)
FNDA:87,(anonymous_6)
FNDA:0,(anonymous_7)
FNDA:0,(anonymous_8)
FNDA:0,(anonymous_9)
FNDA:0,(anonymous_10)
FNDA:0,(anonymous_11)
DA:1,1
DA:27,83
DA:34,87
DA:39,616
DA:40,83
DA:41,83
DA:42,83
DA:44,83
DA:45,88
DA:46,87
DA:47,87
DA:49,87
DA:50,0
DA:54,0
DA:55,0
DA:57,0
DA:58,0
DA:61,0
DA:62,0
DA:65,0
DA:66,0
DA:68,0
DA:69,0
DA:73,0
DA:74,0
DA:75,0
DA:77,0
DA:83,83
LF:28
LH:13
BRDA:49,1,0,0
BRDA:49,1,1,87
BRDA:55,2,0,0
BRDA:55,2,1,0
BRDA:62,3,0,0
BRDA:62,3,1,0
BRDA:74,4,0,0
BRDA:74,4,1,0
BRF:8
BRH:1
end_of_record
TN:
SF:./src/utilities/encoreRoutes/scripts/encoreRoutes.js
FN:11,(anonymous_1)
FN:20,(anonymous_2)
FN:26,(anonymous_3)
FN:55,(anonymous_4)
FN:60,(anonymous_5)
FN:65,(anonymous_6)
FNF:6
FNH:6
FNDA:31,(anonymous_1)
FNDA:1,(anonymous_2)
FNDA:3,(anonymous_3)
FNDA:44,(anonymous_4)
FNDA:6,(anonymous_5)
FNDA:4,(anonymous_6)
DA:1,1
DA:16,31
DA:18,31
DA:20,31
DA:21,1
DA:26,31
DA:27,3
DA:32,31
DA:33,31
DA:35,1
DA:36,1
DA:37,1
DA:40,5
DA:41,5
DA:42,5
DA:45,7
DA:46,7
DA:47,7
DA:50,18
DA:51,18
DA:55,31
DA:56,44
DA:57,44
DA:59,44
DA:61,6
DA:62,6
DA:63,6
DA:66,4
DA:67,1
DA:68,1
DA:70,3
DA:74,44
DA:77,31
LF:33
LH:33
BRDA:33,1,0,1
BRDA:33,1,1,5
BRDA:33,1,2,7
BRDA:33,1,3,18
BRDA:66,2,0,1
BRDA:66,2,1,3
BRDA:74,3,0,44
BRDA:74,3,1,37
BRF:8
BRH:8
end_of_record
TN:
SF:./src/utilities/routesCdnPath/scripts/routesCdnPath.js
FN:30,(anonymous_1)
FN:33,(anonymous_2)
FNF:2
FNH:2
FNDA:1106,(anonymous_1)
FNDA:27,(anonymous_2)
DA:1,1
DA:31,1106
DA:33,1106
DA:34,27
DA:37,27
DA:40,27
DA:43,27
LF:7
LH:7
BRDA:34,1,0,27
BRDA:34,1,1,21
BRF:2
BRH:2
end_of_record
TN:
SF:./src/utilities/rxAge/scripts/rxAge.js
FN:64,(anonymous_1)
FN:65,(anonymous_2)
FN:99,(anonymous_3)
FN:114,(anonymous_4)
FNF:4
FNH:4
FNDA:10,(anonymous_1)
FNDA:14,(anonymous_2)
FNDA:9,(anonymous_3)
FNDA:24,(anonymous_4)
DA:1,1
DA:65,10
DA:66,14
DA:67,1
DA:68,13
DA:69,1
DA:72,12
DA:73,12
DA:74,12
DA:75,12
DA:76,12
DA:77,12
DA:78,12
DA:79,12
DA:81,12
DA:83,1
DA:84,11
DA:86,9
DA:91,12
DA:93,12
DA:94,12
DA:96,12
DA:97,3
DA:99,3
DA:100,9
DA:104,12
DA:105,10
DA:108,12
DA:109,11
DA:112,12
DA:114,12
DA:115,24
DA:116,12
DA:118,12
LF:34
LH:34
BRDA:66,1,0,1
BRDA:66,1,1,13
BRDA:68,2,0,1
BRDA:68,2,1,12
BRDA:81,3,0,1
BRDA:81,3,1,11
BRDA:84,4,0,9
BRDA:84,4,1,2
BRDA:91,5,0,5
BRDA:91,5,1,7
BRDA:96,6,0,3
BRDA:96,6,1,9
BRDA:100,7,0,9
BRDA:100,7,1,0
BRDA:104,8,0,10
BRDA:104,8,1,2
BRDA:108,9,0,11
BRDA:108,9,1,1
BRDA:115,10,0,12
BRDA:115,10,1,12
BRDA:120,11,0,3
BRDA:120,11,1,9
BRF:22
BRH:21
end_of_record
TN:
SF:./src/utilities/rxAppRoutes/scripts/rxAppRoutes.js
FN:8,(anonymous_1)
FN:9,(anonymous_2)
FN:21,(anonymous_3)
FN:22,(anonymous_4)
FN:39,(anonymous_5)
FN:43,(anonymous_6)
FN:68,(anonymous_7)
FN:82,(anonymous_8)
FN:92,(anonymous_9)
FN:108,(anonymous_10)
FN:109,(anonymous_11)
FN:120,(anonymous_12)
FN:121,(anonymous_13)
FN:123,(anonymous_14)
FN:128,(anonymous_15)
FN:129,(anonymous_16)
FN:131,(anonymous_17)
FN:142,(anonymous_18)
FN:143,(anonymous_19)
FN:150,(anonymous_20)
FN:154,(anonymous_21)
FN:155,(anonymous_22)
FN:159,(anonymous_23)
FN:166,(anonymous_24)
FNF:24
FNH:21
FNDA:53,(anonymous_1)
FNDA:66,(anonymous_2)
FNDA:226,(anonymous_3)
FNDA:332,(anonymous_4)
FNDA:29,(anonymous_5)
FNDA:56,(anonymous_6)
FNDA:5,(anonymous_7)
FNDA:6,(anonymous_8)
FNDA:45,(anonymous_9)
FNDA:16,(anonymous_10)
FNDA:16,(anonymous_11)
FNDA:7,(anonymous_12)
FNDA:6,(anonymous_13)
FNDA:1,(anonymous_14)
FNDA:3,(anonymous_15)
FNDA:3,(anonymous_16)
FNDA:0,(anonymous_17)
FNDA:3,(anonymous_18)
FNDA:3,(anonymous_19)
FNDA:0,(anonymous_20)
FNDA:81,(anonymous_21)
FNDA:48,(anonymous_22)
FNDA:45,(anonymous_23)
FNDA:0,(anonymous_24)
DA:1,1
DA:9,53
DA:10,66
DA:12,66
DA:13,66
DA:17,66
DA:18,0
DA:21,66
DA:22,226
DA:24,332
DA:27,332
DA:28,133
DA:33,332
DA:36,226
DA:39,66
DA:40,29
DA:41,29
DA:43,29
DA:44,56
DA:45,56
DA:46,16
DA:47,16
DA:48,40
DA:50,13
DA:51,13
DA:52,9
DA:53,9
DA:56,56
DA:57,25
DA:58,1
DA:60,24
DA:65,29
DA:68,66
DA:69,5
DA:71,5
DA:73,2
DA:75,3
DA:78,5
DA:82,66
DA:83,6
DA:85,6
DA:86,8
DA:87,8
DA:89,6
DA:92,66
DA:94,45
DA:96,45
DA:99,66
DA:109,16
DA:110,16
DA:111,16
DA:112,1
DA:113,1
DA:116,15
DA:121,7
DA:122,6
DA:124,1
DA:129,3
DA:130,3
DA:132,0
DA:143,3
DA:144,3
DA:147,3
DA:149,3
DA:151,0
DA:155,81
DA:156,48
DA:161,45
DA:163,45
DA:164,45
DA:167,0
DA:172,53
LF:72
LH:68
BRDA:10,1,0,66
BRDA:10,1,1,66
BRDA:17,2,0,0
BRDA:17,2,1,66
BRDA:27,3,0,133
BRDA:27,3,1,199
BRDA:45,4,0,16
BRDA:45,4,1,40
BRDA:48,5,0,13
BRDA:48,5,1,27
BRDA:51,6,0,9
BRDA:51,6,1,4
BRDA:56,7,0,25
BRDA:56,7,1,31
BRDA:57,8,0,1
BRDA:57,8,1,24
BRDA:71,9,0,2
BRDA:71,9,1,3
BRDA:111,10,0,1
BRDA:111,10,1,15
BRF:20
BRH:19
end_of_record
TN:
SF:./src/utilities/rxApply/scripts/rxApply.js
FN:1,(anonymous_1)
FN:21,rxApplyFilter
FN:22,(anonymous_3)
FNF:3
FNH:1
FNDA:1,(anonymous_1)
FNDA:0,rxApplyFilter
FNDA:0,(anonymous_3)
DA:1,1
DA:2,1
DA:21,1
DA:22,0
DA:23,0
LF:5
LH:3
BRF:0
BRH:0
end_of_record
TN:
SF:./src/utilities/rxAttributes/scripts/rxAttributes.js
FN:51,(anonymous_1)
FN:57,(anonymous_2)
FN:59,preLink
FN:63,(anonymous_4)
FNF:4
FNH:4
FNDA:2,(anonymous_1)
FNDA:2,(anonymous_2)
FNDA:2,preLink
FNDA:4,(anonymous_4)
DA:1,1
DA:53,2
DA:58,2
DA:61,2
DA:63,2
DA:66,4
DA:67,2
DA:72,2
DA:73,2
DA:76,2
LF:10
LH:10
BRDA:66,1,0,2
BRDA:66,1,1,2
BRF:2
BRH:2
end_of_record
TN:
SF:./src/utilities/rxAutoSave/scripts/rxAutoSave.js
FN:353,(anonymous_1)
FN:399,(anonymous_2)
FN:408,(anonymous_3)
FN:423,(anonymous_4)
FN:438,(anonymous_5)
FN:445,(anonymous_6)
FN:451,(anonymous_7)
FN:457,(anonymous_8)
FN:466,(anonymous_9)
FN:474,(anonymous_10)
FN:480,(anonymous_11)
FN:488,(anonymous_12)
FN:504,(anonymous_13)
FN:511,(anonymous_14)
FN:531,(anonymous_15)
FN:535,(anonymous_16)
FN:539,(anonymous_17)
FN:543,(anonymous_18)
FN:550,update
FN:570,(anonymous_20)
FN:577,(anonymous_21)
FNF:21
FNH:21
FNDA:17,(anonymous_1)
FNDA:62,(anonymous_2)
FNDA:499,(anonymous_3)
FNDA:334,(anonymous_4)
FNDA:165,(anonymous_5)
FNDA:56,(anonymous_6)
FNDA:56,(anonymous_7)
FNDA:109,(anonymous_8)
FNDA:3,(anonymous_9)
FNDA:113,(anonymous_10)
FNDA:53,(anonymous_11)
FNDA:62,(anonymous_12)
FNDA:109,(anonymous_13)
FNDA:56,(anonymous_14)
FNDA:3,(anonymous_15)
FNDA:2,(anonymous_16)
FNDA:1,(anonymous_17)
FNDA:4,(anonymous_18)
FNDA:53,update
FNDA:58,(anonymous_20)
FNDA:58,(anonymous_21)
DA:1,1
DA:384,17
DA:399,17
DA:400,62
DA:401,62
DA:402,62
DA:408,17
DA:409,499
DA:423,17
DA:424,334
DA:425,334
DA:426,72
DA:433,334
DA:438,17
DA:439,165
DA:440,165
DA:441,165
DA:445,17
DA:446,56
DA:451,17
DA:452,56
DA:457,17
DA:458,109
DA:459,109
DA:460,109
DA:466,17
DA:467,3
DA:468,3
DA:469,3
DA:470,3
DA:474,17
DA:475,113
DA:480,17
DA:481,53
DA:482,53
DA:483,53
DA:488,17
DA:489,62
DA:490,62
DA:500,62
DA:502,62
DA:504,62
DA:505,109
DA:506,109
DA:511,62
DA:512,56
DA:513,56
DA:516,0
DA:517,0
DA:520,56
DA:524,56
DA:525,56
DA:530,62
DA:532,3
DA:536,2
DA:540,1
DA:544,4
DA:548,62
DA:550,1
DA:552,53
DA:556,53
DA:559,53
DA:562,53
DA:568,62
DA:570,62
DA:571,58
DA:573,57
DA:577,62
DA:578,58
DA:579,56
DA:583,62
DA:584,1
DA:587,62
LF:73
LH:71
BRDA:402,1,0,62
BRDA:402,1,1,0
BRDA:409,2,0,499
BRDA:409,2,1,54
BRDA:425,3,0,72
BRDA:425,3,1,262
BRDA:475,4,0,113
BRDA:475,4,1,0
BRDA:489,5,0,62
BRDA:489,5,1,47
BRDA:505,6,0,109
BRDA:505,6,1,0
BRDA:513,7,0,0
BRDA:513,7,1,56
BRDA:513,8,0,56
BRDA:513,8,1,2
BRDA:571,9,0,57
BRDA:571,9,1,1
BRDA:578,10,0,56
BRDA:578,10,1,2
BRDA:583,11,0,1
BRDA:583,11,1,61
BRF:22
BRH:18
end_of_record
TN:
SF:./src/utilities/rxBreadcrumbsSvc/scripts/rxBreadcrumbsSvc.js
FN:10,(anonymous_1)
FN:18,(anonymous_2)
FN:25,(anonymous_3)
FN:32,(anonymous_4)
FN:69,(anonymous_5)
FNF:5
FNH:5
FNDA:17,(anonymous_1)
FNDA:17,(anonymous_2)
FNDA:40,(anonymous_3)
FNDA:36,(anonymous_4)
FNDA:2,(anonymous_5)
DA:1,1
DA:12,17
DA:16,17
DA:18,17
DA:20,17
DA:22,17
DA:25,17
DA:27,40
DA:31,40
DA:32,9
DA:35,36
DA:36,1
DA:40,40
DA:69,17
DA:70,2
DA:76,17
LF:16
LH:16
BRDA:31,1,0,9
BRDA:31,1,1,31
BRDA:31,2,0,40
BRDA:31,2,1,9
BRDA:35,3,0,1
BRDA:35,3,1,35
BRDA:35,4,0,36
BRDA:35,4,1,9
BRDA:72,5,0,2
BRDA:72,5,1,1
BRF:10
BRH:10
end_of_record
TN:
SF:./src/utilities/rxBulkSelectController/scripts/rxBulkSelectController.js
FN:9,(anonymous_1)
FN:24,(anonymous_2)
FN:29,(anonymous_3)
FN:35,(anonymous_4)
FN:39,(anonymous_5)
FN:43,(anonymous_6)
FN:44,(anonymous_7)
FN:49,(anonymous_8)
FN:54,(anonymous_9)
FN:60,(anonymous_10)
FN:65,(anonymous_11)
FN:71,(anonymous_12)
FN:77,(anonymous_13)
FN:82,(anonymous_14)
FN:87,(anonymous_15)
FNF:15
FNH:15
FNDA:17,(anonymous_1)
FNDA:20,(anonymous_2)
FNDA:20,(anonymous_3)
FNDA:30,(anonymous_4)
FNDA:4,(anonymous_5)
FNDA:4,(anonymous_6)
FNDA:12,(anonymous_7)
FNDA:2,(anonymous_8)
FNDA:2,(anonymous_9)
FNDA:2,(anonymous_10)
FNDA:2,(anonymous_11)
FNDA:16,(anonymous_12)
FNDA:6,(anonymous_13)
FNDA:3,(anonymous_14)
FNDA:11,(anonymous_15)
DA:1,1
DA:10,17
DA:12,17
DA:19,17
DA:20,17
DA:22,17
DA:24,17
DA:25,20
DA:26,20
DA:29,17
DA:30,20
DA:31,20
DA:32,20
DA:35,17
DA:36,30
DA:39,17
DA:40,4
DA:43,17
DA:44,4
DA:45,12
DA:49,17
DA:50,2
DA:51,2
DA:54,17
DA:55,2
DA:56,2
DA:57,2
DA:60,17
DA:61,2
DA:62,2
DA:65,17
DA:66,2
DA:67,2
DA:68,2
DA:71,17
DA:72,16
DA:73,12
DA:77,17
DA:78,6
DA:79,6
DA:82,17
DA:83,3
DA:84,3
DA:87,17
DA:88,11
DA:89,11
LF:46
LH:46
BRDA:72,1,0,12
BRDA:72,1,1,4
BRDA:88,2,0,11
BRDA:88,2,1,0
BRF:4
BRH:3
end_of_record
TN:
SF:./src/utilities/rxBulkSelectUtils/scripts/rxBulkSelectUtils.js
FN:8,(anonymous_1)
FN:11,(anonymous_2)
FN:16,(anonymous_3)
FN:17,(anonymous_4)
FNF:4
FNH:4
FNDA:11,(anonymous_1)
FNDA:2,(anonymous_2)
FNDA:2,(anonymous_3)
FNDA:6,(anonymous_4)
DA:1,1
DA:9,11
DA:11,11
DA:12,2
DA:16,11
DA:17,2
DA:18,6
DA:22,11
LF:8
LH:8
BRF:0
BRH:0
end_of_record
TN:
SF:./src/utilities/rxBytesConvert/scripts/rxBytesConvert.js
FN:16,(anonymous_1)
FN:17,(anonymous_2)
FNF:2
FNH:2
FNDA:16,(anonymous_1)
FNDA:15,(anonymous_2)
DA:1,1
DA:17,16
DA:18,15
DA:19,15
DA:22,15
DA:24,9
DA:25,6
DA:26,6
DA:27,2
DA:30,3
DA:31,3
DA:34,6
DA:38,15
DA:41,15
DA:42,13
DA:44,2
LF:16
LH:16
BRDA:22,1,0,9
BRDA:22,1,1,6
BRDA:22,2,0,15
BRDA:22,2,1,8
BRDA:24,3,0,6
BRDA:24,3,1,3
BRDA:26,4,0,2
BRDA:26,4,1,4
BRDA:41,5,0,13
BRDA:41,5,1,2
BRF:10
BRH:10
end_of_record
TN:
SF:./src/utilities/rxCapitalize/scripts/rxCapitalize.js
FN:8,(anonymous_1)
FN:9,(anonymous_2)
FNF:2
FNH:2
FNDA:2,(anonymous_1)
FNDA:2,(anonymous_2)
DA:1,1
DA:9,2
DA:10,2
DA:11,1
DA:13,1
LF:5
LH:5
BRDA:10,1,0,1
BRDA:10,1,1,1
BRF:2
BRH:2
end_of_record
TN:
SF:./src/utilities/rxCompile/scripts/rxCompile.js
FN:7,(anonymous_1)
FN:8,(anonymous_2)
FN:10,(anonymous_3)
FN:14,(anonymous_4)
FNF:4
FNH:4
FNDA:44,(anonymous_1)
FNDA:27,(anonymous_2)
FNDA:230,(anonymous_3)
FNDA:27,(anonymous_4)
DA:1,1
DA:8,44
DA:9,27
DA:12,230
DA:17,27
DA:23,27
LF:6
LH:6
BRF:0
BRH:0
end_of_record
TN:
SF:./src/utilities/rxCopyUtil/scripts/rxCopyUtil.js
FN:9,(anonymous_1)
FN:23,selectNodeText
FN:55,execCopy
FNF:3
FNH:3
FNDA:13,(anonymous_1)
FNDA:2,selectNodeText
FNDA:6,execCopy
DA:1,1
DA:23,1
DA:24,2
DA:25,2
DA:28,2
DA:31,2
DA:34,2
DA:55,1
DA:56,6
DA:57,6
DA:58,2
DA:60,2
DA:63,2
DA:67,13
LF:14
LH:14
BRDA:57,1,0,2
BRDA:57,1,1,2
BRDA:58,2,0,2
BRDA:58,2,1,2
BRDA:60,3,0,2
BRDA:60,3,1,2
BRDA:63,4,0,2
BRDA:63,4,1,2
BRF:8
BRH:8
end_of_record
TN:
SF:./src/utilities/rxDOMHelper/scripts/rxDOMHelper.js
FN:12,(anonymous_1)
FN:13,(anonymous_2)
FN:21,(anonymous_3)
FN:36,(anonymous_4)
FN:43,(anonymous_5)
FN:47,(anonymous_6)
FN:51,(anonymous_7)
FN:63,(anonymous_8)
FN:97,(anonymous_9)
FN:101,(anonymous_10)
FNF:10
FNH:5
FNDA:64,(anonymous_1)
FNDA:0,(anonymous_2)
FNDA:0,(anonymous_3)
FNDA:2,(anonymous_4)
FNDA:2,(anonymous_5)
FNDA:0,(anonymous_6)
FNDA:0,(anonymous_7)
FNDA:3,(anonymous_8)
FNDA:0,(anonymous_9)
FNDA:68,(anonymous_10)
DA:1,1
DA:13,64
DA:16,0
DA:17,0
DA:18,0
DA:21,64
DA:23,0
DA:24,0
DA:25,0
DA:26,0
DA:27,0
DA:28,0
DA:29,0
DA:30,0
DA:31,0
DA:32,0
DA:33,0
DA:36,64
DA:37,2
DA:38,1
DA:40,2
DA:43,64
DA:44,2
DA:47,64
DA:48,0
DA:51,64
DA:52,0
DA:55,0
DA:63,64
DA:65,3
DA:66,3
DA:70,3
DA:71,3
DA:75,3
DA:80,3
DA:81,2
DA:82,0
DA:89,3
DA:90,0
DA:92,3
DA:97,64
DA:98,0
DA:101,64
DA:102,68
DA:105,64
LF:45
LH:25
BRDA:17,1,0,0
BRDA:17,1,1,0
BRDA:17,1,2,0
BRDA:17,1,3,0
BRDA:27,2,0,0
BRDA:27,2,1,0
BRDA:28,3,0,0
BRDA:28,3,1,0
BRDA:37,4,0,1
BRDA:37,4,1,1
BRDA:55,5,0,0
BRDA:55,5,1,0
BRDA:66,6,0,0
BRDA:66,6,1,3
BRDA:66,7,0,3
BRDA:66,7,1,1
BRDA:80,8,0,2
BRDA:80,8,1,1
BRDA:89,9,0,0
BRDA:89,9,1,3
BRF:20
BRH:8
end_of_record
TN:
SF:./src/utilities/rxDate/scripts/rxDate.js
FN:17,(anonymous_1)
FN:18,(anonymous_2)
FNF:2
FNH:2
FNDA:5,(anonymous_1)
FNDA:4,(anonymous_2)
DA:1,1
DA:18,5
DA:19,4
DA:20,4
DA:21,4
DA:22,2
DA:24,2
DA:27,0
LF:8
LH:7
BRDA:20,1,0,4
BRDA:20,1,1,0
BRDA:21,2,0,2
BRDA:21,2,1,2
BRF:4
BRH:3
end_of_record
TN:
SF:./src/utilities/rxDateTime/scripts/rxDateTime.js
FN:17,(anonymous_1)
FN:18,(anonymous_2)
FNF:2
FNH:2
FNDA:5,(anonymous_1)
FNDA:4,(anonymous_2)
DA:1,1
DA:18,5
DA:19,4
DA:20,4
DA:21,4
DA:22,2
DA:24,2
DA:27,0
LF:8
LH:7
BRDA:20,1,0,4
BRDA:20,1,1,0
BRDA:21,2,0,2
BRDA:21,2,1,2
BRF:4
BRH:3
end_of_record
TN:
SF:./src/utilities/rxDebounce/scripts/rxDebounce.js
FN:9,(anonymous_1)
FN:10,(anonymous_2)
FN:13,(anonymous_3)
FN:20,(anonymous_4)
FNF:4
FNH:2
FNDA:86,(anonymous_1)
FNDA:87,(anonymous_2)
FNDA:0,(anonymous_3)
FNDA:0,(anonymous_4)
DA:2,1
DA:10,86
DA:11,87
DA:13,87
DA:14,0
DA:15,0
DA:16,0
DA:17,0
DA:20,0
DA:21,0
LF:10
LH:4
BRDA:16,1,0,0
BRDA:16,1,1,0
BRF:2
BRH:0
end_of_record
TN:
SF:./src/utilities/rxDevicePaths/scripts/rxDevicePaths.js
FNF:0
FNH:0
DA:1,1
LF:1
LH:1
BRF:0
BRH:0
end_of_record
TN:
SF:./src/utilities/rxDiskSize/scripts/rxDiskSize.js
FN:16,(anonymous_1)
FN:17,(anonymous_2)
FNF:2
FNH:2
FNDA:13,(anonymous_1)
FNDA:12,(anonymous_2)
DA:1,1
DA:17,13
DA:18,12
DA:19,12
DA:21,12
DA:22,6
DA:23,3
DA:25,3
DA:26,3
DA:30,12
LF:10
LH:10
BRDA:21,1,0,6
BRDA:21,1,1,6
BRDA:22,2,0,3
BRDA:22,2,1,3
BRF:4
BRH:4
end_of_record
TN:
SF:./src/utilities/rxEnvironment/scripts/rxEnvironment.js
FN:102,(anonymous_1)
FN:174,(anonymous_2)
FN:180,(anonymous_3)
FN:198,(anonymous_4)
FN:202,(anonymous_5)
FN:220,(anonymous_6)
FN:235,(anonymous_7)
FN:250,(anonymous_8)
FN:252,(anonymous_9)
FN:258,(anonymous_10)
FN:259,(anonymous_11)
FNF:11
FNH:10
FNDA:126,(anonymous_1)
FNDA:1,(anonymous_2)
FNDA:968,(anonymous_3)
FNDA:53,(anonymous_4)
FNDA:53,(anonymous_5)
FNDA:1,(anonymous_6)
FNDA:0,(anonymous_7)
FNDA:183,(anonymous_8)
FNDA:915,(anonymous_9)
FNDA:630,(anonymous_10)
FNDA:124,(anonymous_11)
DA:1,1
DA:113,126
DA:174,126
DA:175,1
DA:180,126
DA:181,968
DA:182,785
DA:185,183
DA:198,126
DA:200,53
DA:202,53
DA:203,53
DA:206,53
DA:207,0
DA:209,0
DA:212,53
DA:220,126
DA:222,1
DA:224,0
DA:226,1
DA:235,126
DA:237,0
DA:239,0
DA:250,126
DA:251,183
DA:252,183
DA:253,915
DA:255,183
DA:258,126
DA:259,630
DA:265,126
DA:270,126
DA:275,126
DA:280,126
DA:285,126
LF:35
LH:30
BRDA:123,1,0,0
BRDA:123,1,1,126
BRDA:175,2,0,1
BRDA:175,2,1,1
BRDA:175,2,2,1
BRDA:175,2,3,0
BRDA:181,3,0,785
BRDA:181,3,1,183
BRDA:200,4,0,53
BRDA:200,4,1,53
BRDA:206,5,0,0
BRDA:206,5,1,53
BRDA:222,6,0,0
BRDA:222,6,1,1
BRDA:237,7,0,0
BRDA:237,7,1,0
BRDA:237,8,0,0
BRDA:237,8,1,0
BRDA:251,9,0,183
BRDA:251,9,1,178
BRF:20
BRH:12
end_of_record
TN:
SF:./src/utilities/rxEnvironmentMatch/scripts/rxEnvironmentMatch.js
FN:17,(anonymous_1)
FN:18,(anonymous_2)
FNF:2
FNH:2
FNDA:24,(anonymous_1)
FNDA:44,(anonymous_2)
DA:1,1
DA:18,24
DA:20,44
DA:23,44
DA:25,44
DA:26,44
LF:6
LH:6
BRDA:23,1,0,22
BRDA:23,1,1,22
BRDA:26,2,0,22
BRDA:26,2,1,22
BRF:4
BRH:4
end_of_record
TN:
SF:./src/utilities/rxEnvironmentUrl/scripts/rxEnvironmentUrl.js
FN:19,(anonymous_1)
FN:20,(anonymous_2)
FNF:2
FNH:2
FNDA:101,(anonymous_1)
FNDA:289,(anonymous_2)
DA:1,1
DA:20,101
DA:21,289
DA:24,289
LF:4
LH:4
BRDA:24,1,0,56
BRDA:24,1,1,233
BRF:2
BRH:2
end_of_record
TN:
SF:./src/utilities/rxErrorFormatter/scripts/rxErrorFormatter.js
FN:37,(anonymous_1)
FN:43,(anonymous_2)
FNF:2
FNH:2
FNDA:16,(anonymous_1)
FNDA:5,(anonymous_2)
DA:1,1
DA:43,16
DA:44,5
DA:45,5
DA:46,4
DA:48,5
DA:51,16
LF:7
LH:7
BRDA:44,1,0,5
BRDA:44,1,1,1
BRDA:45,2,0,4
BRDA:45,2,1,1
BRDA:46,3,0,1
BRDA:46,3,1,3
BRF:6
BRH:6
end_of_record
TN:
SF:./src/utilities/rxFavicon/scripts/rxFavicon.js
FN:22,(anonymous_1)
FN:26,(anonymous_2)
FNF:2
FNH:2
FNDA:6,(anonymous_1)
FNDA:6,(anonymous_2)
DA:1,1
DA:23,6
DA:28,6
DA:31,6
DA:32,1
DA:34,1
DA:38,5
DA:39,5
DA:40,5
DA:42,5
DA:43,5
DA:44,2
DA:45,3
DA:46,1
DA:48,2
DA:52,5
LF:16
LH:16
BRDA:31,1,0,1
BRDA:31,1,1,5
BRDA:39,2,0,5
BRDA:39,2,1,1
BRDA:40,3,0,5
BRDA:40,3,1,1
BRDA:43,4,0,2
BRDA:43,4,1,3
BRDA:45,5,0,1
BRDA:45,5,1,2
BRDA:45,6,0,3
BRDA:45,6,1,2
BRF:12
BRH:12
end_of_record
TN:
SF:./src/utilities/rxFeedbackApi/scripts/rxFeedbackApi.js
FNF:0
FNH:0
DA:1,1
LF:1
LH:1
BRF:0
BRH:0
end_of_record
TN:
SF:./src/utilities/rxFeedbackController/scripts/rxFeedbackController.js
FN:9,(anonymous_1)
FN:11,(anonymous_2)
FNF:2
FNH:2
FNDA:4,(anonymous_1)
FNDA:1,(anonymous_2)
DA:1,1
DA:11,4
DA:12,1
DA:15,4
DA:18,4
DA:21,4
DA:22,1
LF:7
LH:7
BRDA:21,1,0,1
BRDA:21,1,1,3
BRF:2
BRH:2
end_of_record
TN:
SF:./src/utilities/rxFeedbackSvc/scripts/rxFeedbackSvc.js
FN:9,(anonymous_1)
FN:15,(anonymous_2)
FN:22,(anonymous_3)
FNF:3
FNH:3
FNDA:37,(anonymous_1)
FNDA:38,(anonymous_2)
FNDA:3,(anonymous_3)
DA:1,1
DA:10,37
DA:15,37
DA:16,38
DA:20,37
DA:22,37
DA:23,3
DA:24,3
DA:30,3
DA:33,3
DA:34,3
DA:36,3
DA:37,3
DA:41,37
LF:14
LH:14
BRDA:36,1,0,3
BRDA:36,1,1,0
BRF:2
BRH:1
end_of_record
TN:
SF:./src/utilities/rxFeedbackTypes/scripts/rxFeedbackTypes.js
FNF:0
FNH:0
DA:1,1
LF:1
LH:1
BRF:0
BRH:0
end_of_record
TN:
SF:./src/utilities/rxIdentity/scripts/rxIdentity.js
FN:1,(anonymous_1)
FN:11,rxIdentityFactory
FN:48,(anonymous_3)
FNF:3
FNH:3
FNDA:1,(anonymous_1)
FNDA:3,rxIdentityFactory
FNDA:2,(anonymous_3)
DA:1,1
DA:2,1
DA:11,1
DA:23,3
DA:48,3
DA:49,2
DA:58,2
DA:61,3
LF:8
LH:8
BRF:0
BRH:0
end_of_record
TN:
SF:./src/utilities/rxIfEnvironment/scripts/rxIfEnvironment.js
FN:16,(anonymous_1)
FN:21,(anonymous_2)
FN:23,preLink
FNF:3
FNH:3
FNDA:4,(anonymous_1)
FNDA:4,(anonymous_2)
FNDA:4,preLink
DA:1,1
DA:17,4
DA:22,4
DA:25,4
DA:28,4
DA:29,4
DA:32,4
LF:7
LH:7
BRF:0
BRH:0
end_of_record
TN:
SF:./src/utilities/rxLocalStorage/scripts/rxLocalStorage.js
FN:23,(anonymous_1)
FN:33,(anonymous_2)
FN:37,(anonymous_3)
FN:41,(anonymous_4)
FN:45,(anonymous_5)
FN:49,(anonymous_6)
FN:53,(anonymous_7)
FN:57,(anonymous_8)
FN:62,(anonymous_9)
FNF:9
FNH:9
FNDA:168,(anonymous_1)
FNDA:174,(anonymous_2)
FNDA:73,(anonymous_3)
FNDA:2,(anonymous_4)
FNDA:1,(anonymous_5)
FNDA:113,(anonymous_6)
FNDA:7,(anonymous_7)
FNDA:159,(anonymous_8)
FNDA:510,(anonymous_9)
DA:1,1
DA:24,168
DA:25,168
DA:26,168
DA:27,168
DA:29,0
DA:33,168
DA:34,174
DA:37,168
DA:38,73
DA:41,168
DA:42,2
DA:45,168
DA:46,1
DA:49,168
DA:50,113
DA:53,168
DA:54,7
DA:57,168
DA:58,159
DA:59,159
DA:62,168
DA:63,510
DA:64,510
DA:65,510
DA:67,0
DA:70,510
LF:27
LH:25
BRDA:25,1,0,168
BRDA:25,1,1,0
BRDA:58,2,0,159
BRDA:58,2,1,0
BRDA:58,3,0,159
BRDA:58,3,1,0
BRF:6
BRH:3
end_of_record
TN:
SF:./src/utilities/rxModal/scripts/rxModal.js
FN:9,(anonymous_1)
FN:17,(anonymous_2)
FN:19,getTemplatePromise
FN:25,getResolvePromises
FN:27,(anonymous_5)
FN:40,(anonymous_6)
FN:44,(anonymous_7)
FN:54,(anonymous_8)
FN:57,(anonymous_9)
FN:74,resolveWithTemplate
FN:85,resolveSuccess
FN:91,(anonymous_12)
FN:105,(anonymous_13)
FN:109,(anonymous_14)
FN:140,resolveError
FN:144,(anonymous_16)
FNF:16
FNH:2
FNDA:1106,(anonymous_1)
FNDA:31,(anonymous_2)
FNDA:0,getTemplatePromise
FNDA:0,getResolvePromises
FNDA:0,(anonymous_5)
FNDA:0,(anonymous_6)
FNDA:0,(anonymous_7)
FNDA:0,(anonymous_8)
FNDA:0,(anonymous_9)
FNDA:0,resolveWithTemplate
FNDA:0,resolveSuccess
FNDA:0,(anonymous_12)
FNDA:0,(anonymous_13)
FNDA:0,(anonymous_14)
FNDA:0,resolveError
FNDA:0,(anonymous_16)
DA:1,1
DA:10,1106
DA:18,31
DA:19,1
DA:20,0
DA:25,1
DA:26,0
DA:27,0
DA:28,0
DA:29,0
DA:30,0
DA:31,0
DA:33,0
DA:36,0
DA:39,31
DA:40,31
DA:41,0
DA:44,31
DA:45,0
DA:46,0
DA:47,0
DA:50,0
DA:55,0
DA:58,0
DA:63,0
DA:64,0
DA:67,0
DA:68,0
DA:71,0
DA:74,1
DA:75,0
DA:82,0
DA:83,0
DA:87,0
DA:88,0
DA:89,0
DA:91,0
DA:92,0
DA:93,0
DA:97,0
DA:98,0
DA:101,0
DA:102,0
DA:103,0
DA:104,0
DA:106,0
DA:109,0
DA:110,0
DA:113,0
DA:114,0
DA:115,0
DA:116,0
DA:119,0
DA:123,0
DA:138,0
DA:141,0
DA:142,0
DA:145,0
DA:146,0
DA:150,0
DA:153,31
DA:156,1106
LF:62
LH:11
BRDA:20,1,0,0
BRDA:20,1,1,0
BRDA:21,2,0,0
BRDA:21,2,1,0
BRDA:28,3,0,0
BRDA:28,3,1,0
BRDA:28,4,0,0
BRDA:28,4,1,0
BRDA:30,5,0,0
BRDA:30,5,1,0
BRDA:64,6,0,0
BRDA:64,6,1,0
BRDA:67,7,0,0
BRDA:67,7,1,0
BRDA:67,8,0,0
BRDA:67,8,1,0
BRDA:87,9,0,0
BRDA:87,9,1,0
BRDA:92,10,0,0
BRDA:92,10,1,0
BRDA:101,11,0,0
BRDA:101,11,1,0
BRDA:114,12,0,0
BRDA:114,12,1,0
BRDA:115,13,0,0
BRDA:115,13,1,0
BRDA:145,14,0,0
BRDA:145,14,1,0
BRF:28
BRH:0
end_of_record
TN:
SF:./src/utilities/rxModal/scripts/rxModalAnimationClass.js
FN:8,(anonymous_1)
FN:10,(anonymous_2)
FNF:2
FNH:0
FNDA:0,(anonymous_1)
FNDA:0,(anonymous_2)
DA:1,1
DA:9,0
DA:11,0
DA:12,0
LF:4
LH:1
BRDA:11,1,0,0
BRDA:11,1,1,0
BRF:2
BRH:0
end_of_record
TN:
SF:./src/utilities/rxModal/scripts/rxModalStack.js
FN:10,(anonymous_1)
FN:35,backdropIndex
FN:47,(anonymous_3)
FN:53,removeModalWindow
FN:60,(anonymous_5)
FN:77,toggleTopWindowClass
FN:86,checkRemoveBackdrop
FN:90,(anonymous_8)
FN:98,removeAfterAnimate
FN:101,(anonymous_10)
FN:107,asyncDone
FN:118,afterAnimating
FN:127,(anonymous_13)
FN:140,(anonymous_14)
FN:150,(anonymous_15)
FN:179,(anonymous_16)
FN:234,broadcastClosing
FN:238,(anonymous_18)
FN:249,(anonymous_19)
FN:260,(anonymous_20)
FN:267,(anonymous_21)
FN:271,(anonymous_22)
FN:278,(anonymous_23)
FN:285,(anonymous_24)
FN:293,(anonymous_25)
FN:300,(anonymous_26)
FN:307,(anonymous_27)
FN:312,(anonymous_28)
FNF:28
FNH:3
FNDA:31,(anonymous_1)
FNDA:55,backdropIndex
FNDA:11,(anonymous_3)
FNDA:0,removeModalWindow
FNDA:0,(anonymous_5)
FNDA:0,toggleTopWindowClass
FNDA:0,checkRemoveBackdrop
FNDA:0,(anonymous_8)
FNDA:0,removeAfterAnimate
FNDA:0,(anonymous_10)
FNDA:0,asyncDone
FNDA:0,afterAnimating
FNDA:0,(anonymous_13)
FNDA:0,(anonymous_14)
FNDA:0,(anonymous_15)
FNDA:0,(anonymous_16)
FNDA:0,broadcastClosing
FNDA:0,(anonymous_18)
FNDA:0,(anonymous_19)
FNDA:0,(anonymous_20)
FNDA:0,(anonymous_21)
FNDA:0,(anonymous_22)
FNDA:0,(anonymous_23)
FNDA:0,(anonymous_24)
FNDA:0,(anonymous_25)
FNDA:0,(anonymous_26)
FNDA:0,(anonymous_27)
FNDA:0,(anonymous_28)
DA:1,1
DA:13,31
DA:15,31
DA:16,31
DA:19,31
DA:21,31
DA:22,31
DA:23,31
DA:24,31
DA:29,31
DA:30,31
DA:31,31
DA:35,1
DA:36,55
DA:37,55
DA:39,55
DA:40,0
DA:41,0
DA:44,55
DA:47,31
DA:48,11
DA:49,0
DA:53,1
DA:54,0
DA:55,0
DA:58,0
DA:60,0
DA:61,0
DA:62,0
DA:63,0
DA:64,0
DA:66,0
DA:69,0
DA:70,0
DA:72,0
DA:77,1
DA:78,0
DA:80,0
DA:81,0
DA:82,0
DA:86,1
DA:88,0
DA:89,0
DA:90,0
DA:91,0
DA:93,0
DA:94,0
DA:98,1
DA:99,0
DA:100,0
DA:101,0
DA:102,0
DA:103,0
DA:104,0
DA:107,0
DA:108,0
DA:111,0
DA:116,0
DA:118,1
DA:119,0
DA:120,0
DA:122,0
DA:124,0
DA:125,0
DA:128,0
DA:131,0
DA:133,0
DA:134,0
DA:135,0
DA:140,31
DA:141,0
DA:142,0
DA:145,0
DA:146,0
DA:147,0
DA:149,0
DA:150,0
DA:151,0
DA:153,0
DA:157,0
DA:158,0
DA:159,0
DA:160,0
DA:161,0
DA:164,0
DA:165,0
DA:169,0
DA:170,0
DA:171,0
DA:173,0
DA:179,31
DA:180,0
DA:183,0
DA:185,0
DA:195,0
DA:197,0
DA:200,0
DA:201,0
DA:202,0
DA:203,0
DA:204,0
DA:205,0
DA:206,0
DA:208,0
DA:209,0
DA:212,0
DA:213,0
DA:221,0
DA:222,0
DA:225,0
DA:226,0
DA:227,0
DA:228,0
DA:229,0
DA:231,0
DA:234,1
DA:235,0
DA:238,31
DA:239,0
DA:240,0
DA:241,0
DA:242,0
DA:243,0
DA:244,0
DA:246,0
DA:249,31
DA:250,0
DA:251,0
DA:252,0
DA:253,0
DA:254,0
DA:255,0
DA:257,0
DA:260,31
DA:261,0
DA:262,0
DA:263,0
DA:267,31
DA:268,0
DA:271,31
DA:272,0
DA:273,0
DA:274,0
DA:278,31
DA:279,0
DA:280,0
DA:281,0
DA:283,0
DA:285,31
DA:286,0
DA:287,0
DA:288,0
DA:290,0
DA:293,31
DA:294,0
DA:295,0
DA:297,0
DA:300,31
DA:301,0
DA:302,0
DA:304,0
DA:307,31
DA:308,0
DA:309,0
DA:312,31
DA:313,0
DA:314,0
DA:315,0
DA:316,0
DA:317,0
DA:323,31
LF:171
LH:39
BRDA:15,1,0,31
BRDA:15,1,1,0
BRDA:40,2,0,0
BRDA:40,2,1,0
BRDA:48,3,0,0
BRDA:48,3,1,11
BRDA:61,4,0,0
BRDA:61,4,1,0
BRDA:69,5,0,0
BRDA:69,5,1,0
BRDA:69,6,0,0
BRDA:69,6,1,0
BRDA:80,7,0,0
BRDA:80,7,1,0
BRDA:82,8,0,0
BRDA:82,8,1,0
BRDA:88,9,0,0
BRDA:88,9,1,0
BRDA:88,10,0,0
BRDA:88,10,1,0
BRDA:102,11,0,0
BRDA:102,11,1,0
BRDA:119,12,0,0
BRDA:119,12,1,0
BRDA:124,13,0,0
BRDA:124,13,1,0
BRDA:134,14,0,0
BRDA:134,14,1,0
BRDA:141,15,0,0
BRDA:141,15,1,0
BRDA:146,16,0,0
BRDA:146,16,1,0
BRDA:146,17,0,0
BRDA:146,17,1,0
BRDA:147,18,0,0
BRDA:147,18,1,0
BRDA:159,19,0,0
BRDA:159,19,1,0
BRDA:160,20,0,0
BRDA:160,20,1,0
BRDA:164,21,0,0
BRDA:164,21,1,0
BRDA:169,22,0,0
BRDA:169,22,1,0
BRDA:181,23,0,0
BRDA:181,23,1,0
BRDA:200,24,0,0
BRDA:200,24,1,0
BRDA:200,25,0,0
BRDA:200,25,1,0
BRDA:205,26,0,0
BRDA:205,26,1,0
BRDA:221,27,0,0
BRDA:221,27,1,0
BRDA:240,28,0,0
BRDA:240,28,1,0
BRDA:240,29,0,0
BRDA:240,29,1,0
BRDA:251,30,0,0
BRDA:251,30,1,0
BRDA:251,31,0,0
BRDA:251,31,1,0
BRDA:262,32,0,0
BRDA:262,32,1,0
BRDA:273,33,0,0
BRDA:273,33,1,0
BRDA:279,34,0,0
BRDA:279,34,1,0
BRDA:286,35,0,0
BRDA:286,35,1,0
BRDA:294,36,0,0
BRDA:294,36,1,0
BRDA:295,37,0,0
BRDA:295,37,1,0
BRDA:301,38,0,0
BRDA:301,38,1,0
BRDA:302,39,0,0
BRDA:302,39,1,0
BRDA:313,40,0,0
BRDA:313,40,1,0
BRDA:313,41,0,0
BRDA:313,41,1,0
BRDA:314,42,0,0
BRDA:314,42,1,0
BRDA:316,43,0,0
BRDA:316,43,1,0
BRDA:316,44,0,0
BRDA:316,44,1,0
BRF:88
BRH:2
end_of_record
TN:
SF:./src/utilities/rxModal/scripts/rxModalTransclude.js
FN:8,(anonymous_1)
FN:10,(anonymous_2)
FN:11,(anonymous_3)
FNF:3
FNH:0
FNDA:0,(anonymous_1)
FNDA:0,(anonymous_2)
FNDA:0,(anonymous_3)
DA:1,1
DA:9,0
DA:11,0
DA:12,0
DA:13,0
LF:5
LH:1
BRF:0
BRH:0
end_of_record
TN:
SF:./src/utilities/rxModal/scripts/rxMultiMap.js
FN:8,(anonymous_1)
FN:10,(anonymous_2)
FN:14,(anonymous_3)
FN:15,(anonymous_4)
FN:22,(anonymous_5)
FN:25,(anonymous_6)
FN:28,(anonymous_7)
FN:31,(anonymous_8)
FN:38,(anonymous_9)
FNF:9
FNH:9
FNDA:36,(anonymous_1)
FNDA:36,(anonymous_2)
FNDA:1,(anonymous_3)
FNDA:2,(anonymous_4)
FNDA:4,(anonymous_5)
FNDA:1,(anonymous_6)
FNDA:1,(anonymous_7)
FNDA:7,(anonymous_8)
FNDA:3,(anonymous_9)
DA:1,1
DA:9,36
DA:11,36
DA:13,36
DA:15,1
DA:16,2
DA:23,4
DA:26,1
DA:29,1
DA:32,7
DA:33,5
DA:36,7
DA:39,3
DA:41,3
DA:42,1
DA:45,2
DA:47,2
DA:48,2
DA:51,2
DA:52,1
LF:20
LH:20
BRDA:32,1,0,5
BRDA:32,1,1,2
BRDA:41,2,0,1
BRDA:41,2,1,2
BRDA:47,3,0,2
BRDA:47,3,1,0
BRDA:51,4,0,1
BRDA:51,4,1,1
BRF:8
BRH:7
end_of_record
TN:
SF:./src/utilities/rxModal/scripts/rxStackedMap.js
FN:9,(anonymous_1)
FN:11,(anonymous_2)
FN:15,(anonymous_3)
FN:21,(anonymous_4)
FN:28,(anonymous_5)
FN:35,(anonymous_6)
FN:38,(anonymous_7)
FN:48,(anonymous_8)
FN:51,(anonymous_9)
FNF:9
FNH:9
FNDA:113,(anonymous_1)
FNDA:113,(anonymous_2)
FNDA:58,(anonymous_3)
FNDA:3,(anonymous_4)
FNDA:56,(anonymous_5)
FNDA:4,(anonymous_6)
FNDA:127,(anonymous_7)
FNDA:2,(anonymous_8)
FNDA:5,(anonymous_9)
DA:1,1
DA:10,113
DA:12,113
DA:14,113
DA:16,58
DA:22,3
DA:23,2
DA:24,2
DA:29,56
DA:30,56
DA:31,2
DA:33,56
DA:36,4
DA:39,127
DA:40,127
DA:41,54
DA:42,37
DA:43,37
DA:46,127
DA:49,2
DA:52,5
LF:21
LH:21
BRDA:23,1,0,2
BRDA:23,1,1,0
BRDA:41,2,0,37
BRDA:41,2,1,17
BRF:4
BRH:3
end_of_record
TN:
SF:./src/utilities/rxModalCtrl/scripts/rxModalCtrl.js
FN:9,(anonymous_1)
FN:11,(anonymous_2)
FNF:2
FNH:2
FNDA:7,(anonymous_1)
FNDA:4,(anonymous_2)
DA:1,1
DA:11,7
DA:12,4
DA:15,7
DA:18,7
LF:5
LH:5
BRF:0
BRH:0
end_of_record
TN:
SF:./src/utilities/rxModalFooterTemplates/scripts/rxModalFooterTemplates.js
FN:16,(anonymous_1)
FN:26,(anonymous_2)
FN:29,(anonymous_3)
FN:41,(anonymous_4)
FNF:4
FNH:4
FNDA:14,(anonymous_1)
FNDA:15,(anonymous_2)
FNDA:27,(anonymous_3)
FNDA:26,(anonymous_4)
DA:1,1
DA:17,14
DA:18,14
DA:20,14
DA:27,15
DA:28,15
DA:29,15
DA:30,27
DA:42,26
DA:43,22
DA:45,4
LF:11
LH:11
BRDA:42,1,0,22
BRDA:42,1,1,4
BRF:2
BRH:2
end_of_record
TN:
SF:./src/utilities/rxMomentFormats/scripts/rxMomentFormats.js
FNF:0
FNH:0
DA:1,1
LF:1
LH:1
BRF:0
BRH:0
end_of_record
TN:
SF:./src/utilities/rxMonth/scripts/rxMonth.js
FN:18,(anonymous_1)
FN:19,(anonymous_2)
FNF:2
FNH:2
FNDA:6,(anonymous_1)
FNDA:5,(anonymous_2)
DA:1,1
DA:19,6
DA:20,5
DA:21,5
DA:22,5
DA:23,3
DA:25,2
DA:28,0
LF:8
LH:7
BRDA:21,1,0,5
BRDA:21,1,1,0
BRDA:22,2,0,3
BRDA:22,2,1,2
BRF:4
BRH:3
end_of_record
TN:
SF:./src/utilities/rxNestedElement/scripts/rxNestedElement.js
FN:28,(anonymous_1)
FN:29,(anonymous_2)
FN:49,(anonymous_3)
FNF:3
FNH:3
FNDA:67,(anonymous_1)
FNDA:254,(anonymous_2)
FNDA:238,(anonymous_3)
DA:1,1
DA:29,67
DA:30,254
DA:32,254
DA:41,254
DA:42,202
DA:49,202
DA:52,254
LF:8
LH:8
BRDA:30,1,0,254
BRDA:30,1,1,6
BRDA:41,2,0,202
BRDA:41,2,1,52
BRF:4
BRH:4
end_of_record
TN:
SF:./src/utilities/rxNotify/scripts/rxNotify.js
FN:150,(anonymous_1)
FN:178,(anonymous_2)
FN:205,dismissAfterTimeout
FN:209,(anonymous_4)
FN:223,(anonymous_5)
FN:237,(anonymous_6)
FN:242,(anonymous_7)
FN:254,(anonymous_8)
FN:255,(anonymous_9)
FN:267,(anonymous_10)
FN:268,(anonymous_11)
FN:285,(anonymous_12)
FN:300,dismiss
FN:305,(anonymous_14)
FN:368,(anonymous_15)
FN:411,processRouteChange
FNF:16
FNH:16
FNDA:100,(anonymous_1)
FNDA:49,(anonymous_2)
FNDA:3,dismissAfterTimeout
FNDA:2,(anonymous_4)
FNDA:4,(anonymous_5)
FNDA:3,(anonymous_6)
FNDA:2,(anonymous_7)
FNDA:6,(anonymous_8)
FNDA:6,(anonymous_9)
FNDA:6,(anonymous_10)
FNDA:2,(anonymous_11)
FNDA:4,(anonymous_12)
FNDA:15,dismiss
FNDA:12,(anonymous_14)
FNDA:53,(anonymous_15)
FNDA:6,processRouteChange
DA:1,1
DA:151,100
DA:152,100
DA:155,100
DA:158,100
DA:160,100
DA:178,100
DA:180,49
DA:181,6
DA:182,1
DA:187,48
DA:188,3
DA:192,48
DA:193,46
DA:205,1
DA:207,3
DA:209,3
DA:210,2
DA:223,100
DA:224,4
DA:225,4
DA:228,4
DA:231,4
DA:232,1
DA:233,3
DA:234,3
DA:237,3
DA:238,3
DA:242,4
DA:243,2
DA:244,2
DA:254,100
DA:255,6
DA:256,6
DA:267,100
DA:268,6
DA:270,2
DA:274,6
DA:285,100
DA:286,4
DA:288,3
DA:300,1
DA:302,15
DA:304,15
DA:305,15
DA:306,12
DA:368,100
DA:369,53
DA:373,53
DA:376,53
DA:379,53
DA:382,53
DA:383,5
DA:387,53
DA:390,53
DA:393,53
DA:394,3
DA:398,53
DA:399,46
DA:400,7
DA:401,6
DA:402,1
DA:403,1
DA:407,53
DA:411,100
DA:412,6
DA:413,6
DA:417,100
LF:68
LH:68
BRDA:180,1,0,6
BRDA:180,1,1,43
BRDA:181,2,0,1
BRDA:181,2,1,5
BRDA:187,3,0,3
BRDA:187,3,1,45
BRDA:192,4,0,46
BRDA:192,4,1,2
BRDA:231,5,0,1
BRDA:231,5,1,3
BRDA:233,6,0,3
BRDA:233,6,1,0
BRDA:243,7,0,2
BRDA:243,7,1,0
BRDA:286,8,0,3
BRDA:286,8,1,1
BRDA:304,9,0,15
BRDA:304,9,1,0
BRDA:373,10,0,53
BRDA:373,10,1,12
BRDA:379,11,0,53
BRDA:379,11,1,32
BRDA:382,12,0,5
BRDA:382,12,1,48
BRDA:393,13,0,3
BRDA:393,13,1,50
BRDA:398,14,0,46
BRDA:398,14,1,7
BRDA:400,15,0,6
BRDA:400,15,1,1
BRDA:402,16,0,1
BRDA:402,16,1,0
BRF:32
BRH:28
end_of_record
TN:
SF:./src/utilities/rxNotifyProperties/scripts/rxNotifyProperties.js
FN:44,(anonymous_1)
FN:47,(anonymous_2)
FN:49,(anonymous_3)
FN:50,(anonymous_4)
FN:51,(anonymous_5)
FN:57,(anonymous_6)
FN:58,(anonymous_7)
FN:64,register
FNF:8
FNH:8
FNDA:17,(anonymous_1)
FNDA:34,(anonymous_2)
FNDA:49,(anonymous_3)
FNDA:110,(anonymous_4)
FNDA:68,(anonymous_5)
FNDA:150,(anonymous_6)
FNDA:49,(anonymous_7)
FNDA:65,register
DA:1,1
DA:45,17
DA:47,17
DA:48,34
DA:49,34
DA:50,49
DA:51,110
DA:52,110
DA:56,34
DA:57,150
DA:59,49
DA:60,49
DA:61,49
DA:64,34
DA:65,65
DA:70,17
LF:16
LH:16
BRF:0
BRH:0
end_of_record
TN:
SF:./src/utilities/rxPageTitle/scripts/rxPageTitle.js
FN:23,(anonymous_1)
FN:27,(anonymous_2)
FN:36,(anonymous_3)
FN:41,(anonymous_4)
FN:44,(anonymous_5)
FN:47,(anonymous_6)
FN:55,(anonymous_7)
FN:60,(anonymous_8)
FNF:8
FNH:8
FNDA:12,(anonymous_1)
FNDA:12,(anonymous_2)
FNDA:12,(anonymous_3)
FNDA:3,(anonymous_4)
FNDA:1,(anonymous_5)
FNDA:7,(anonymous_6)
FNDA:5,(anonymous_7)
FNDA:10,(anonymous_8)
DA:1,1
DA:24,12
DA:27,12
DA:28,12
DA:29,2
DA:31,10
DA:36,12
DA:37,12
DA:40,12
DA:42,3
DA:45,1
DA:48,7
DA:49,7
DA:56,5
DA:57,5
DA:61,10
LF:16
LH:16
BRDA:28,1,0,2
BRDA:28,1,1,10
BRF:2
BRH:2
end_of_record
TN:
SF:./src/utilities/rxPageTracker/scripts/rxPageTracker.js
FN:19,(anonymous_1)
FN:53,(anonymous_2)
FN:62,(anonymous_3)
FN:67,rxPageTrackerObject
FN:107,(anonymous_5)
FN:114,(anonymous_6)
FN:118,updateCache
FN:127,(anonymous_8)
FN:141,(anonymous_9)
FN:149,(anonymous_10)
FN:153,(anonymous_11)
FN:169,(anonymous_12)
FN:194,(anonymous_13)
FN:199,(anonymous_14)
FN:203,(anonymous_15)
FN:207,(anonymous_16)
FN:211,(anonymous_17)
FN:215,(anonymous_18)
FN:219,(anonymous_19)
FN:223,(anonymous_20)
FN:227,(anonymous_21)
FN:231,(anonymous_22)
FN:235,(anonymous_23)
FN:239,(anonymous_24)
FN:244,(anonymous_25)
FN:260,(anonymous_26)
FNF:26
FNH:26
FNDA:59,(anonymous_1)
FNDA:71,(anonymous_2)
FNDA:11,(anonymous_3)
FNDA:71,rxPageTrackerObject
FNDA:1,(anonymous_5)
FNDA:1118,(anonymous_6)
FNDA:154,updateCache
FNDA:23,(anonymous_8)
FNDA:38,(anonymous_9)
FNDA:166,(anonymous_10)
FNDA:139,(anonymous_11)
FNDA:150,(anonymous_12)
FNDA:2,(anonymous_13)
FNDA:444,(anonymous_14)
FNDA:446,(anonymous_15)
FNDA:1327,(anonymous_16)
FNDA:434,(anonymous_17)
FNDA:141,(anonymous_18)
FNDA:2,(anonymous_19)
FNDA:10,(anonymous_20)
FNDA:2,(anonymous_21)
FNDA:2,(anonymous_22)
FNDA:202,(anonymous_23)
FNDA:12,(anonymous_24)
FNDA:12,(anonymous_25)
FNDA:432,(anonymous_26)
DA:1,1
DA:20,59
DA:54,71
DA:55,71
DA:56,71
DA:63,11
DA:67,1
DA:68,71
DA:82,71
DA:84,71
DA:85,71
DA:90,71
DA:91,58
DA:92,58
DA:95,71
DA:99,71
DA:100,3
DA:103,71
DA:108,1
DA:109,1
DA:114,1118
DA:118,1
DA:119,154
DA:120,154
DA:121,154
DA:122,154
DA:125,71
DA:127,71
DA:133,23
DA:134,23
DA:139,23
DA:141,71
DA:142,38
DA:149,71
DA:150,166
DA:151,15
DA:153,166
DA:154,139
DA:155,139
DA:156,139
DA:157,139
DA:158,71
DA:160,139
DA:169,71
DA:170,150
DA:171,150
DA:178,150
DA:179,85
DA:180,85
DA:187,65
DA:188,65
DA:194,71
DA:195,2
DA:196,2
DA:199,71
DA:200,444
DA:203,71
DA:204,446
DA:207,71
DA:208,1327
DA:211,71
DA:212,434
DA:215,71
DA:216,141
DA:219,71
DA:220,2
DA:223,71
DA:224,10
DA:227,71
DA:228,2
DA:231,71
DA:232,2
DA:235,71
DA:236,202
DA:239,71
DA:240,12
DA:244,12
DA:248,12
DA:251,12
DA:254,12
DA:255,11
DA:260,71
DA:261,432
DA:264,71
DA:266,71
DA:270,59
LF:86
LH:86
BRDA:54,1,0,62
BRDA:54,1,1,9
BRDA:90,2,0,58
BRDA:90,2,1,13
BRDA:99,3,0,3
BRDA:99,3,1,68
BRDA:99,4,0,71
BRDA:99,4,1,12
BRDA:99,4,2,4
BRDA:120,5,0,56
BRDA:120,5,1,98
BRDA:121,6,0,154
BRDA:121,6,1,0
BRDA:150,7,0,15
BRDA:150,7,1,151
BRDA:157,8,0,71
BRDA:157,8,1,68
BRDA:170,9,0,150
BRDA:170,9,1,104
BRDA:178,10,0,85
BRDA:178,10,1,65
BRDA:178,11,0,150
BRDA:178,11,1,105
BRDA:187,12,0,65
BRDA:187,12,1,52
BRDA:195,13,0,1
BRDA:195,13,1,1
BRDA:254,14,0,11
BRDA:254,14,1,1
BRF:29
BRH:28
end_of_record
TN:
SF:./src/utilities/rxPager/scripts/rxPager.js
FN:1,(anonymous_1)
FN:18,rxPagerFilter
FN:19,(anonymous_3)
FNF:3
FNH:3
FNDA:1,(anonymous_1)
FNDA:22,rxPagerFilter
FNDA:123,(anonymous_3)
DA:1,1
DA:2,1
DA:18,1
DA:19,22
DA:20,123
DA:21,0
DA:24,123
DA:31,123
DA:33,123
DA:38,123
DA:40,509
DA:44,123
LF:12
LH:11
BRDA:20,1,0,0
BRDA:20,1,1,123
BRDA:26,2,0,123
BRDA:26,2,1,6
BRDA:31,3,0,123
BRDA:31,3,1,0
BRDA:31,4,0,123
BRDA:31,4,1,123
BRF:8
BRH:6
end_of_record
TN:
SF:./src/utilities/rxPaginate/scripts/PaginatedItemsSummary.js
FN:15,(anonymous_1)
FN:16,(anonymous_2)
FNF:2
FNH:2
FNDA:23,(anonymous_1)
FNDA:113,(anonymous_2)
DA:1,1
DA:16,23
DA:17,113
DA:18,113
DA:19,6
DA:21,113
DA:22,113
LF:7
LH:7
BRDA:18,1,0,6
BRDA:18,1,1,107
BRDA:18,2,0,113
BRDA:18,2,1,112
BRF:4
BRH:4
end_of_record
TN:
SF:./src/utilities/rxPaginate/scripts/rxPaginate.js
FN:1,(anonymous_1)
FN:19,rxPaginateFilter
FN:20,(anonymous_3)
FNF:3
FNH:3
FNDA:1,(anonymous_1)
FNDA:4,rxPaginateFilter
FNDA:8,(anonymous_3)
DA:1,1
DA:2,1
DA:19,1
DA:20,4
DA:21,8
DA:22,0
DA:24,8
DA:25,0
DA:26,0
DA:28,8
DA:30,8
DA:37,8
DA:38,3
DA:39,2
DA:42,8
DA:43,8
LF:16
LH:13
BRDA:21,1,0,0
BRDA:21,1,1,8
BRDA:24,2,0,0
BRDA:24,2,1,8
BRDA:28,3,0,8
BRDA:28,3,1,0
BRDA:37,4,0,3
BRDA:37,4,1,5
BRDA:38,5,0,2
BRDA:38,5,1,1
BRF:10
BRH:7
end_of_record
TN:
SF:./src/utilities/rxPaginateUtils/scripts/rxPaginateUtils.js
FN:8,(anonymous_1)
FN:11,(anonymous_2)
FN:28,(anonymous_3)
FNF:3
FNH:3
FNDA:74,(anonymous_1)
FNDA:126,(anonymous_2)
FNDA:8,(anonymous_3)
DA:1,1
DA:9,74
DA:11,74
DA:12,126
DA:13,126
DA:14,126
DA:16,126
DA:28,74
DA:29,8
DA:30,8
DA:32,8
DA:38,74
LF:12
LH:12
BRDA:14,1,0,16
BRDA:14,1,1,110
BRF:2
BRH:2
end_of_record
TN:
SF:./src/utilities/rxPermission/scripts/rxPermission.js
FN:14,(anonymous_1)
FN:22,(anonymous_2)
FN:23,(anonymous_3)
FNF:3
FNH:3
FNDA:4,(anonymous_1)
FNDA:16,(anonymous_2)
FNDA:104,(anonymous_3)
DA:1,1
DA:15,4
DA:23,16
DA:24,104
LF:4
LH:4
BRF:0
BRH:0
end_of_record
TN:
SF:./src/utilities/rxPosition/scripts/rxPosition.js
FN:9,(anonymous_1)
FN:41,(anonymous_2)
FN:53,(anonymous_3)
FN:65,(anonymous_4)
FN:70,isStaticPositioned
FN:89,(anonymous_6)
FN:125,(anonymous_7)
FN:154,(anonymous_8)
FN:175,(anonymous_9)
FN:223,(anonymous_10)
FN:267,(anonymous_11)
FN:302,(anonymous_12)
FN:372,(anonymous_13)
FN:437,(anonymous_14)
FN:569,(anonymous_15)
FN:585,(anonymous_16)
FNF:16
FNH:14
FNDA:184,(anonymous_1)
FNDA:286,(anonymous_2)
FNDA:48,(anonymous_3)
FNDA:70,(anonymous_4)
FNDA:9,isStaticPositioned
FNDA:0,(anonymous_6)
FNDA:0,(anonymous_7)
FNDA:2,(anonymous_8)
FNDA:10,(anonymous_9)
FNDA:70,(anonymous_10)
FNDA:73,(anonymous_11)
FNDA:5,(anonymous_12)
FNDA:134,(anonymous_13)
FNDA:21,(anonymous_14)
FNDA:13,(anonymous_15)
FNDA:12,(anonymous_16)
DA:2,1
DA:14,184
DA:19,184
DA:20,184
DA:24,184
DA:30,184
DA:32,184
DA:42,286
DA:54,48
DA:55,48
DA:66,70
DA:68,70
DA:70,1
DA:71,9
DA:74,70
DA:75,8
DA:78,70
DA:90,0
DA:91,0
DA:92,0
DA:93,0
DA:94,0
DA:95,0
DA:96,0
DA:98,0
DA:101,0
DA:102,0
DA:103,0
DA:104,0
DA:105,0
DA:106,0
DA:108,0
DA:126,0
DA:128,0
DA:129,0
DA:130,0
DA:131,0
DA:132,0
DA:134,0
DA:155,2
DA:157,2
DA:158,2
DA:159,2
DA:176,10
DA:178,10
DA:179,10
DA:180,10
DA:181,10
DA:182,0
DA:184,10
DA:185,10
DA:187,10
DA:188,0
DA:191,10
DA:192,16
DA:193,16
DA:194,1
DA:197,16
DA:198,9
DA:200,7
DA:203,10
DA:224,70
DA:226,70
DA:227,70
DA:228,0
DA:229,0
DA:230,0
DA:232,70
DA:233,70
DA:237,70
DA:238,1
DA:239,1
DA:240,1
DA:243,70
DA:268,73
DA:270,73
DA:271,73
DA:303,5
DA:304,5
DA:306,5
DA:307,5
DA:311,5
DA:312,5
DA:314,5
DA:315,5
DA:316,5
DA:317,0
DA:318,0
DA:320,5
DA:321,5
DA:323,5
DA:324,4
DA:325,4
DA:326,4
DA:327,4
DA:328,4
DA:331,5
DA:373,134
DA:374,134
DA:375,8
DA:378,134
DA:380,134
DA:381,134
DA:382,0
DA:385,134
DA:386,134
DA:387,0
DA:390,134
DA:391,8
DA:393,126
DA:396,134
DA:438,21
DA:439,21
DA:442,21
DA:444,21
DA:447,21
DA:449,21
DA:450,21
DA:454,21
DA:455,8
DA:457,8
DA:458,8
DA:465,8
DA:475,8
DA:489,8
DA:490,4
DA:491,2
DA:492,2
DA:494,1
DA:495,1
DA:497,1
DA:500,2
DA:501,2
DA:504,1
DA:505,1
DA:507,1
DA:513,21
DA:515,15
DA:516,15
DA:518,1
DA:519,1
DA:521,3
DA:522,3
DA:524,2
DA:525,2
DA:528,21
DA:530,2
DA:531,2
DA:533,2
DA:534,2
DA:536,2
DA:537,2
DA:539,3
DA:540,3
DA:542,12
DA:543,11
DA:545,1
DA:547,12
DA:550,21
DA:551,21
DA:552,21
DA:554,21
DA:570,13
DA:571,0
DA:586,12
DA:588,12
DA:589,12
DA:590,12
DA:593,0
DA:595,0
DA:596,0
DA:597,0
DA:600,0
DA:607,0
DA:608,0
DA:610,0
DA:611,0
DA:614,0
DA:615,0
DA:617,0
DA:618,0
DA:619,0
DA:621,0
DA:623,0
DA:624,0
DA:626,0
DA:628,0
DA:629,0
DA:631,0
DA:632,0
DA:634,0
DA:635,0
DA:637,0
DA:638,0
DA:641,0
DA:643,0
LF:196
LH:136
BRDA:42,1,0,169
BRDA:42,1,1,117
BRDA:42,2,0,117
BRDA:42,2,1,8
BRDA:55,3,0,48
BRDA:55,3,1,0
BRDA:68,4,0,70
BRDA:68,4,1,61
BRDA:71,5,0,9
BRDA:71,5,1,0
BRDA:74,6,0,78
BRDA:74,6,1,70
BRDA:74,6,2,9
BRDA:78,7,0,70
BRDA:78,7,1,8
BRDA:90,8,0,0
BRDA:90,8,1,0
BRDA:91,9,0,0
BRDA:91,9,1,0
BRDA:95,10,0,0
BRDA:95,10,1,0
BRDA:101,11,0,0
BRDA:101,11,1,0
BRDA:105,12,0,0
BRDA:105,12,1,0
BRDA:157,13,0,0
BRDA:157,13,1,2
BRDA:178,14,0,1
BRDA:178,14,1,9
BRDA:181,15,0,0
BRDA:181,15,1,10
BRDA:181,16,0,10
BRDA:181,16,1,0
BRDA:185,17,0,10
BRDA:185,17,1,0
BRDA:187,18,0,0
BRDA:187,18,1,10
BRDA:187,19,0,10
BRDA:187,19,1,10
BRDA:191,20,0,17
BRDA:191,20,1,16
BRDA:193,21,0,1
BRDA:193,21,1,15
BRDA:193,22,0,16
BRDA:193,22,1,2
BRDA:197,23,0,9
BRDA:197,23,1,7
BRDA:197,24,0,16
BRDA:197,24,1,15
BRDA:227,25,0,0
BRDA:227,25,1,70
BRDA:237,26,0,1
BRDA:237,26,1,69
BRDA:244,27,0,70
BRDA:244,27,1,0
[...]
FN:161,(anonymous_15)
FN:181,(anonymous_16)
FN:214,toggleTooltipBind
FN:223,showTooltipBind
FN:242,hideTooltipBind
FN:255,show
FN:267,(anonymous_21)
FN:274,cancelShow
FN:287,hide
FN:293,(anonymous_24)
FN:312,cancelHide
FN:324,createTooltip
FN:331,(anonymous_27)
FN:346,removeTooltip
FN:373,prepareTooltip
FN:393,assignIsOpen
FN:399,(anonymous_31)
FN:406,(anonymous_32)
FN:417,(anonymous_33)
FN:424,prepObservers
FN:429,(anonymous_35)
FN:438,(anonymous_36)
FN:441,(anonymous_37)
FN:452,(anonymous_38)
FN:464,(anonymous_39)
FN:473,(anonymous_40)
FN:482,unregisterObservers
FN:484,(anonymous_42)
FN:492,bodyHideTooltipBind
FN:503,hideOnEscapeKey
FN:509,(anonymous_45)
FN:510,(anonymous_46)
FN:519,(anonymous_47)
FN:528,prepTriggers
FN:534,(anonymous_49)
FN:547,(anonymous_50)
FN:578,onDestroyTooltip
FNF:51
FNH:46
FNDA:1106,(anonymous_1)
FNDA:9,(anonymous_2)
FNDA:0,setTriggers
FNDA:92,snakeCase
FNDA:108,(anonymous_5)
FNDA:76,(anonymous_6)
FNDA:76,(anonymous_7)
FNDA:2,keypressListener
FNDA:92,$rxTooltip
FNDA:202,getTriggers
FNDA:202,(anonymous_11)
FNDA:100,(anonymous_12)
FNDA:101,link
FNDA:99,(anonymous_14)
FNDA:13,(anonymous_15)
FNDA:13,(anonymous_16)
FNDA:4,toggleTooltipBind
FNDA:63,showTooltipBind
FNDA:28,hideTooltipBind
FNDA:57,show
FNDA:52,(anonymous_21)
FNDA:214,cancelShow
FNDA:34,hide
FNDA:34,(anonymous_24)
FNDA:244,cancelHide
FNDA:52,createTooltip
FNDA:51,(anonymous_27)
FNDA:125,removeTooltip
FNDA:62,prepareTooltip
FNDA:86,assignIsOpen
FNDA:33,(anonymous_31)
FNDA:17,(anonymous_32)
FNDA:8,(anonymous_33)
FNDA:51,prepObservers
FNDA:2,(anonymous_35)
FNDA:28,(anonymous_36)
FNDA:16,(anonymous_37)
FNDA:35,(anonymous_38)
FNDA:0,(anonymous_39)
FNDA:7,(anonymous_40)
FNDA:125,unregisterObservers
FNDA:162,(anonymous_42)
FNDA:0,bodyHideTooltipBind
FNDA:0,hideOnEscapeKey
FNDA:202,(anonymous_45)
FNDA:202,(anonymous_46)
FNDA:202,(anonymous_47)
FNDA:101,prepTriggers
FNDA:0,(anonymous_49)
FNDA:101,(anonymous_50)
FNDA:101,onDestroyTooltip
DA:1,1
DA:11,1106
DA:21,1106
DA:29,1106
DA:40,1106
DA:41,9
DA:49,1106
DA:50,0
DA:56,1
DA:57,92
DA:58,92
DA:59,92
DA:60,108
DA:68,1106
DA:70,76
DA:71,76
DA:73,76
DA:74,76
DA:77,1
DA:78,2
DA:79,2
DA:80,2
DA:81,2
DA:82,2
DA:87,76
DA:88,92
DA:104,1
DA:105,202
DA:106,202
DA:107,202
DA:109,202
DA:115,92
DA:117,92
DA:118,92
DA:119,92
DA:133,92
DA:135,100
DA:137,100
DA:138,101
DA:139,101
DA:140,101
DA:141,101
DA:142,101
DA:143,101
DA:144,101
DA:145,101
DA:146,101
DA:147,101
DA:148,101
DA:149,101
DA:150,101
DA:152,101
DA:153,101
DA:154,101
DA:156,101
DA:158,99
DA:160,99
DA:161,53
DA:162,13
DA:164,13
DA:166,13
DA:168,13
DA:169,13
DA:171,13
DA:172,1
DA:173,1
DA:176,13
DA:177,1
DA:178,1
DA:181,13
DA:182,13
DA:184,13
DA:186,13
DA:187,0
DA:189,13
DA:195,13
DA:196,12
DA:197,12
DA:198,1
DA:199,0
DA:201,13
DA:202,13
DA:208,101
DA:212,101
DA:214,1
DA:215,4
DA:216,2
DA:218,2
DA:223,1
DA:224,63
DA:225,1
DA:228,62
DA:229,62
DA:231,62
DA:234,9
DA:235,8
DA:238,53
DA:242,1
DA:243,28
DA:245,28
DA:246,3
DA:247,3
DA:250,25
DA:255,1
DA:256,57
DA:257,57
DA:260,57
DA:261,5
DA:264,52
DA:267,52
DA:268,52
DA:269,52
DA:270,52
DA:274,1
DA:275,214
DA:276,8
DA:277,8
DA:280,214
DA:281,40
DA:282,40
DA:287,1
DA:288,34
DA:289,0
DA:293,34
DA:294,34
DA:295,34
DA:296,34
DA:301,34
DA:302,28
DA:303,27
DA:306,6
DA:312,1
DA:313,244
DA:314,3
DA:315,3
DA:318,244
DA:319,27
DA:320,27
DA:324,1
DA:326,52
DA:327,1
DA:330,51
DA:331,51
DA:332,51
DA:333,2
DA:335,49
DA:339,51
DA:343,51
DA:346,1
DA:347,125
DA:348,125
DA:349,125
DA:351,125
DA:352,51
DA:354,51
DA:355,51
DA:356,0
DA:360,125
DA:362,125
DA:363,51
DA:364,51
DA:373,1
DA:374,62
DA:375,62
DA:376,11
DA:378,51
DA:381,62
DA:382,62
DA:384,62
DA:385,62
DA:387,62
DA:388,62
DA:389,62
DA:390,62
DA:393,1
DA:394,86
DA:395,6
DA:399,101
DA:400,33
DA:406,101
DA:407,17
DA:408,4
DA:411,17
DA:412,2
DA:416,101
DA:417,4
DA:418,8
DA:419,4
DA:424,1
DA:425,51
DA:427,51
DA:428,9
DA:430,2
DA:431,2
DA:432,1
DA:437,9
DA:439,28
DA:440,16
DA:441,16
DA:442,16
DA:443,16
DA:444,11
DA:451,42
DA:453,35
DA:454,35
DA:455,1
DA:457,34
DA:463,51
DA:465,0
DA:466,0
DA:467,0
DA:472,51
DA:474,7
DA:475,7
DA:476,2
DA:482,1
DA:483,125
DA:484,51
DA:485,162
DA:487,51
DA:492,1
DA:493,0
DA:494,0
DA:497,0
DA:498,0
DA:503,1
DA:504,0
DA:505,0
DA:509,101
DA:510,202
DA:511,202
DA:512,0
DA:514,202
DA:515,202
DA:517,202
DA:519,202
DA:520,202
DA:521,0
DA:523,202
DA:528,1
DA:529,101
DA:530,101
DA:531,101
DA:533,101
DA:534,0
DA:535,0
DA:536,0
DA:538,0
DA:543,101
DA:546,101
DA:547,101
DA:548,101
DA:549,0
DA:550,0
DA:551,101
DA:552,0
DA:553,101
DA:554,101
DA:555,101
DA:557,101
DA:562,101
DA:564,101
DA:565,101
DA:567,101
DA:568,101
DA:569,101
DA:570,0
DA:572,101
DA:575,101
DA:578,101
DA:579,101
DA:580,101
DA:581,101
LF:273
LH:249
BRDA:60,1,0,108
BRDA:60,1,1,0
BRDA:78,2,0,2
BRDA:78,2,1,0
BRDA:80,3,0,2
BRDA:80,3,1,0
BRDA:105,4,0,202
BRDA:105,4,1,202
BRDA:105,4,2,202
BRDA:107,5,0,202
BRDA:107,5,1,0
BRDA:122,6,0,16
BRDA:122,6,1,76
BRDA:145,7,0,3
BRDA:145,7,1,98
BRDA:150,8,0,4
BRDA:150,8,1,97
BRDA:152,9,0,16
BRDA:152,9,1,85
BRDA:158,10,0,0
BRDA:158,10,1,99
BRDA:158,11,0,99
BRDA:158,11,1,99
BRDA:160,12,0,53
BRDA:160,12,1,46
BRDA:164,13,0,0
BRDA:164,13,1,13
BRDA:166,14,0,0
BRDA:166,14,1,13
BRDA:171,15,0,1
BRDA:171,15,1,12
BRDA:176,16,0,1
BRDA:176,16,1,12
BRDA:182,17,0,0
BRDA:182,17,1,13
BRDA:186,18,0,0
BRDA:186,18,1,13
BRDA:195,19,0,12
BRDA:195,19,1,1
BRDA:198,20,0,0
BRDA:198,20,1,1
BRDA:215,21,0,2
BRDA:215,21,1,2
BRDA:224,22,0,1
BRDA:224,22,1,62
BRDA:224,23,0,63
BRDA:224,23,1,2
BRDA:231,24,0,9
BRDA:231,24,1,53
BRDA:234,25,0,8
BRDA:234,25,1,1
BRDA:245,26,0,3
BRDA:245,26,1,25
BRDA:246,27,0,3
BRDA:246,27,1,0
BRDA:260,28,0,5
BRDA:260,28,1,52
BRDA:275,29,0,8
BRDA:275,29,1,206
BRDA:280,30,0,40
BRDA:280,30,1,174
BRDA:288,31,0,0
BRDA:288,31,1,34
BRDA:294,32,0,34
BRDA:294,32,1,0
BRDA:301,33,0,28
BRDA:301,33,1,6
BRDA:302,34,0,27
BRDA:302,34,1,1
BRDA:313,35,0,3
BRDA:313,35,1,241
BRDA:318,36,0,27
BRDA:318,36,1,217
BRDA:326,37,0,1
BRDA:326,37,1,51
BRDA:332,38,0,2
BRDA:332,38,1,49
BRDA:351,39,0,51
BRDA:351,39,1,74
BRDA:355,40,0,0
BRDA:355,40,1,51
BRDA:362,41,0,51
BRDA:362,41,1,74
BRDA:375,42,0,11
BRDA:375,42,1,51
BRDA:382,43,0,7
BRDA:382,43,1,55
BRDA:385,44,0,62
BRDA:385,44,1,0
BRDA:389,45,0,8
BRDA:389,45,1,54
BRDA:390,46,0,4
BRDA:390,46,1,58
BRDA:394,47,0,6
BRDA:394,47,1,80
BRDA:394,48,0,86
BRDA:394,48,1,8
BRDA:407,49,0,4
BRDA:407,49,1,13
BRDA:411,50,0,2
BRDA:411,50,1,15
BRDA:411,51,0,17
BRDA:411,51,1,4
BRDA:416,52,0,4
BRDA:416,52,1,97
BRDA:418,53,0,4
BRDA:418,53,1,4
BRDA:418,54,0,8
BRDA:418,54,1,8
BRDA:427,55,0,9
BRDA:427,55,1,42
BRDA:431,56,0,1
BRDA:431,56,1,1
BRDA:431,57,0,2
BRDA:431,57,1,1
BRDA:439,58,0,16
BRDA:439,58,1,12
BRDA:443,59,0,11
BRDA:443,59,1,5
BRDA:443,60,0,16
BRDA:443,60,1,16
BRDA:454,61,0,1
BRDA:454,61,1,34
BRDA:454,62,0,35
BRDA:454,62,1,1
BRDA:466,63,0,0
BRDA:466,63,1,0
BRDA:474,64,0,7
BRDA:474,64,1,0
BRDA:475,65,0,2
BRDA:475,65,1,5
BRDA:483,66,0,51
BRDA:483,66,1,74
BRDA:493,67,0,0
BRDA:493,67,1,0
BRDA:493,68,0,0
BRDA:493,68,1,0
BRDA:493,68,2,0
BRDA:497,69,0,0
BRDA:497,69,1,0
BRDA:497,70,0,0
BRDA:497,70,1,0
BRDA:504,71,0,0
BRDA:504,71,1,0
BRDA:511,72,0,0
BRDA:511,72,1,202
BRDA:520,73,0,0
BRDA:520,73,1,202
BRDA:533,74,0,0
BRDA:533,74,1,101
BRDA:546,75,0,101
BRDA:546,75,1,0
BRDA:548,76,0,0
BRDA:548,76,1,101
BRDA:551,77,0,0
BRDA:551,77,1,101
BRDA:553,78,0,101
BRDA:553,78,1,0
BRDA:565,79,0,31
BRDA:565,79,1,70
BRDA:569,80,0,0
BRDA:569,80,1,101
BRDA:569,81,0,101
BRDA:569,81,1,2
BRDA:575,82,0,1
BRDA:575,82,1,100
BRF:166
BRH:129
end_of_record
TN:
SF:./src/utilities/rxTypeahead/scripts/rxTypeaheadController.js
FN:4,(anonymous_1)
FN:21,(anonymous_2)
FN:30,(anonymous_3)
FN:39,(anonymous_4)
FN:79,(anonymous_5)
FN:103,(anonymous_6)
FN:171,(anonymous_7)
FN:177,(anonymous_8)
FN:184,(anonymous_9)
FN:190,(anonymous_10)
FN:198,(anonymous_11)
FN:206,(anonymous_12)
FN:212,(anonymous_13)
FN:245,(anonymous_14)
FN:272,(anonymous_15)
FN:287,(anonymous_16)
FN:299,fireRecalculating
FN:310,recalculatePosition
FN:321,(anonymous_19)
FN:322,(anonymous_20)
FN:327,(anonymous_21)
FN:335,(anonymous_22)
FN:339,(anonymous_23)
FN:362,(anonymous_24)
FN:369,(anonymous_25)
FN:415,(anonymous_26)
FN:417,(anonymous_27)
FN:429,(anonymous_28)
FN:432,(anonymous_29)
FN:438,(anonymous_30)
FN:441,(anonymous_31)
FN:443,(anonymous_32)
FN:453,(anonymous_33)
FN:465,(anonymous_34)
FN:478,(anonymous_35)
FN:507,(anonymous_36)
FN:516,(anonymous_37)
FN:546,(anonymous_38)
FN:574,extractOptions
FN:582,(anonymous_40)
FNF:40
FNH:30
FNDA:88,(anonymous_1)
FNDA:87,(anonymous_2)
FNDA:87,(anonymous_3)
FNDA:27,(anonymous_4)
FNDA:16,(anonymous_5)
FNDA:87,(anonymous_6)
FNDA:124,(anonymous_7)
FNDA:124,(anonymous_8)
FNDA:125,(anonymous_9)
FNDA:158,(anonymous_10)
FNDA:3,(anonymous_11)
FNDA:58,(anonymous_12)
FNDA:57,(anonymous_13)
FNDA:0,(anonymous_14)
FNDA:1,(anonymous_15)
FNDA:0,(anonymous_16)
FNDA:0,fireRecalculating
FNDA:43,recalculatePosition
FNDA:6,(anonymous_19)
FNDA:4,(anonymous_20)
FNDA:12,(anonymous_21)
FNDA:1034,(anonymous_22)
FNDA:16,(anonymous_23)
FNDA:0,(anonymous_24)
FNDA:28,(anonymous_25)
FNDA:10,(anonymous_26)
FNDA:0,(anonymous_27)
FNDA:0,(anonymous_28)
FNDA:0,(anonymous_29)
FNDA:4,(anonymous_30)
FNDA:1,(anonymous_31)
FNDA:0,(anonymous_32)
FNDA:0,(anonymous_33)
FNDA:4,(anonymous_34)
FNDA:87,(anonymous_35)
FNDA:87,(anonymous_36)
FNDA:66,(anonymous_37)
FNDA:106,(anonymous_38)
FNDA:87,extractOptions
FNDA:0,(anonymous_40)
DA:2,1
DA:7,88
DA:8,88
DA:9,88
DA:10,88
DA:11,88
DA:12,88
DA:16,88
DA:17,88
DA:18,84
DA:21,88
DA:22,87
DA:26,88
DA:29,88
DA:30,88
DA:31,87
DA:35,88
DA:38,88
DA:40,27
DA:41,27
DA:45,88
DA:48,88
DA:52,88
DA:54,88
DA:56,88
DA:58,88
DA:61,88
DA:63,88
DA:66,88
DA:70,88
DA:72,88
DA:77,88
DA:78,88
DA:79,88
DA:80,16
DA:82,1
DA:87,15
DA:91,88
DA:93,87
DA:98,87
DA:102,87
DA:103,87
DA:104,87
DA:106,87
DA:109,87
DA:110,87
DA:116,87
DA:118,87
DA:119,0
DA:120,0
DA:121,0
DA:122,0
DA:123,0
DA:124,0
DA:125,0
DA:126,0
DA:136,0
DA:142,0
DA:143,0
DA:145,0
DA:146,0
DA:150,87
DA:151,87
DA:163,87
DA:164,2
DA:167,87
DA:168,1
DA:171,87
DA:172,124
DA:173,0
DA:177,87
DA:178,124
DA:179,124
DA:180,124
DA:181,124
DA:184,87
DA:185,125
DA:190,87
DA:191,158
DA:192,106
DA:194,52
DA:198,87
DA:199,3
DA:200,3
DA:203,0
DA:206,87
DA:207,58
DA:210,58
DA:211,58
DA:212,58
DA:215,57
DA:216,57
DA:217,54
DA:218,43
DA:219,43
DA:220,43
DA:223,43
DA:224,73
DA:225,73
DA:232,43
DA:238,43
DA:240,43
DA:243,43
DA:244,2
DA:245,0
DA:246,0
DA:250,2
DA:254,43
DA:255,0
DA:256,0
DA:259,0
DA:261,0
DA:265,11
DA:266,11
DA:269,57
DA:270,56
DA:273,1
DA:274,1
DA:275,1
DA:280,87
DA:281,3
DA:282,3
DA:287,87
DA:289,0
DA:290,0
DA:293,0
DA:297,87
DA:299,1
DA:300,0
DA:301,0
DA:302,0
DA:305,0
DA:310,1
DA:311,43
DA:312,43
DA:316,87
DA:319,87
DA:321,87
DA:322,6
DA:323,4
DA:327,87
DA:328,12
DA:329,3
DA:333,87
DA:335,87
DA:336,1034
DA:339,87
DA:341,16
DA:342,16
DA:344,16
DA:345,16
DA:346,16
DA:347,16
DA:348,16
DA:349,16
DA:351,16
DA:357,16
DA:361,16
DA:362,15
DA:363,0
DA:369,87
DA:371,28
DA:372,1
DA:375,27
DA:385,27
DA:386,1
DA:387,1
DA:388,1
DA:392,26
DA:393,26
DA:394,26
DA:396,1
DA:398,1
DA:399,1
DA:400,1
DA:402,7
DA:403,7
DA:404,7
DA:405,7
DA:406,7
DA:408,8
DA:409,8
DA:410,8
DA:411,8
DA:412,8
DA:414,10
DA:415,10
DA:416,10
DA:417,0
DA:418,0
DA:422,10
DA:429,87
DA:430,0
DA:431,0
DA:432,0
DA:433,0
DA:438,87
DA:439,4
DA:440,1
DA:441,1
DA:442,1
DA:443,0
DA:444,0
DA:447,1
DA:451,4
DA:452,0
DA:453,0
DA:455,0
DA:456,0
DA:458,0
DA:460,4
DA:461,4
DA:465,87
DA:468,4
DA:469,1
DA:470,1
DA:471,1
DA:476,87
DA:478,87
DA:479,87
DA:480,87
DA:481,3
DA:484,87
DA:485,3
DA:486,3
DA:489,87
DA:491,87
DA:492,0
DA:496,87
DA:497,87
DA:498,3
DA:499,84
DA:500,0
DA:501,84
DA:502,1
DA:504,83
DA:507,87
DA:508,87
DA:509,87
DA:511,87
DA:516,87
DA:517,66
DA:519,66
DA:520,60
DA:521,6
DA:522,6
DA:524,54
DA:527,6
DA:528,6
DA:529,6
DA:532,66
DA:533,54
DA:536,12
DA:538,1
DA:539,1
DA:542,11
DA:543,11
DA:546,87
DA:547,106
DA:548,106
DA:553,106
DA:554,15
DA:557,106
DA:558,1
DA:559,1
DA:565,105
DA:566,105
DA:567,105
DA:568,105
DA:570,105
DA:574,1
DA:575,87
DA:577,87
DA:579,0
DA:582,0
DA:583,0
DA:586,87
DA:589,87
LF:278
LH:231
BRDA:17,1,0,84
BRDA:17,1,1,4
BRDA:17,2,0,88
BRDA:17,2,1,85
BRDA:22,3,0,83
BRDA:22,3,1,4
BRDA:22,4,0,87
BRDA:22,4,1,84
BRDA:26,5,0,88
BRDA:26,5,1,84
BRDA:35,6,0,88
BRDA:35,6,1,85
BRDA:38,7,0,0
BRDA:38,7,1,88
BRDA:41,8,0,27
BRDA:41,8,1,17
BRDA:48,9,0,1
BRDA:48,9,1,87
BRDA:52,10,0,88
BRDA:52,10,1,86
BRDA:54,11,0,1
BRDA:54,11,1,87
BRDA:56,12,0,4
BRDA:56,12,1,84
BRDA:58,13,0,0
BRDA:58,13,1,88
BRDA:61,14,0,88
BRDA:61,14,1,87
BRDA:66,15,0,3
BRDA:66,15,1,85
BRDA:70,16,0,88
BRDA:70,16,1,88
BRDA:72,17,0,88
BRDA:72,17,1,88
BRDA:80,18,0,1
BRDA:80,18,1,15
BRDA:80,19,0,16
BRDA:80,19,1,1
BRDA:118,20,0,0
BRDA:118,20,1,87
BRDA:142,21,0,0
BRDA:142,21,1,0
BRDA:163,22,0,2
BRDA:163,22,1,85
BRDA:167,23,0,1
BRDA:167,23,1,86
BRDA:172,24,0,0
BRDA:172,24,1,124
BRDA:191,25,0,106
BRDA:191,25,1,52
BRDA:199,26,0,3
BRDA:199,26,1,0
BRDA:199,27,0,3
BRDA:199,27,1,3
BRDA:216,28,0,54
BRDA:216,28,1,3
BRDA:216,29,0,57
BRDA:216,29,1,56
BRDA:217,30,0,43
BRDA:217,30,1,11
BRDA:217,31,0,54
BRDA:217,31,1,53
BRDA:218,32,0,38
BRDA:218,32,1,5
BRDA:243,33,0,2
BRDA:243,33,1,41
BRDA:243,34,0,43
BRDA:243,34,1,3
BRDA:243,34,2,3
BRDA:244,35,0,0
BRDA:244,35,1,2
BRDA:244,36,0,2
BRDA:244,36,1,2
BRDA:247,37,0,0
BRDA:247,37,1,0
BRDA:254,38,0,0
BRDA:254,38,1,43
BRDA:256,39,0,0
BRDA:256,39,1,0
BRDA:256,40,0,0
BRDA:256,40,1,0
BRDA:256,40,2,0
BRDA:269,41,0,56
BRDA:269,41,1,1
BRDA:280,42,0,3
BRDA:280,42,1,84
BRDA:289,43,0,0
BRDA:289,43,1,0
BRDA:300,44,0,0
BRDA:300,44,1,0
BRDA:311,45,0,1
BRDA:311,45,1,42
BRDA:328,46,0,3
BRDA:328,46,1,9
BRDA:361,47,0,15
BRDA:361,47,1,1
BRDA:371,48,0,1
BRDA:371,48,1,27
BRDA:371,49,0,28
BRDA:371,49,1,27
BRDA:385,50,0,1
BRDA:385,50,1,26
BRDA:385,51,0,27
BRDA:385,51,1,4
BRDA:385,51,2,26
BRDA:385,51,3,1
BRDA:394,52,0,1
BRDA:394,52,1,7
BRDA:394,52,2,8
BRDA:394,52,3,10
BRDA:402,53,0,3
BRDA:402,53,1,4
BRDA:414,54,0,10
BRDA:414,54,1,0
BRDA:416,55,0,0
BRDA:416,55,1,10
BRDA:416,56,0,10
BRDA:416,56,1,10
BRDA:419,57,0,0
BRDA:419,57,1,0
BRDA:431,58,0,0
BRDA:431,58,1,0
BRDA:431,59,0,0
BRDA:431,59,1,0
BRDA:439,60,0,1
BRDA:439,60,1,3
BRDA:439,61,0,4
BRDA:439,61,1,1
BRDA:439,61,2,1
BRDA:439,61,3,1
BRDA:442,62,0,0
BRDA:442,62,1,1
BRDA:442,63,0,1
BRDA:442,63,1,0
BRDA:451,64,0,0
BRDA:451,64,1,4
BRDA:451,65,0,4
BRDA:451,65,1,0
BRDA:468,66,0,1
BRDA:468,66,1,3
BRDA:468,67,0,4
BRDA:468,67,1,3
BRDA:468,67,2,3
BRDA:470,68,0,1
BRDA:470,68,1,0
BRDA:480,69,0,3
BRDA:480,69,1,84
BRDA:480,70,0,87
BRDA:480,70,1,84
BRDA:484,71,0,3
BRDA:484,71,1,84
BRDA:491,72,0,0
BRDA:491,72,1,87
BRDA:497,73,0,3
BRDA:497,73,1,84
BRDA:499,74,0,0
BRDA:499,74,1,84
BRDA:501,75,0,1
BRDA:501,75,1,83
BRDA:519,76,0,60
BRDA:519,76,1,6
BRDA:519,77,0,66
BRDA:519,77,1,65
BRDA:519,77,2,62
BRDA:520,78,0,6
BRDA:520,78,1,54
BRDA:532,79,0,54
BRDA:532,79,1,12
BRDA:536,80,0,1
BRDA:536,80,1,11
BRDA:553,81,0,15
BRDA:553,81,1,91
BRDA:557,82,0,1
BRDA:557,82,1,105
BRDA:570,83,0,17
BRDA:570,83,1,88
BRDA:577,84,0,0
BRDA:577,84,1,87
BRDA:579,85,0,0
BRDA:579,85,1,0
BRF:180
BRH:142
end_of_record
TN:
SF:./src/utilities/rxTypeahead/scripts/rxTypeaheadHighlight.js
FN:8,(anonymous_1)
FN:12,escapeRegexp
FN:18,containsHtml
FN:22,(anonymous_4)
FNF:4
FNH:3
FNDA:47,(anonymous_1)
FNDA:135,escapeRegexp
FNDA:0,containsHtml
FNDA:162,(anonymous_4)
DA:1,1
DA:9,47
DA:10,47
DA:12,1
DA:15,135
DA:18,1
DA:19,0
DA:22,47
DA:23,162
DA:24,0
DA:27,162
DA:28,162
DA:29,162
DA:31,0
DA:33,162
LF:15
LH:12
BRDA:23,1,0,0
BRDA:23,1,1,162
BRDA:23,2,0,162
BRDA:23,2,1,0
BRDA:28,3,0,135
BRDA:28,3,1,27
BRDA:29,4,0,0
BRDA:29,4,1,162
BRF:8
BRH:5
end_of_record
TN:
SF:./src/utilities/rxTypeahead/scripts/rxTypeaheadMatch.js
FN:9,(anonymous_1)
FN:16,(anonymous_2)
FN:18,(anonymous_3)
FN:19,(anonymous_4)
FNF:4
FNH:4
FNDA:41,(anonymous_1)
FNDA:74,(anonymous_2)
FNDA:74,(anonymous_3)
FNDA:74,(anonymous_4)
DA:1,1
DA:10,41
DA:17,74
DA:18,74
DA:19,74
DA:20,74
LF:6
LH:6
BRDA:17,1,0,74
BRDA:17,1,1,70
BRF:2
BRH:2
end_of_record
TN:
SF:./src/utilities/rxTypeahead/scripts/rxTypeaheadParser.js
FN:8,(anonymous_1)
FN:11,(anonymous_2)
FNF:2
FNH:2
FNDA:87,(anonymous_1)
FNDA:92,(anonymous_2)
DA:1,1
DA:9,87
DA:10,87
DA:12,92
DA:13,92
DA:14,1
DA:19,91
LF:7
LH:7
BRDA:13,1,0,1
BRDA:13,1,1,91
BRDA:22,2,0,91
BRDA:22,2,1,55
BRF:4
BRH:4
end_of_record
TN:
SF:./src/utilities/rxTypeahead/scripts/rxTypeaheadPopup.js
FN:17,(anonymous_1)
FN:30,(anonymous_2)
FN:33,(anonymous_3)
FN:36,(anonymous_4)
FN:44,(anonymous_5)
FN:48,(anonymous_6)
FN:52,(anonymous_7)
FN:55,(anonymous_8)
FNF:8
FNH:7
FNDA:85,(anonymous_1)
FNDA:90,(anonymous_2)
FNDA:90,(anonymous_3)
FNDA:1058,(anonymous_4)
FNDA:372,(anonymous_5)
FNDA:2,(anonymous_6)
FNDA:4,(anonymous_7)
FNDA:0,(anonymous_8)
DA:1,1
DA:18,85
DA:31,90
DA:34,90
DA:36,90
DA:37,1058
DA:38,1058
DA:41,1058
DA:44,90
DA:45,372
DA:48,90
DA:49,2
DA:52,90
DA:53,4
DA:54,4
DA:55,0
DA:56,0
DA:62,4
LF:18
LH:16
BRDA:31,1,0,90
BRDA:31,1,1,89
BRDA:54,2,0,0
BRDA:54,2,1,4
BRDA:54,3,0,4
BRDA:54,3,1,4
BRDA:60,4,0,0
BRDA:60,4,1,0
BRF:8
BRH:5
end_of_record
TN:
SF:./src/utilities/rxUnauthorizedInterceptor/scripts/rxUnauthorizedInterceptor.js
FN:21,(anonymous_1)
FN:23,(anonymous_2)
FN:31,(anonymous_3)
FN:35,(anonymous_4)
FNF:4
FNH:3
FNDA:7,(anonymous_1)
FNDA:0,(anonymous_2)
FNDA:6,(anonymous_3)
FNDA:6,(anonymous_4)
DA:1,1
DA:22,7
DA:29,0
DA:32,6
DA:33,6
DA:36,6
DA:37,5
DA:38,5
DA:41,6
DA:45,7
LF:10
LH:9
BRDA:32,1,0,1
BRDA:32,1,1,5
BRDA:36,2,0,5
BRDA:36,2,1,1
BRF:4
BRH:4
end_of_record
TN:
SF:./src/utilities/rxUnsafeRemoveHTML/scripts/rxUnsafeRemoveHTML.js
FN:15,(anonymous_1)
FN:16,(anonymous_2)
FNF:2
FNH:2
FNDA:10,(anonymous_1)
FNDA:10,(anonymous_2)
DA:1,1
DA:16,10
DA:18,10
DA:19,2
DA:22,10
DA:23,10
DA:24,10
LF:7
LH:7
BRDA:18,1,0,2
BRDA:18,1,1,8
BRDA:24,2,0,10
BRDA:24,2,1,2
BRDA:24,2,2,2
BRF:5
BRH:5
end_of_record
TN:
SF:./src/utilities/rxUrlUtils/scripts/rxUrlUtils.js
FN:9,(anonymous_1)
FN:12,(anonymous_2)
FN:20,(anonymous_3)
FN:28,(anonymous_4)
FN:37,(anonymous_5)
FN:57,(anonymous_6)
FN:65,(anonymous_7)
FN:79,(anonymous_8)
FN:102,(anonymous_9)
FN:122,(anonymous_10)
FN:127,(anonymous_11)
FNF:11
FNH:11
FNDA:100,(anonymous_1)
FNDA:386,(anonymous_2)
FNDA:3,(anonymous_3)
FNDA:790,(anonymous_4)
FNDA:114,(anonymous_5)
FNDA:115,(anonymous_6)
FNDA:343,(anonymous_7)
FNDA:341,(anonymous_8)
FNDA:336,(anonymous_9)
FNDA:677,(anonymous_10)
FNDA:121,(anonymous_11)
DA:1,1
DA:10,100
DA:12,100
DA:14,386
DA:16,386
DA:20,100
DA:22,3
DA:24,3
DA:28,100
DA:29,790
DA:30,79
DA:33,711
DA:37,100
DA:38,114
DA:39,114
DA:41,114
DA:42,1
DA:45,1
DA:48,114
DA:57,100
DA:58,115
DA:60,115
DA:65,100
DA:66,343
DA:67,79
DA:71,264
DA:72,264
DA:74,264
DA:79,100
DA:80,341
DA:81,341
DA:85,341
DA:86,341
DA:87,332
DA:92,341
DA:93,132
DA:96,341
DA:102,100
DA:104,336
DA:105,76
DA:109,260
DA:111,260
DA:113,238
DA:114,238
DA:117,260
DA:122,100
DA:123,677
DA:127,100
DA:128,121
DA:129,121
LF:50
LH:50
BRDA:29,1,0,79
BRDA:29,1,1,711
BRDA:41,2,0,1
BRDA:41,2,1,113
BRDA:66,3,0,79
BRDA:66,3,1,264
BRDA:86,4,0,332
BRDA:86,4,1,9
BRDA:92,5,0,132
BRDA:92,5,1,209
BRDA:92,6,0,341
BRDA:92,6,1,332
BRDA:104,7,0,76
BRDA:104,7,1,260
BRDA:111,8,0,238
BRDA:111,8,1,22
BRDA:113,9,0,238
BRDA:113,9,1,236
BRF:18
BRH:18
end_of_record
TN:
SF:./src/utilities/rxUtcOffsets/scripts/rxUtcOffsets.js
FNF:0
FNH:0
DA:1,1
LF:1
LH:1
BRF:0
BRH:0
end_of_record
TN:
SF:./src/utilities/rxVisibility/scripts/rxVisibility.js
FN:19,(anonymous_1)
FN:22,(anonymous_2)
FN:26,(anonymous_3)
FN:30,(anonymous_4)
FN:37,(anonymous_5)
FNF:5
FNH:5
FNDA:56,(anonymous_1)
FNDA:72,(anonymous_2)
FNDA:511,(anonymous_3)
FNDA:2,(anonymous_4)
FNDA:32,(anonymous_5)
DA:1,1
DA:20,56
DA:22,56
DA:23,72
DA:26,56
DA:27,511
DA:30,56
DA:31,2
DA:37,56
DA:38,32
DA:41,56
LF:11
LH:11
BRF:0
BRH:0
end_of_record
TN:
SF:./src/utilities/rxVisibilityPathParams/scripts/rxVisibilityPathParams.js
FN:19,(anonymous_1)
FN:22,(anonymous_2)
FNF:2
FNH:2
FNDA:32,(anonymous_1)
FNDA:2,(anonymous_2)
DA:1,1
DA:20,32
DA:23,2
DA:27,32
LF:4
LH:4
BRF:0
BRH:0
end_of_record
TN:
SF:./src/utilities/rxXor/scripts/rxXor.js
FN:1,(anonymous_1)
FN:16,rxXorFilter
FN:17,(anonymous_3)
FNF:3
FNH:2
FNDA:1,(anonymous_1)
FNDA:16,rxXorFilter
FNDA:0,(anonymous_3)
DA:1,1
DA:2,1
DA:16,1
DA:17,16
DA:18,0
LF:5
LH:4
BRF:0
BRH:0
end_of_record
