TN:
SF:./src/elements/ActionMenu/scripts/rxActionMenu.js
FN:17,(anonymous_1)
FN:25,(anonymous_2)
FN:31,(anonymous_3)
FN:36,(anonymous_4)
FN:42,(anonymous_5)
FN:48,(anonymous_6)
FN:50,(anonymous_7)
FNF:7
FNH:6
FNDA:6,(anonymous_1)
FNDA:7,(anonymous_2)
FNDA:7,(anonymous_3)
FNDA:0,(anonymous_4)
FNDA:9,(anonymous_5)
FNDA:13,(anonymous_6)
FNDA:3,(anonymous_7)
DA:1,1
DA:18,6
DA:26,7
DA:27,6
DA:29,7
DA:31,7
DA:32,7
DA:33,7
DA:36,7
DA:37,0
DA:38,0
DA:42,7
DA:43,9
DA:44,2
DA:48,7
DA:49,13
DA:50,3
LF:17
LH:15
BRDA:26,1,0,6
BRDA:26,1,1,1
BRDA:37,2,0,0
BRDA:37,2,1,0
BRDA:43,3,0,2
BRDA:43,3,1,7
BRDA:43,4,0,9
BRDA:43,4,1,8
BRDA:49,5,0,3
BRDA:49,5,1,10
BRDA:49,6,0,13
BRDA:49,6,1,12
BRDA:49,6,2,3
BRF:13
BRH:11
end_of_record
TN:
SF:./src/elements/Buttons/scripts/rxButton.js
FN:44,(anonymous_1)
FNF:1
FNH:1
FNDA:37,(anonymous_1)
DA:1,1
DA:45,37
LF:2
LH:2
BRF:0
BRH:0
end_of_record
TN:
SF:./src/elements/Collapse/scripts/rxCollapse.js
FN:35,(anonymous_1)
FN:43,(anonymous_2)
FN:46,(anonymous_3)
FNF:3
FNH:3
FNDA:6,(anonymous_1)
FNDA:18,(anonymous_2)
FNDA:2,(anonymous_3)
DA:1,1
DA:36,6
DA:44,18
DA:46,18
DA:47,2
LF:5
LH:5
BRDA:44,1,0,6
BRDA:44,1,1,12
BRF:2
BRH:2
end_of_record
TN:
SF:./src/elements/Copy/scripts/rxCopy.js
FN:25,(anonymous_1)
FN:31,(anonymous_2)
FN:36,(anonymous_3)
FN:41,(anonymous_4)
FN:46,(anonymous_5)
FN:62,(anonymous_6)
FN:69,(anonymous_7)
FNF:7
FNH:7
FNDA:5,(anonymous_1)
FNDA:5,(anonymous_2)
FNDA:5,(anonymous_3)
FNDA:1,(anonymous_4)
FNDA:3,(anonymous_5)
FNDA:5,(anonymous_6)
FNDA:4,(anonymous_7)
DA:1,1
DA:26,5
DA:33,5
DA:35,5
DA:37,5
DA:38,5
DA:42,1
DA:43,1
DA:47,3
DA:49,3
DA:50,1
DA:52,2
DA:57,5
DA:62,5
DA:63,5
DA:66,5
DA:69,5
DA:72,4
DA:74,4
DA:76,4
LF:20
LH:20
BRDA:49,1,0,1
BRDA:49,1,1,2
BRF:2
BRH:2
end_of_record
TN:
SF:./src/elements/Feedback/scripts/rxFeedback.js
FN:145,(anonymous_1)
FN:152,(anonymous_2)
FN:155,(anonymous_3)
FN:159,(anonymous_4)
FN:167,(anonymous_5)
FN:179,(anonymous_6)
FN:185,(anonymous_7)
FN:193,(anonymous_8)
FN:201,(anonymous_9)
FN:203,(anonymous_10)
FNF:10
FNH:10
FNDA:8,(anonymous_1)
FNDA:9,(anonymous_2)
FNDA:1,(anonymous_3)
FNDA:3,(anonymous_4)
FNDA:3,(anonymous_5)
FNDA:6,(anonymous_6)
FNDA:3,(anonymous_7)
FNDA:6,(anonymous_8)
FNDA:5,(anonymous_9)
FNDA:1,(anonymous_10)
DA:1,1
DA:146,8
DA:153,9
DA:155,9
DA:156,1
DA:159,9
DA:160,3
DA:162,3
DA:167,9
DA:168,3
DA:170,3
DA:171,1
DA:174,3
DA:179,9
DA:180,6
DA:186,3
DA:188,3
DA:192,9
DA:193,8
DA:194,6
DA:196,6
DA:199,6
DA:201,6
DA:202,5
DA:204,1
LF:25
LH:25
BRDA:160,1,0,1
BRDA:160,1,1,2
BRDA:170,2,0,1
BRDA:170,2,1,2
BRDA:170,3,0,3
BRDA:170,3,1,1
BRDA:192,4,0,8
BRDA:192,4,1,1
BRF:8
BRH:8
end_of_record
TN:
SF:./src/elements/Forms/scripts/rxCharacterCount.js
FN:75,(anonymous_1)
FN:84,(anonymous_2)
FN:95,(anonymous_3)
FN:99,(anonymous_4)
FN:109,(anonymous_5)
FN:115,(anonymous_6)
FN:129,(anonymous_7)
FN:130,(anonymous_8)
FN:139,countSpaces
FN:147,writeLimitText
FN:163,(anonymous_11)
FN:170,(anonymous_12)
FN:172,(anonymous_13)
FNF:13
FNH:13
FNDA:15,(anonymous_1)
FNDA:19,(anonymous_2)
FNDA:15,(anonymous_3)
FNDA:4,(anonymous_4)
FNDA:15,(anonymous_5)
FNDA:15,(anonymous_6)
FNDA:90,(anonymous_7)
FNDA:29,(anonymous_8)
FNDA:8,countSpaces
FNDA:7,writeLimitText
FNDA:4,(anonymous_11)
FNDA:2,(anonymous_12)
FNDA:2,(anonymous_13)
DA:1,1
DA:76,15
DA:77,15
DA:80,15
DA:81,15
DA:84,15
DA:85,19
DA:86,19
DA:87,1
DA:89,19
DA:90,1
DA:92,19
DA:95,15
DA:96,15
DA:99,15
DA:100,4
DA:103,15
DA:112,15
DA:113,15
DA:115,15
DA:116,15
DA:117,15
DA:120,15
DA:121,15
DA:122,15
DA:123,15
DA:124,15
DA:128,15
DA:129,90
DA:131,29
DA:132,0
DA:134,29
DA:135,29
DA:136,29
DA:139,1
DA:140,8
DA:141,8
DA:147,1
DA:148,7
DA:149,7
DA:150,7
DA:152,7
DA:153,4
DA:154,4
DA:157,7
DA:158,7
DA:159,7
DA:162,15
DA:163,4
DA:164,4
DA:167,4
DA:170,15
DA:171,2
DA:172,2
DA:177,2
LF:55
LH:54
BRDA:86,1,0,1
BRDA:86,1,1,18
BRDA:89,2,0,1
BRDA:89,2,1,18
BRDA:120,3,0,15
BRDA:120,3,1,7
BRDA:121,4,0,15
BRDA:121,4,1,14
BRDA:131,5,0,0
BRDA:131,5,1,29
BRDA:135,6,0,29
BRDA:135,6,1,24
BRDA:140,7,0,8
BRDA:140,7,1,4
BRDA:141,8,0,4
BRDA:141,8,1,4
BRDA:152,9,0,4
BRDA:152,9,1,3
BRDA:152,10,0,7
BRDA:152,10,1,7
BRDA:162,11,0,4
BRDA:162,11,1,11
BRF:22
BRH:21
end_of_record
TN:
SF:./src/elements/Forms/scripts/rxCheckbox.js
FN:39,(anonymous_1)
FN:45,(anonymous_2)
FN:50,(anonymous_3)
FN:68,(anonymous_4)
FN:77,(anonymous_5)
FN:82,(anonymous_6)
FNF:6
FNH:4
FNDA:56,(anonymous_1)
FNDA:182,(anonymous_2)
FNDA:247,(anonymous_3)
FNDA:8,(anonymous_4)
FNDA:0,(anonymous_5)
FNDA:0,(anonymous_6)
DA:1,1
DA:40,56
DA:47,182
DA:48,182
DA:50,182
DA:51,247
DA:52,247
DA:53,247
DA:57,247
DA:58,247
DA:60,247
DA:64,247
DA:65,2
DA:67,247
DA:68,4
DA:69,8
DA:70,2
DA:72,6
DA:77,247
DA:78,0
DA:82,247
DA:83,0
LF:22
LH:20
BRDA:64,1,0,2
BRDA:64,1,1,245
BRDA:67,2,0,4
BRDA:67,2,1,243
BRDA:69,3,0,2
BRDA:69,3,1,6
BRF:6
BRH:6
end_of_record
TN:
SF:./src/elements/Forms/scripts/rxDatePicker.js
FN:29,(anonymous_1)
FN:41,buildCalendarDays
FN:74,generateCalendarYears
FN:95,(anonymous_4)
FN:103,(anonymous_5)
FN:113,(anonymous_6)
FN:131,(anonymous_7)
FN:140,(anonymous_8)
FN:148,(anonymous_9)
FN:156,(anonymous_10)
FN:167,(anonymous_11)
FN:180,(anonymous_12)
FN:187,(anonymous_13)
FN:198,(anonymous_14)
FN:209,(anonymous_15)
FN:223,(anonymous_16)
FN:227,(anonymous_17)
FN:229,(anonymous_18)
FNF:18
FNH:16
FNDA:35,(anonymous_1)
FNDA:82,buildCalendarDays
FNDA:82,generateCalendarYears
FNDA:39,(anonymous_4)
FNDA:6,(anonymous_5)
FNDA:4,(anonymous_6)
FNDA:4,(anonymous_7)
FNDA:10819,(anonymous_8)
FNDA:15955,(anonymous_9)
FNDA:10819,(anonymous_10)
FNDA:41,(anonymous_11)
FNDA:82,(anonymous_12)
FNDA:41,(anonymous_13)
FNDA:41,(anonymous_14)
FNDA:40,(anonymous_15)
FNDA:40,(anonymous_16)
FNDA:0,(anonymous_17)
FNDA:0,(anonymous_18)
DA:1,1
DA:30,35
DA:31,35
DA:41,1
DA:42,82
DA:43,82
DA:44,82
DA:45,82
DA:48,82
DA:49,2534
DA:50,2534
DA:54,82
DA:55,160
DA:56,160
DA:60,82
DA:61,176
DA:62,176
DA:65,82
DA:74,1
DA:75,82
DA:76,82
DA:77,82
DA:79,82
DA:80,1722
DA:82,1722
DA:85,82
DA:88,35
DA:96,39
DA:98,39
DA:100,39
DA:103,39
DA:104,6
DA:105,4
DA:113,39
DA:114,4
DA:115,4
DA:117,2
DA:118,2
DA:121,2
DA:122,2
DA:125,4
DA:131,39
DA:132,4
DA:133,4
DA:140,39
DA:141,10819
DA:148,39
DA:149,15955
DA:156,39
DA:157,10819
DA:158,1155
DA:160,9664
DA:167,39
DA:168,41
DA:169,8
DA:171,33
DA:173,33
DA:174,29
DA:180,39
DA:181,82
DA:182,82
DA:183,82
DA:184,82
DA:187,39
DA:188,41
DA:189,41
DA:190,41
DA:192,41
DA:193,41
DA:198,39
DA:199,41
DA:200,41
DA:201,41
DA:203,41
DA:204,41
DA:209,39
DA:210,40
DA:212,40
DA:213,32
DA:216,40
DA:217,28
DA:219,12
DA:223,39
DA:224,40
DA:227,39
DA:228,0
DA:229,0
LF:87
LH:85
BRDA:104,1,0,4
BRDA:104,1,1,2
BRDA:115,2,0,2
BRDA:115,2,1,2
BRDA:157,3,0,1155
BRDA:157,3,1,9664
BRDA:168,4,0,8
BRDA:168,4,1,33
BRDA:173,5,0,29
BRDA:173,5,1,4
BRDA:188,6,0,41
BRDA:188,6,1,0
BRDA:192,7,0,41
BRDA:192,7,1,0
BRDA:199,8,0,41
BRDA:199,8,1,0
BRDA:203,9,0,41
BRDA:203,9,1,0
BRDA:212,10,0,32
BRDA:212,10,1,8
BRDA:216,11,0,28
BRDA:216,11,1,12
BRDA:228,12,0,0
BRDA:228,12,1,0
BRDA:228,13,0,0
BRDA:228,13,1,0
BRF:26
BRH:18
end_of_record
TN:
SF:./src/elements/Forms/scripts/rxField.js
FN:48,(anonymous_1)
FNF:1
FNH:1
FNDA:36,(anonymous_1)
DA:1,1
DA:49,36
LF:2
LH:2
BRF:0
BRH:0
end_of_record
TN:
SF:./src/elements/Forms/scripts/rxFieldContent.js
FN:54,(anonymous_1)
FNF:1
FNH:1
FNDA:34,(anonymous_1)
DA:1,1
DA:55,34
LF:2
LH:2
BRF:0
BRH:0
end_of_record
TN:
SF:./src/elements/Forms/scripts/rxFieldName.js
FN:47,(anonymous_1)
FNF:1
FNH:1
FNDA:4,(anonymous_1)
DA:1,1
DA:48,4
LF:2
LH:2
BRF:0
BRH:0
end_of_record
TN:
SF:./src/elements/Forms/scripts/rxForm.js
FN:41,(anonymous_1)
FNF:1
FNH:1
FNDA:46,(anonymous_1)
DA:1,1
DA:42,46
LF:2
LH:2
BRF:0
BRH:0
end_of_record
TN:
SF:./src/elements/Forms/scripts/rxFormSection.js
FN:52,(anonymous_1)
FNF:1
FNH:1
FNDA:36,(anonymous_1)
DA:1,1
DA:53,36
LF:2
LH:2
BRF:0
BRH:0
end_of_record
TN:
SF:./src/elements/Forms/scripts/rxHelpText.js
FN:37,(anonymous_1)
FNF:1
FNH:0
FNDA:0,(anonymous_1)
DA:1,1
DA:38,0
LF:2
LH:1
BRF:0
BRH:0
end_of_record
TN:
SF:./src/elements/Forms/scripts/rxInfix.js
FN:50,(anonymous_1)
FNF:1
FNH:1
FNDA:28,(anonymous_1)
DA:1,1
DA:51,28
LF:2
LH:2
BRF:0
BRH:0
end_of_record
TN:
SF:./src/elements/Forms/scripts/rxInlineError.js
FN:36,(anonymous_1)
FNF:1
FNH:1
FNDA:26,(anonymous_1)
DA:1,1
DA:37,26
LF:2
LH:2
BRF:0
BRH:0
end_of_record
TN:
SF:./src/elements/Forms/scripts/rxInput.js
FN:52,(anonymous_1)
FNF:1
FNH:1
FNDA:33,(anonymous_1)
DA:1,1
DA:53,33
LF:2
LH:2
BRF:0
BRH:0
end_of_record
TN:
SF:./src/elements/Forms/scripts/rxMultiSelect.js
FN:44,(anonymous_1)
FN:58,(anonymous_2)
FN:64,(anonymous_3)
FN:70,(anonymous_4)
FN:78,(anonymous_5)
FN:81,(anonymous_6)
FN:84,(anonymous_7)
FN:92,(anonymous_8)
FN:98,(anonymous_9)
FN:101,(anonymous_10)
FN:110,(anonymous_11)
FN:111,(anonymous_12)
FN:112,(anonymous_13)
FN:113,getLabel
FN:136,(anonymous_15)
FN:138,(anonymous_16)
FNF:16
FNH:14
FNDA:35,(anonymous_1)
FNDA:33,(anonymous_2)
FNDA:202,(anonymous_3)
FNDA:4,(anonymous_4)
FNDA:26,(anonymous_5)
FNDA:6,(anonymous_6)
FNDA:1029,(anonymous_7)
FNDA:165,(anonymous_8)
FNDA:33,(anonymous_9)
FNDA:4,(anonymous_10)
FNDA:226,(anonymous_11)
FNDA:226,(anonymous_12)
FNDA:226,(anonymous_13)
FNDA:16,getLabel
FNDA:0,(anonymous_15)
FNDA:0,(anonymous_16)
DA:1,1
DA:45,35
DA:59,33
DA:60,32
DA:63,33
DA:64,33
DA:65,202
DA:66,167
DA:67,167
DA:70,33
DA:71,4
DA:72,2
DA:73,2
DA:74,2
DA:78,33
DA:79,26
DA:81,33
DA:82,6
DA:84,33
DA:85,1029
DA:86,193
DA:88,836
DA:92,33
DA:93,165
DA:94,165
DA:99,33
DA:101,33
DA:102,4
DA:103,4
DA:107,33
DA:108,33
DA:110,33
DA:111,226
DA:112,226
DA:113,1
DA:114,16
DA:115,16
DA:118,226
DA:119,196
DA:120,30
DA:121,8
DA:122,22
DA:123,8
DA:124,8
DA:125,14
DA:126,10
DA:128,4
DA:134,33
DA:136,33
DA:137,0
DA:138,0
DA:139,0
LF:52
LH:49
BRDA:59,1,0,32
BRDA:59,1,1,1
BRDA:65,2,0,167
BRDA:65,2,1,35
BRDA:71,3,0,2
BRDA:71,3,1,2
BRDA:79,4,0,6
BRDA:79,4,1,20
BRDA:82,5,0,2
BRDA:82,5,1,4
BRDA:85,6,0,193
BRDA:85,6,1,836
BRDA:93,7,0,165
BRDA:93,7,1,0
BRDA:102,8,0,4
BRDA:102,8,1,0
BRDA:118,9,0,196
BRDA:118,9,1,30
BRDA:120,10,0,8
BRDA:120,10,1,22
BRDA:121,11,0,8
BRDA:121,11,1,0
BRDA:122,12,0,8
BRDA:122,12,1,14
BRDA:124,13,0,8
BRDA:124,13,1,0
BRDA:125,14,0,10
BRDA:125,14,1,4
BRDA:137,15,0,0
BRDA:137,15,1,0
BRDA:137,16,0,0
BRDA:137,16,1,0
BRF:32
BRH:24
end_of_record
TN:
SF:./src/elements/Forms/scripts/rxPrefix.js
FN:52,(anonymous_1)
FNF:1
FNH:1
FNDA:2,(anonymous_1)
DA:1,1
DA:53,2
LF:2
LH:2
BRF:0
BRH:0
end_of_record
TN:
SF:./src/elements/Forms/scripts/rxRadio.js
FN:38,(anonymous_1)
FN:44,(anonymous_2)
FN:49,(anonymous_3)
FN:67,(anonymous_4)
FN:76,(anonymous_5)
FN:81,(anonymous_6)
FNF:6
FNH:4
FNDA:10,(anonymous_1)
FNDA:10,(anonymous_2)
FNDA:9,(anonymous_3)
FNDA:8,(anonymous_4)
FNDA:0,(anonymous_5)
FNDA:0,(anonymous_6)
DA:1,1
DA:39,10
DA:46,10
DA:47,10
DA:49,10
DA:50,9
DA:51,9
DA:52,9
DA:56,9
DA:57,9
DA:59,9
DA:63,9
DA:64,2
DA:66,9
DA:67,4
DA:68,8
DA:69,2
DA:71,6
DA:76,9
DA:77,0
DA:81,9
DA:82,0
LF:22
LH:20
BRDA:63,1,0,2
BRDA:63,1,1,7
BRDA:66,2,0,4
BRDA:66,2,1,5
BRDA:68,3,0,2
BRDA:68,3,1,6
BRF:6
BRH:6
end_of_record
TN:
SF:./src/elements/Forms/scripts/rxSearchBox.js
FN:39,(anonymous_1)
FN:49,(anonymous_2)
FN:53,(anonymous_3)
FN:61,(anonymous_4)
FN:65,(anonymous_5)
FNF:5
FNH:5
FNDA:12,(anonymous_1)
FNDA:12,(anonymous_2)
FNDA:17,(anonymous_3)
FNDA:1,(anonymous_4)
FNDA:12,(anonymous_5)
DA:1,1
DA:40,12
DA:50,12
DA:51,12
DA:53,12
DA:54,17
DA:55,14
DA:57,3
DA:61,12
DA:62,1
DA:66,12
DA:67,12
DA:68,0
LF:13
LH:12
BRDA:50,1,0,12
BRDA:50,1,1,10
BRDA:51,2,0,12
BRDA:51,2,1,11
BRDA:54,3,0,14
BRDA:54,3,1,3
BRDA:54,4,0,17
BRDA:54,4,1,5
BRDA:67,5,0,0
BRDA:67,5,1,12
BRF:10
BRH:9
end_of_record
TN:
SF:./src/elements/Forms/scripts/rxSelect.js
FN:47,(anonymous_1)
FN:53,(anonymous_2)
FN:73,(anonymous_3)
FN:82,(anonymous_4)
FN:87,(anonymous_5)
FNF:5
FNH:3
FNDA:71,(anonymous_1)
FNDA:139,(anonymous_2)
FNDA:8,(anonymous_3)
FNDA:0,(anonymous_4)
FNDA:0,(anonymous_5)
DA:1,1
DA:48,71
DA:54,139
DA:55,139
DA:56,139
DA:62,139
DA:63,139
DA:65,139
DA:69,139
DA:70,2
DA:72,139
DA:73,4
DA:74,8
DA:75,2
DA:77,6
DA:82,139
DA:83,0
DA:87,139
DA:88,0
LF:19
LH:17
BRDA:69,1,0,2
BRDA:69,1,1,137
BRDA:72,2,0,4
BRDA:72,2,1,135
BRDA:74,3,0,2
BRDA:74,3,1,6
BRF:6
BRH:6
end_of_record
TN:
SF:./src/elements/Forms/scripts/rxSelectOption.js
FN:23,(anonymous_1)
FN:32,(anonymous_2)
FN:35,(anonymous_3)
FN:44,(anonymous_4)
FN:46,(anonymous_5)
FN:52,(anonymous_6)
FNF:6
FNH:4
FNDA:35,(anonymous_1)
FNDA:198,(anonymous_2)
FNDA:0,(anonymous_3)
FNDA:1021,(anonymous_4)
FNDA:284,(anonymous_5)
FNDA:0,(anonymous_6)
DA:1,1
DA:24,35
DA:33,198
DA:35,198
DA:36,0
DA:37,0
DA:39,0
DA:44,198
DA:45,1021
DA:47,284
DA:50,198
DA:52,198
DA:53,0
LF:13
LH:9
BRDA:36,1,0,0
BRDA:36,1,1,0
BRF:2
BRH:0
end_of_record
TN:
SF:./src/elements/Forms/scripts/rxSuffix.js
FN:52,(anonymous_1)
FNF:1
FNH:1
FNDA:28,(anonymous_1)
DA:1,1
DA:53,28
LF:2
LH:2
BRF:0
BRH:0
end_of_record
TN:
SF:./src/elements/Forms/scripts/rxTimePicker.js
FN:29,(anonymous_1)
FN:38,(anonymous_2)
FN:45,(anonymous_3)
FN:63,(anonymous_4)
FN:70,(anonymous_5)
FN:83,(anonymous_6)
FN:102,(anonymous_7)
FN:121,(anonymous_8)
FN:139,(anonymous_9)
FN:143,(anonymous_10)
FN:145,(anonymous_11)
FNF:11
FNH:9
FNDA:26,(anonymous_1)
FNDA:26,(anonymous_2)
FNDA:22,(anonymous_3)
FNDA:7,(anonymous_4)
FNDA:4,(anonymous_5)
FNDA:3,(anonymous_6)
FNDA:26,(anonymous_7)
FNDA:3,(anonymous_8)
FNDA:29,(anonymous_9)
FNDA:0,(anonymous_10)
FNDA:0,(anonymous_11)
DA:1,1
DA:30,26
DA:39,26
DA:41,26
DA:43,26
DA:45,26
DA:46,22
DA:49,22
DA:50,22
DA:51,22
DA:52,22
DA:54,22
DA:55,11
DA:56,11
DA:57,11
DA:58,11
DA:59,11
DA:63,26
DA:64,7
DA:70,26
DA:71,4
DA:72,4
DA:73,1
DA:75,3
DA:83,26
DA:84,3
DA:91,3
DA:93,3
DA:96,3
DA:98,3
DA:102,26
DA:103,26
DA:105,26
DA:106,13
DA:111,13
DA:114,13
DA:116,13
DA:121,26
DA:122,3
DA:124,3
DA:125,3
DA:130,3
DA:133,3
DA:135,0
DA:139,26
DA:140,29
DA:143,26
DA:144,0
DA:145,0
LF:49
LH:46
BRDA:54,1,0,11
BRDA:54,1,1,11
BRDA:71,2,0,4
BRDA:71,2,1,0
BRDA:72,3,0,1
BRDA:72,3,1,3
BRDA:105,4,0,13
BRDA:105,4,1,13
BRDA:124,5,0,3
BRDA:124,5,1,0
BRDA:140,6,0,29
BRDA:140,6,1,13
BRDA:144,7,0,0
BRDA:144,7,1,0
BRDA:144,8,0,0
BRDA:144,8,1,0
BRF:16
BRH:10
end_of_record
TN:
SF:./src/elements/Forms/scripts/rxToggleSwitch.js
FN:37,(anonymous_1)
FN:49,(anonymous_2)
FN:57,(anonymous_3)
FN:61,(anonymous_4)
FN:65,(anonymous_5)
FN:69,(anonymous_6)
FNF:6
FNH:6
FNDA:9,(anonymous_1)
FNDA:46,(anonymous_2)
FNDA:60,(anonymous_3)
FNDA:5,(anonymous_4)
FNDA:63,(anonymous_5)
FNDA:6,(anonymous_6)
DA:1,1
DA:38,9
DA:50,46
DA:51,46
DA:53,46
DA:54,10
DA:57,46
DA:58,60
DA:61,46
DA:62,5
DA:65,46
DA:66,63
DA:69,46
DA:70,6
DA:71,1
DA:74,5
DA:75,5
DA:76,5
LF:18
LH:18
BRDA:50,1,0,36
BRDA:50,1,1,10
BRDA:51,2,0,36
BRDA:51,2,1,10
BRDA:53,3,0,10
BRDA:53,3,1,36
BRDA:53,4,0,46
BRDA:53,4,1,37
BRDA:62,5,0,2
BRDA:62,5,1,3
BRDA:66,6,0,41
BRDA:66,6,1,22
BRDA:70,7,0,1
BRDA:70,7,1,5
BRF:14
BRH:14
end_of_record
TN:
SF:./src/elements/InfoPanel/scripts/rxInfoPanel.js
FN:18,(anonymous_1)
FNF:1
FNH:1
FNDA:1,(anonymous_1)
DA:1,1
DA:19,1
LF:2
LH:2
BRF:0
BRH:0
end_of_record
TN:
SF:./src/elements/Metadata/scripts/rxMeta.js
FN:52,(anonymous_1)
FNF:1
FNH:0
FNDA:0,(anonymous_1)
DA:1,1
DA:53,0
LF:2
LH:1
BRF:0
BRH:0
end_of_record
TN:
SF:./src/elements/Metadata/scripts/rxMetadata.js
FN:52,(anonymous_1)
FNF:1
FNH:0
FNDA:0,(anonymous_1)
DA:1,1
DA:53,0
LF:2
LH:1
BRF:0
BRH:0
end_of_record
TN:
SF:./src/elements/Modals/scripts/rxModalAction.js
FN:89,(anonymous_1)
FN:90,(anonymous_2)
FN:109,(anonymous_3)
FN:113,(anonymous_4)
FN:117,(anonymous_5)
FN:121,(anonymous_6)
FN:129,(anonymous_7)
FN:137,(anonymous_8)
FN:148,(anonymous_9)
FNF:9
FNH:8
FNDA:19,(anonymous_1)
FNDA:11,(anonymous_2)
FNDA:21,(anonymous_3)
FNDA:0,(anonymous_4)
FNDA:5,(anonymous_5)
FNDA:2,(anonymous_6)
FNDA:3,(anonymous_7)
FNDA:11,(anonymous_8)
FNDA:11,(anonymous_9)
DA:1,1
DA:90,19
DA:91,11
DA:97,11
DA:99,11
DA:101,11
DA:104,19
DA:111,21
DA:113,21
DA:114,0
DA:117,21
DA:118,5
DA:121,21
DA:122,2
DA:126,2
DA:129,21
DA:130,3
DA:134,3
DA:137,21
DA:138,11
DA:140,11
DA:141,0
DA:146,11
DA:148,11
DA:149,11
DA:151,11
DA:155,11
DA:157,11
DA:158,0
DA:161,11
DA:163,11
LF:31
LH:28
BRDA:140,1,0,0
BRDA:140,1,1,11
BRDA:157,2,0,0
BRDA:157,2,1,11
BRF:4
BRH:2
end_of_record
TN:
SF:./src/elements/Modals/scripts/rxModalFooter.js
FN:42,(anonymous_1)
FN:45,(anonymous_2)
FN:54,(anonymous_3)
FNF:3
FNH:3
FNDA:14,(anonymous_1)
FNDA:24,(anonymous_2)
FNDA:4,(anonymous_3)
DA:1,1
DA:43,14
DA:46,24
DA:50,24
DA:54,24
DA:55,4
LF:6
LH:6
BRF:0
BRH:0
end_of_record
TN:
SF:./src/elements/Modals/scripts/rxModalForm.js
FN:35,(anonymous_1)
FN:49,(anonymous_2)
FN:54,(anonymous_3)
FN:63,(anonymous_4)
FN:84,(anonymous_5)
FNF:5
FNH:5
FNDA:10,(anonymous_1)
FNDA:11,(anonymous_2)
FNDA:11,(anonymous_3)
FNDA:10,(anonymous_4)
FNDA:10,(anonymous_5)
DA:1,1
DA:36,10
DA:51,11
DA:54,11
DA:55,11
DA:58,11
DA:63,11
DA:64,10
DA:66,10
DA:67,2
DA:68,2
DA:70,8
DA:71,8
DA:73,8
DA:74,8
DA:75,7
DA:78,10
DA:79,9
DA:84,11
DA:85,10
DA:90,11
LF:21
LH:21
BRDA:66,1,0,2
BRDA:66,1,1,8
BRDA:66,2,0,10
BRDA:66,2,1,9
BRDA:74,3,0,7
BRDA:74,3,1,1
BRDA:78,4,0,9
BRDA:78,4,1,1
BRF:8
BRH:8
end_of_record
TN:
SF:./src/elements/Notifications/scripts/rxNotification.js
FN:21,(anonymous_1)
FN:33,(anonymous_2)
FN:61,(anonymous_3)
FNF:3
FNH:3
FNDA:7,(anonymous_1)
FNDA:7,(anonymous_2)
FNDA:7,(anonymous_3)
DA:1,1
DA:22,7
DA:34,7
DA:53,1
DA:54,1
DA:58,1
DA:62,7
LF:7
LH:7
BRDA:34,1,0,1
BRDA:34,1,1,6
BRDA:62,2,0,7
BRDA:62,2,1,6
BRF:4
BRH:4
end_of_record
TN:
SF:./src/elements/Notifications/scripts/rxNotifications.js
FN:17,(anonymous_1)
FN:25,(anonymous_2)
FN:30,(anonymous_3)
FN:34,(anonymous_4)
FN:38,(anonymous_5)
FN:40,(anonymous_6)
FNF:6
FNH:6
FNDA:4,(anonymous_1)
FNDA:4,(anonymous_2)
FNDA:1,(anonymous_3)
FNDA:4,(anonymous_4)
FNDA:18,(anonymous_5)
FNDA:5,(anonymous_6)
DA:1,1
DA:18,4
DA:30,4
DA:31,1
DA:35,4
DA:38,4
DA:39,18
DA:41,5
DA:44,4
LF:9
LH:9
BRDA:35,1,0,4
BRDA:35,1,1,4
BRF:2
BRH:2
end_of_record
TN:
SF:./src/elements/Progressbar/scripts/rxProgressbar.js
FN:12,(anonymous_1)
FN:22,(anonymous_2)
FN:25,(anonymous_3)
FN:29,(anonymous_4)
FNF:4
FNH:4
FNDA:7,(anonymous_1)
FNDA:13,(anonymous_2)
FNDA:17,(anonymous_3)
FNDA:17,(anonymous_4)
DA:1,1
DA:14,7
DA:23,13
DA:25,13
DA:26,17
DA:29,13
DA:30,17
LF:7
LH:7
BRDA:23,1,0,13
BRDA:23,1,1,6
BRF:2
BRH:2
end_of_record
TN:
SF:./src/elements/Spinner/scripts/rxSpinner.js
FN:15,(anonymous_1)
FN:23,(anonymous_2)
FN:24,(anonymous_3)
FNF:3
FNH:3
FNDA:21,(anonymous_1)
FNDA:16,(anonymous_2)
FNDA:20,(anonymous_3)
DA:1,1
DA:16,21
DA:24,16
DA:25,20
DA:26,20
DA:27,20
DA:28,3
DA:30,17
LF:8
LH:8
BRDA:25,1,0,0
BRDA:25,1,1,20
BRDA:26,2,0,15
BRDA:26,2,1,5
BRDA:27,3,0,3
BRDA:27,3,1,17
BRF:6
BRH:5
end_of_record
TN:
SF:./src/elements/Tables/scripts/rxBatchActions.js
FN:35,(anonymous_1)
FN:41,(anonymous_2)
FN:52,(anonymous_3)
FN:56,(anonymous_4)
FNF:4
FNH:3
FNDA:9,(anonymous_1)
FNDA:9,(anonymous_2)
FNDA:0,(anonymous_3)
FNDA:32,(anonymous_4)
DA:1,1
DA:36,9
DA:43,9
DA:48,9
DA:50,9
DA:52,9
DA:53,0
DA:56,9
DA:57,32
DA:58,32
DA:59,21
DA:62,9
DA:64,9
DA:70,0
DA:71,0
DA:73,0
LF:16
LH:12
BRDA:58,1,0,21
BRDA:58,1,1,11
BRDA:64,2,0,0
BRDA:64,2,1,9
BRDA:70,3,0,0
BRDA:70,3,1,0
BRF:6
BRH:3
end_of_record
TN:
SF:./src/elements/Tables/scripts/rxBulkSelect.js
FN:31,(anonymous_1)
FN:42,(anonymous_2)
FN:50,(anonymous_3)
FNF:3
FNH:3
FNDA:11,(anonymous_1)
FNDA:11,(anonymous_2)
FNDA:11,(anonymous_3)
DA:1,1
DA:32,11
DA:33,11
DA:45,11
DA:46,11
DA:47,11
DA:48,11
DA:50,11
DA:51,11
DA:54,11
LF:10
LH:10
BRDA:47,1,0,11
BRDA:47,1,1,11
BRDA:51,2,0,11
BRDA:51,2,1,11
BRF:4
BRH:4
end_of_record
TN:
SF:./src/elements/Tables/scripts/rxBulkSelectHeaderCheck.js
FN:19,(anonymous_1)
FN:25,(anonymous_2)
FN:27,(anonymous_3)
FN:36,(anonymous_4)
FN:43,(anonymous_5)
FNF:5
FNH:5
FNDA:11,(anonymous_1)
FNDA:11,(anonymous_2)
FNDA:2,(anonymous_3)
FNDA:56,(anonymous_4)
FNDA:2,(anonymous_5)
DA:1,1
DA:20,11
DA:21,11
DA:26,11
DA:27,11
DA:28,2
DA:29,1
DA:31,1
DA:34,11
DA:36,11
DA:37,56
DA:38,56
DA:40,11
DA:41,11
DA:43,11
DA:44,2
DA:46,11
LF:17
LH:17
BRDA:28,1,0,1
BRDA:28,1,1,1
BRF:2
BRH:2
end_of_record
TN:
SF:./src/elements/Tables/scripts/rxBulkSelectMessage.js
FN:24,(anonymous_1)
FN:32,(anonymous_2)
FN:39,(anonymous_3)
FN:41,(anonymous_4)
FN:45,(anonymous_5)
FN:52,(anonymous_6)
FN:77,(anonymous_7)
FNF:7
FNH:7
FNDA:11,(anonymous_1)
FNDA:11,(anonymous_2)
FNDA:44,(anonymous_3)
FNDA:1,(anonymous_4)
FNDA:1,(anonymous_5)
FNDA:34,(anonymous_6)
FNDA:22,(anonymous_7)
DA:1,1
DA:25,11
DA:33,11
DA:35,11
DA:41,11
DA:42,1
DA:45,11
DA:46,1
DA:49,11
DA:50,11
DA:52,11
DA:53,34
DA:54,34
DA:55,34
DA:56,34
DA:65,34
DA:66,22
DA:67,22
DA:68,12
DA:71,11
DA:72,11
DA:75,11
DA:77,11
DA:78,22
DA:80,11
LF:25
LH:25
BRDA:39,1,0,11
BRDA:39,1,1,11
BRDA:55,2,0,3
BRDA:55,2,1,31
BRDA:56,3,0,3
BRDA:56,3,1,31
BRDA:65,4,0,22
BRDA:65,4,1,12
BRDA:68,5,0,11
BRDA:68,5,1,1
BRDA:68,6,0,12
BRDA:68,6,1,12
BRF:12
BRH:12
end_of_record
TN:
SF:./src/elements/Tables/scripts/rxBulkSelectRow.js
FN:21,(anonymous_1)
FN:30,(anonymous_2)
FN:32,(anonymous_3)
FNF:3
FNH:3
FNDA:11,(anonymous_1)
FNDA:29,(anonymous_2)
FNDA:6,(anonymous_3)
DA:1,1
DA:22,11
DA:31,29
DA:32,29
DA:33,6
DA:34,4
DA:36,2
LF:7
LH:7
BRDA:33,1,0,4
BRDA:33,1,1,2
BRF:2
BRH:2
end_of_record
TN:
SF:./src/elements/Tables/scripts/rxBulkSelectValidate.js
FN:13,(anonymous_1)
FN:17,(anonymous_2)
FN:20,(anonymous_3)
FNF:3
FNH:3
FNDA:2,(anonymous_1)
FNDA:2,(anonymous_2)
FNDA:2,(anonymous_3)
DA:1,1
DA:14,2
DA:18,2
DA:19,2
DA:20,2
DA:21,2
DA:22,2
DA:25,2
DA:26,2
LF:9
LH:9
BRF:0
BRH:0
end_of_record
TN:
SF:./src/elements/Tables/scripts/rxFloatingHeader.js
FN:47,(anonymous_1)
FN:50,(anonymous_2)
FN:51,(anonymous_3)
FN:60,(anonymous_4)
FN:64,(anonymous_5)
FN:74,applyFloat
FN:79,(anonymous_7)
FN:88,(anonymous_8)
FN:104,(anonymous_9)
FN:119,(anonymous_10)
FN:129,removeFloat
FN:132,(anonymous_12)
FN:140,(anonymous_13)
FN:159,reapplyFloat
FN:173,update
FN:198,(anonymous_16)
FN:211,(anonymous_17)
FN:214,(anonymous_18)
FN:217,(anonymous_19)
FNF:19
FNH:15
FNDA:7,(anonymous_1)
FNDA:7,(anonymous_2)
FNDA:0,(anonymous_3)
FNDA:0,(anonymous_4)
FNDA:7,(anonymous_5)
FNDA:2,applyFloat
FNDA:4,(anonymous_7)
FNDA:6,(anonymous_8)
FNDA:6,(anonymous_9)
FNDA:4,(anonymous_10)
FNDA:1,removeFloat
FNDA:4,(anonymous_12)
FNDA:3,(anonymous_13)
FNDA:0,reapplyFloat
FNDA:10,update
FNDA:0,(anonymous_16)
FNDA:7,(anonymous_17)
FNDA:14,(anonymous_18)
FNDA:21,(anonymous_19)
DA:1,1
DA:48,7
DA:51,7
DA:55,0
DA:56,0
DA:60,7
DA:61,0
DA:65,7
DA:66,7
DA:67,7
DA:68,7
DA:74,1
DA:75,2
DA:76,2
DA:78,2
DA:79,2
DA:80,4
DA:84,4
DA:85,4
DA:88,4
DA:89,6
DA:91,6
DA:92,6
DA:93,6
DA:96,6
DA:97,6
DA:98,6
DA:103,4
DA:104,4
DA:105,6
DA:109,6
DA:111,4
DA:115,4
DA:119,2
DA:120,4
DA:129,1
DA:130,1
DA:132,1
DA:133,4
DA:135,4
DA:137,2
DA:138,2
DA:140,2
DA:141,3
DA:142,3
DA:146,2
DA:159,1
DA:160,0
DA:161,0
DA:162,0
DA:173,1
DA:174,10
DA:176,10
DA:178,4
DA:179,2
DA:183,6
DA:184,1
DA:190,7
DA:191,7
DA:194,7
DA:195,7
DA:196,7
DA:198,7
DA:199,0
DA:200,0
DA:211,7
DA:212,7
DA:214,7
DA:215,14
DA:217,14
DA:218,21
DA:222,21
DA:224,21
DA:225,7
DA:226,7
DA:227,7
DA:228,7
DA:234,7
LF:78
LH:70
BRDA:55,1,0,0
BRDA:55,1,1,0
BRDA:92,2,0,6
BRDA:92,2,1,0
BRDA:97,3,0,6
BRDA:97,3,1,0
BRDA:135,4,0,2
BRDA:135,4,1,2
BRDA:160,5,0,0
BRDA:160,5,1,0
BRDA:176,6,0,4
BRDA:176,6,1,6
BRDA:178,7,0,2
BRDA:178,7,1,2
BRDA:183,8,0,1
BRDA:183,8,1,5
BRDA:224,9,0,7
BRDA:224,9,1,14
BRDA:226,10,0,7
BRDA:226,10,1,0
BRDA:226,11,0,7
BRDA:226,11,1,0
BRF:22
BRH:14
end_of_record
TN:
SF:./src/elements/Tables/scripts/rxLoadingOverlay.js
FN:16,(anonymous_1)
FN:26,(anonymous_2)
FN:27,(anonymous_3)
FN:31,(anonymous_4)
FN:35,(anonymous_5)
FN:40,(anonymous_6)
FN:46,(anonymous_7)
FNF:7
FNH:7
FNDA:8,(anonymous_1)
FNDA:8,(anonymous_2)
FNDA:17,(anonymous_3)
FNDA:13,(anonymous_4)
FNDA:17,(anonymous_5)
FNDA:8,(anonymous_6)
FNDA:8,(anonymous_7)
DA:1,1
DA:17,8
DA:24,8
DA:27,8
DA:28,17
DA:31,8
DA:32,13
DA:35,8
DA:36,17
DA:37,17
DA:43,8
DA:44,8
DA:46,8
DA:47,8
LF:14
LH:14
BRF:0
BRH:0
end_of_record
TN:
SF:./src/elements/Tables/scripts/rxPaginate.js
FN:514,(anonymous_1)
FN:532,(anonymous_2)
FN:554,(anonymous_3)
FN:560,(anonymous_4)
FN:570,(anonymous_5)
FN:587,(anonymous_6)
FN:602,(anonymous_7)
FN:603,(anonymous_8)
FN:634,(anonymous_9)
FN:639,(anonymous_10)
FN:644,(anonymous_11)
FN:649,(anonymous_12)
FN:654,(anonymous_13)
FNF:13
FNH:12
FNDA:20,(anonymous_1)
FNDA:20,(anonymous_2)
FNDA:0,(anonymous_3)
FNDA:17,(anonymous_4)
FNDA:17,(anonymous_5)
FNDA:14,(anonymous_6)
FNDA:32,(anonymous_7)
FNDA:38,(anonymous_8)
FNDA:1,(anonymous_9)
FNDA:1,(anonymous_10)
FNDA:4,(anonymous_11)
FNDA:1,(anonymous_12)
FNDA:1,(anonymous_13)
DA:1,1
DA:515,20
DA:533,20
DA:535,20
DA:541,20
DA:547,20
DA:548,20
DA:549,8
DA:552,20
DA:554,20
DA:555,0
DA:559,20
DA:560,8
DA:561,17
DA:562,17
DA:570,8
DA:571,17
DA:574,17
DA:576,17
DA:577,0
DA:581,17
DA:585,8
DA:587,8
DA:588,14
DA:589,14
DA:596,8
DA:598,8
DA:600,8
DA:602,8
DA:603,32
DA:604,38
DA:605,6
DA:611,8
DA:612,8
DA:615,8
DA:616,8
DA:619,8
DA:620,8
DA:622,8
DA:623,8
DA:626,8
DA:634,20
DA:635,1
DA:636,1
DA:639,20
DA:640,1
DA:641,1
DA:644,20
DA:645,4
DA:646,4
DA:649,20
DA:650,1
DA:651,1
DA:654,20
DA:655,1
DA:656,1
LF:56
LH:54
BRDA:535,1,0,20
BRDA:535,1,1,12
BRDA:541,2,0,20
BRDA:541,2,1,20
BRDA:548,3,0,28
BRDA:548,3,1,8
BRDA:559,4,0,8
BRDA:559,4,1,12
BRDA:561,5,0,1
BRDA:561,5,1,16
BRDA:576,6,0,0
BRDA:576,6,1,17
BRDA:604,7,0,6
BRDA:604,7,1,32
BRDA:611,8,0,8
BRDA:611,8,1,0
BRDA:615,9,0,8
BRDA:615,9,1,0
BRDA:619,10,0,8
BRDA:619,10,1,0
BRDA:622,11,0,8
BRDA:622,11,1,0
BRF:22
BRH:17
end_of_record
TN:
SF:./src/elements/Tables/scripts/rxSelectFilter.js
FN:35,(anonymous_1)
FNF:1
FNH:1
FNDA:2,(anonymous_1)
DA:1,1
DA:36,2
LF:2
LH:2
BRF:0
BRH:0
end_of_record
TN:
SF:./src/elements/Tables/scripts/rxSortableColumn.js
FN:19,(anonymous_1)
FNF:1
FNH:1
FNDA:1,(anonymous_1)
DA:1,1
DA:20,1
LF:2
LH:2
BRF:0
BRH:0
end_of_record
TN:
SF:./src/elements/Tables/scripts/rxStatusColumn.js
FN:61,(anonymous_1)
FN:70,(anonymous_2)
FN:74,(anonymous_3)
FN:78,(anonymous_4)
FN:92,(anonymous_5)
FN:96,(anonymous_6)
FNF:6
FNH:6
FNDA:16,(anonymous_1)
FNDA:16,(anonymous_2)
FNDA:34,(anonymous_3)
FNDA:17,(anonymous_4)
FNDA:17,(anonymous_5)
FNDA:17,(anonymous_6)
DA:1,1
DA:62,16
DA:72,16
DA:74,16
DA:75,34
DA:78,16
DA:79,17
DA:80,17
DA:84,17
DA:85,17
DA:86,17
DA:87,17
DA:88,17
DA:89,17
DA:92,16
DA:93,17
DA:96,16
DA:97,17
LF:18
LH:18
BRDA:75,1,0,34
BRDA:75,1,1,29
BRDA:75,1,2,0
BRDA:84,2,0,17
BRDA:84,2,1,5
BRF:5
BRH:4
end_of_record
TN:
SF:./src/elements/Tables/scripts/rxStatusHeader.js
FN:36,(anonymous_1)
FN:38,(anonymous_2)
FNF:2
FNH:0
FNDA:0,(anonymous_1)
FNDA:0,(anonymous_2)
DA:1,1
DA:37,0
DA:39,0
LF:3
LH:1
BRF:0
BRH:0
end_of_record
TN:
SF:./src/elements/Tags/scripts/rxTags.js
FN:49,(anonymous_1)
FN:57,(anonymous_2)
FN:61,changeFocus
FN:65,(anonymous_4)
FN:69,(anonymous_5)
FN:75,(anonymous_6)
FN:83,(anonymous_7)
FN:89,(anonymous_8)
FN:101,(anonymous_9)
FN:109,(anonymous_10)
FN:113,(anonymous_11)
FN:114,(anonymous_12)
FN:120,(anonymous_13)
FNF:13
FNH:13
FNDA:16,(anonymous_1)
FNDA:21,(anonymous_2)
FNDA:2,changeFocus
FNDA:5,(anonymous_4)
FNDA:2,(anonymous_5)
FNDA:2,(anonymous_6)
FNDA:3,(anonymous_7)
FNDA:3,(anonymous_8)
FNDA:2,(anonymous_9)
FNDA:1,(anonymous_10)
FNDA:3,(anonymous_11)
FNDA:6,(anonymous_12)
FNDA:24,(anonymous_13)
DA:1,1
DA:50,16
DA:58,21
DA:59,21
DA:61,1
DA:62,2
DA:65,21
DA:66,5
DA:69,21
DA:70,2
DA:71,1
DA:75,21
DA:76,2
DA:77,1
DA:78,1
DA:79,1
DA:83,21
DA:84,3
DA:85,1
DA:89,21
DA:94,3
DA:96,3
DA:97,3
DA:98,3
DA:101,21
DA:102,2
DA:103,2
DA:104,2
DA:105,2
DA:108,21
DA:109,2
DA:110,1
DA:113,2
DA:114,3
DA:115,6
DA:120,21
DA:121,24
LF:37
LH:37
BRDA:62,1,0,2
BRDA:62,1,1,1
BRDA:66,2,0,5
BRDA:66,2,1,4
BRDA:70,3,0,1
BRDA:70,3,1,1
BRDA:76,4,0,1
BRDA:76,4,1,1
BRDA:84,5,0,1
BRDA:84,5,1,2
BRDA:84,6,0,3
BRDA:84,6,1,2
BRDA:108,7,0,2
BRDA:108,7,1,19
BRDA:121,8,0,24
BRDA:121,8,1,19
BRF:16
BRH:16
end_of_record
TN:
SF:./src/elements/Typeahead/scripts/typeahead.js
FN:26,(anonymous_1)
FN:27,(anonymous_2)
FN:32,(anonymous_3)
FN:33,(anonymous_4)
FN:42,(anonymous_5)
FN:49,(anonymous_6)
FN:53,(anonymous_7)
FN:54,(anonymous_8)
FN:61,(anonymous_9)
FNF:9
FNH:7
FNDA:392,(anonymous_1)
FNDA:18,(anonymous_2)
FNDA:23,(anonymous_3)
FNDA:23,(anonymous_4)
FNDA:2,(anonymous_5)
FNDA:2,(anonymous_6)
FNDA:0,(anonymous_7)
FNDA:0,(anonymous_8)
FNDA:9,(anonymous_9)
DA:25,1
DA:27,392
DA:28,18
DA:29,18
DA:30,18
DA:32,18
DA:33,23
DA:34,23
DA:35,23
DA:37,23
DA:38,2
DA:42,2
DA:43,2
DA:45,2
DA:46,2
DA:49,2
DA:50,2
DA:53,2
DA:54,0
DA:56,0
DA:57,0
DA:61,2
DA:62,9
DA:63,6
DA:65,3
DA:71,18
LF:26
LH:23
BRDA:37,1,0,2
BRDA:37,1,1,21
BRDA:43,2,0,1
BRDA:43,2,1,1
BRDA:50,3,0,1
BRDA:50,3,1,1
BRDA:62,4,0,6
BRDA:62,4,1,3
BRF:8
BRH:8
end_of_record
TN:
SF:./src/utilities/PaginatedItemsSummary/scripts/PaginatedItemsSummary.js
FN:15,(anonymous_1)
FN:16,(anonymous_2)
FNF:2
FNH:2
FNDA:23,(anonymous_1)
FNDA:113,(anonymous_2)
DA:1,1
DA:16,23
DA:17,113
DA:18,113
DA:19,6
DA:21,113
DA:22,113
LF:7
LH:7
BRDA:18,1,0,6
BRDA:18,1,1,107
BRDA:18,2,0,113
BRDA:18,2,1,112
BRF:4
BRH:4
end_of_record
TN:
SF:./src/utilities/rxAge/scripts/rxAge.js
FN:64,(anonymous_1)
FN:65,(anonymous_2)
FN:99,(anonymous_3)
FN:114,(anonymous_4)
FNF:4
FNH:4
FNDA:10,(anonymous_1)
FNDA:14,(anonymous_2)
FNDA:9,(anonymous_3)
FNDA:24,(anonymous_4)
DA:1,1
DA:65,10
DA:66,14
DA:67,1
DA:68,13
DA:69,1
DA:72,12
DA:73,12
DA:74,12
DA:75,12
DA:76,12
DA:77,12
DA:78,12
DA:79,12
DA:81,12
DA:83,1
DA:84,11
DA:86,9
DA:91,12
DA:93,12
DA:94,12
DA:96,12
DA:97,3
DA:99,3
DA:100,9
DA:104,12
DA:105,10
DA:108,12
DA:109,11
DA:112,12
DA:114,12
DA:115,24
DA:116,12
DA:118,12
LF:34
LH:34
BRDA:66,1,0,1
BRDA:66,1,1,13
BRDA:68,2,0,1
BRDA:68,2,1,12
BRDA:81,3,0,1
BRDA:81,3,1,11
BRDA:84,4,0,9
BRDA:84,4,1,2
BRDA:91,5,0,5
BRDA:91,5,1,7
BRDA:96,6,0,3
BRDA:96,6,1,9
BRDA:100,7,0,9
BRDA:100,7,1,0
BRDA:104,8,0,10
BRDA:104,8,1,2
BRDA:108,9,0,11
BRDA:108,9,1,1
BRDA:115,10,0,12
BRDA:115,10,1,12
BRDA:120,11,0,3
BRDA:120,11,1,9
BRF:22
BRH:21
end_of_record
TN:
SF:./src/utilities/rxApply/scripts/rxApply.js
FN:1,(anonymous_1)
FN:21,rxApplyFilter
FN:22,(anonymous_3)
FNF:3
FNH:1
FNDA:1,(anonymous_1)
FNDA:0,rxApplyFilter
FNDA:0,(anonymous_3)
DA:1,1
DA:2,1
DA:21,1
DA:22,0
DA:23,0
LF:5
LH:3
BRF:0
BRH:0
end_of_record
TN:
SF:./src/utilities/rxAttributes/scripts/rxAttributes.js
FN:51,(anonymous_1)
FN:57,(anonymous_2)
FN:59,preLink
FN:63,(anonymous_4)
FNF:4
FNH:4
FNDA:2,(anonymous_1)
FNDA:2,(anonymous_2)
FNDA:2,preLink
FNDA:4,(anonymous_4)
DA:1,1
DA:53,2
DA:58,2
DA:61,2
DA:63,2
DA:66,4
DA:67,2
DA:72,2
DA:73,2
DA:76,2
LF:10
LH:10
BRDA:66,1,0,2
BRDA:66,1,1,2
BRF:2
BRH:2
end_of_record
TN:
SF:./src/utilities/rxAutoSave/scripts/rxAutoSave.js
FN:353,(anonymous_1)
FN:399,(anonymous_2)
FN:408,(anonymous_3)
FN:423,(anonymous_4)
FN:438,(anonymous_5)
FN:445,(anonymous_6)
FN:451,(anonymous_7)
FN:457,(anonymous_8)
FN:466,(anonymous_9)
FN:474,(anonymous_10)
FN:480,(anonymous_11)
FN:488,(anonymous_12)
FN:504,(anonymous_13)
FN:511,(anonymous_14)
FN:531,(anonymous_15)
FN:535,(anonymous_16)
FN:539,(anonymous_17)
FN:543,(anonymous_18)
FN:550,update
FN:570,(anonymous_20)
FN:577,(anonymous_21)
FNF:21
FNH:21
FNDA:17,(anonymous_1)
FNDA:62,(anonymous_2)
FNDA:499,(anonymous_3)
FNDA:334,(anonymous_4)
FNDA:165,(anonymous_5)
FNDA:56,(anonymous_6)
FNDA:56,(anonymous_7)
FNDA:109,(anonymous_8)
FNDA:3,(anonymous_9)
FNDA:113,(anonymous_10)
FNDA:53,(anonymous_11)
FNDA:62,(anonymous_12)
FNDA:109,(anonymous_13)
FNDA:56,(anonymous_14)
FNDA:3,(anonymous_15)
FNDA:2,(anonymous_16)
FNDA:1,(anonymous_17)
FNDA:4,(anonymous_18)
FNDA:53,update
FNDA:58,(anonymous_20)
FNDA:58,(anonymous_21)
DA:1,1
DA:384,17
DA:399,17
DA:400,62
DA:401,62
DA:402,62
DA:408,17
DA:409,499
DA:423,17
DA:424,334
DA:425,334
DA:426,72
DA:433,334
DA:438,17
DA:439,165
DA:440,165
DA:441,165
DA:445,17
DA:446,56
DA:451,17
DA:452,56
DA:457,17
DA:458,109
DA:459,109
DA:460,109
DA:466,17
DA:467,3
DA:468,3
DA:469,3
DA:470,3
DA:474,17
DA:475,113
DA:480,17
DA:481,53
DA:482,53
DA:483,53
DA:488,17
DA:489,62
DA:490,62
DA:500,62
DA:502,62
DA:504,62
DA:505,109
DA:506,109
DA:511,62
DA:512,56
DA:513,56
DA:516,0
DA:517,0
DA:520,56
DA:524,56
DA:525,56
DA:530,62
DA:532,3
DA:536,2
DA:540,1
DA:544,4
DA:548,62
DA:550,1
DA:552,53
DA:556,53
DA:559,53
DA:562,53
DA:568,62
DA:570,62
DA:571,58
DA:573,57
DA:577,62
DA:578,58
DA:579,56
DA:583,62
DA:584,1
DA:587,62
LF:73
LH:71
BRDA:402,1,0,62
BRDA:402,1,1,0
BRDA:409,2,0,499
BRDA:409,2,1,54
BRDA:425,3,0,72
BRDA:425,3,1,262
BRDA:475,4,0,113
BRDA:475,4,1,0
BRDA:489,5,0,62
BRDA:489,5,1,47
BRDA:505,6,0,109
BRDA:505,6,1,0
BRDA:513,7,0,0
BRDA:513,7,1,56
BRDA:513,8,0,56
BRDA:513,8,1,2
BRDA:571,9,0,57
BRDA:571,9,1,1
BRDA:578,10,0,56
BRDA:578,10,1,2
BRDA:583,11,0,1
BRDA:583,11,1,61
BRF:22
BRH:18
end_of_record
TN:
SF:./src/utilities/rxBulkSelectController/scripts/rxBulkSelectController.js
FN:9,(anonymous_1)
FN:24,(anonymous_2)
FN:29,(anonymous_3)
FN:35,(anonymous_4)
FN:39,(anonymous_5)
FN:43,(anonymous_6)
FN:44,(anonymous_7)
FN:49,(anonymous_8)
FN:54,(anonymous_9)
FN:60,(anonymous_10)
FN:65,(anonymous_11)
FN:71,(anonymous_12)
FN:77,(anonymous_13)
FN:82,(anonymous_14)
FN:87,(anonymous_15)
FNF:15
FNH:15
FNDA:17,(anonymous_1)
FNDA:20,(anonymous_2)
FNDA:20,(anonymous_3)
FNDA:30,(anonymous_4)
FNDA:4,(anonymous_5)
FNDA:4,(anonymous_6)
FNDA:12,(anonymous_7)
FNDA:2,(anonymous_8)
FNDA:2,(anonymous_9)
FNDA:2,(anonymous_10)
FNDA:2,(anonymous_11)
FNDA:16,(anonymous_12)
FNDA:6,(anonymous_13)
FNDA:3,(anonymous_14)
FNDA:11,(anonymous_15)
DA:1,1
DA:10,17
DA:12,17
DA:19,17
DA:20,17
DA:22,17
DA:24,17
DA:25,20
DA:26,20
DA:29,17
DA:30,20
DA:31,20
DA:32,20
DA:35,17
DA:36,30
DA:39,17
DA:40,4
DA:43,17
DA:44,4
DA:45,12
DA:49,17
DA:50,2
DA:51,2
DA:54,17
DA:55,2
DA:56,2
DA:57,2
DA:60,17
DA:61,2
DA:62,2
DA:65,17
DA:66,2
DA:67,2
DA:68,2
DA:71,17
DA:72,16
DA:73,12
DA:77,17
DA:78,6
DA:79,6
DA:82,17
DA:83,3
DA:84,3
DA:87,17
DA:88,11
DA:89,11
LF:46
LH:46
BRDA:72,1,0,12
BRDA:72,1,1,4
BRDA:88,2,0,11
BRDA:88,2,1,0
BRF:4
BRH:3
end_of_record
TN:
SF:./src/utilities/rxBulkSelectUtils/scripts/rxBulkSelectUtils.js
FN:8,(anonymous_1)
FN:11,(anonymous_2)
FN:16,(anonymous_3)
FN:17,(anonymous_4)
FNF:4
FNH:4
FNDA:11,(anonymous_1)
FNDA:2,(anonymous_2)
FNDA:2,(anonymous_3)
FNDA:6,(anonymous_4)
DA:1,1
DA:9,11
DA:11,11
DA:12,2
DA:16,11
DA:17,2
DA:18,6
DA:22,11
LF:8
LH:8
BRF:0
BRH:0
end_of_record
TN:
SF:./src/utilities/rxBytesConvert/scripts/rxBytesConvert.js
FN:16,(anonymous_1)
FN:17,(anonymous_2)
FNF:2
FNH:2
FNDA:16,(anonymous_1)
FNDA:15,(anonymous_2)
DA:1,1
DA:17,16
DA:18,15
DA:19,15
DA:22,15
DA:24,9
DA:25,6
DA:26,6
DA:27,2
DA:30,3
DA:31,3
DA:34,6
DA:38,15
DA:41,15
DA:42,13
DA:44,2
LF:16
LH:16
BRDA:22,1,0,9
BRDA:22,1,1,6
BRDA:22,2,0,15
BRDA:22,2,1,8
BRDA:24,3,0,6
BRDA:24,3,1,3
BRDA:26,4,0,2
BRDA:26,4,1,4
BRDA:41,5,0,13
BRDA:41,5,1,2
BRF:10
BRH:10
end_of_record
TN:
SF:./src/utilities/rxCapitalize/scripts/rxCapitalize.js
FN:8,(anonymous_1)
FN:9,(anonymous_2)
FNF:2
FNH:2
FNDA:2,(anonymous_1)
FNDA:2,(anonymous_2)
DA:1,1
DA:9,2
DA:10,2
DA:11,1
DA:13,1
LF:5
LH:5
BRDA:10,1,0,1
BRDA:10,1,1,1
BRF:2
BRH:2
end_of_record
TN:
SF:./src/utilities/rxCompile/scripts/rxCompile.js
FN:7,(anonymous_1)
FN:8,(anonymous_2)
FN:10,(anonymous_3)
FN:14,(anonymous_4)
FNF:4
FNH:4
FNDA:1,(anonymous_1)
FNDA:1,(anonymous_2)
FNDA:3,(anonymous_3)
FNDA:1,(anonymous_4)
DA:1,1
DA:8,1
DA:9,1
DA:12,3
DA:17,1
DA:23,1
LF:6
LH:6
BRF:0
BRH:0
end_of_record
TN:
SF:./src/utilities/rxCopyUtil/scripts/rxCopyUtil.js
FN:9,(anonymous_1)
FN:23,selectNodeText
FN:55,execCopy
FNF:3
FNH:3
FNDA:13,(anonymous_1)
FNDA:2,selectNodeText
FNDA:6,execCopy
DA:1,1
DA:23,1
DA:24,2
DA:25,2
DA:28,2
DA:31,2
DA:34,2
DA:55,1
DA:56,6
DA:57,6
DA:58,2
DA:60,2
DA:63,2
DA:67,13
LF:14
LH:14
BRDA:57,1,0,2
BRDA:57,1,1,2
BRDA:58,2,0,2
BRDA:58,2,1,2
BRDA:60,3,0,2
BRDA:60,3,1,2
BRDA:63,4,0,2
BRDA:63,4,1,2
BRF:8
BRH:8
end_of_record
TN:
SF:./src/utilities/rxDOMHelper/scripts/rxDOMHelper.js
FN:12,(anonymous_1)
FN:13,(anonymous_2)
FN:21,(anonymous_3)
FN:36,(anonymous_4)
FN:43,(anonymous_5)
FN:47,(anonymous_6)
FN:51,(anonymous_7)
FN:63,(anonymous_8)
FN:97,(anonymous_9)
FN:101,(anonymous_10)
FNF:10
FNH:5
FNDA:66,(anonymous_1)
FNDA:0,(anonymous_2)
FNDA:0,(anonymous_3)
FNDA:2,(anonymous_4)
FNDA:2,(anonymous_5)
FNDA:0,(anonymous_6)
FNDA:0,(anonymous_7)
FNDA:3,(anonymous_8)
FNDA:0,(anonymous_9)
FNDA:236,(anonymous_10)
DA:1,1
DA:13,66
DA:16,0
DA:17,0
DA:18,0
DA:21,66
DA:23,0
DA:24,0
DA:25,0
DA:26,0
DA:27,0
DA:28,0
DA:29,0
DA:30,0
DA:31,0
DA:32,0
DA:33,0
DA:36,66
DA:37,2
DA:38,1
DA:40,2
DA:43,66
DA:44,2
DA:47,66
DA:48,0
DA:51,66
DA:52,0
DA:55,0
DA:63,66
DA:65,3
DA:66,3
DA:70,3
DA:71,3
DA:75,3
DA:80,3
DA:81,2
DA:82,0
DA:89,3
DA:90,0
DA:92,3
DA:97,66
DA:98,0
DA:101,66
DA:102,236
DA:105,66
LF:45
LH:25
BRDA:17,1,0,0
BRDA:17,1,1,0
BRDA:17,1,2,0
BRDA:17,1,3,0
BRDA:27,2,0,0
BRDA:27,2,1,0
BRDA:28,3,0,0
BRDA:28,3,1,0
BRDA:37,4,0,1
BRDA:37,4,1,1
BRDA:55,5,0,0
BRDA:55,5,1,0
BRDA:66,6,0,0
BRDA:66,6,1,3
BRDA:66,7,0,3
BRDA:66,7,1,1
BRDA:80,8,0,2
BRDA:80,8,1,1
BRDA:89,9,0,0
BRDA:89,9,1,3
BRF:20
BRH:8
end_of_record
TN:
SF:./src/utilities/rxDate/scripts/rxDate.js
FN:17,(anonymous_1)
FN:18,(anonymous_2)
FNF:2
FNH:2
FNDA:5,(anonymous_1)
FNDA:4,(anonymous_2)
DA:1,1
DA:18,5
DA:19,4
DA:20,4
DA:21,4
DA:22,2
DA:24,2
DA:27,0
LF:8
LH:7
BRDA:20,1,0,4
BRDA:20,1,1,0
BRDA:21,2,0,2
BRDA:21,2,1,2
BRF:4
BRH:3
end_of_record
TN:
SF:./src/utilities/rxDateTime/scripts/rxDateTime.js
FN:17,(anonymous_1)
FN:18,(anonymous_2)
FNF:2
FNH:2
FNDA:5,(anonymous_1)
FNDA:4,(anonymous_2)
DA:1,1
DA:18,5
DA:19,4
DA:20,4
DA:21,4
DA:22,2
DA:24,2
DA:27,0
LF:8
LH:7
BRDA:20,1,0,4
BRDA:20,1,1,0
BRDA:21,2,0,2
BRDA:21,2,1,2
BRF:4
BRH:3
end_of_record
TN:
SF:./src/utilities/rxDevicePaths/scripts/rxDevicePaths.js
FNF:0
FNH:0
DA:1,1
LF:1
LH:1
BRF:0
BRH:0
end_of_record
TN:
SF:./src/utilities/rxDiskSize/scripts/rxDiskSize.js
FN:16,(anonymous_1)
FN:17,(anonymous_2)
FNF:2
FNH:2
FNDA:13,(anonymous_1)
FNDA:12,(anonymous_2)
DA:1,1
DA:17,13
DA:18,12
DA:19,12
DA:21,12
DA:22,6
DA:23,3
DA:25,3
DA:26,3
DA:30,12
LF:10
LH:10
BRDA:21,1,0,6
BRDA:21,1,1,6
BRDA:22,2,0,3
BRDA:22,2,1,3
BRF:4
BRH:4
end_of_record
TN:
SF:./src/utilities/rxEnvironment/scripts/rxEnvironment.js
FN:81,(anonymous_1)
FN:153,(anonymous_2)
FN:159,(anonymous_3)
FN:172,(anonymous_4)
FN:187,(anonymous_5)
FN:202,(anonymous_6)
FN:204,(anonymous_7)
FN:210,(anonymous_8)
FN:211,(anonymous_9)
FNF:9
FNH:8
FNDA:33,(anonymous_1)
FNDA:1,(anonymous_2)
FNDA:410,(anonymous_3)
FNDA:1,(anonymous_4)
FNDA:0,(anonymous_5)
FNDA:82,(anonymous_6)
FNDA:410,(anonymous_7)
FNDA:165,(anonymous_8)
FNDA:23,(anonymous_9)
DA:1,1
DA:92,33
DA:153,33
DA:154,1
DA:159,33
DA:160,410
DA:161,328
DA:164,82
DA:172,33
DA:174,1
DA:176,0
DA:178,1
DA:187,33
DA:189,0
DA:191,0
DA:202,33
DA:203,82
DA:204,82
DA:205,410
DA:207,82
DA:210,33
DA:211,165
DA:217,33
DA:222,33
DA:227,33
DA:232,33
DA:237,33
LF:27
LH:24
BRDA:102,1,0,0
BRDA:102,1,1,33
BRDA:154,2,0,1
BRDA:154,2,1,1
BRDA:154,2,2,1
BRDA:154,2,3,0
BRDA:160,3,0,328
BRDA:160,3,1,82
BRDA:174,4,0,0
BRDA:174,4,1,1
BRDA:189,5,0,0
BRDA:189,5,1,0
BRDA:189,6,0,0
BRDA:189,6,1,0
BRDA:203,7,0,82
BRDA:203,7,1,77
BRF:16
BRH:9
end_of_record
TN:
SF:./src/utilities/rxEnvironmentMatch/scripts/rxEnvironmentMatch.js
FN:17,(anonymous_1)
FN:18,(anonymous_2)
FNF:2
FNH:2
FNDA:24,(anonymous_1)
FNDA:44,(anonymous_2)
DA:1,1
DA:18,24
DA:20,44
DA:23,44
DA:25,44
DA:26,44
LF:6
LH:6
BRDA:23,1,0,22
BRDA:23,1,1,22
BRDA:26,2,0,22
BRDA:26,2,1,22
BRF:4
BRH:4
end_of_record
TN:
SF:./src/utilities/rxErrorFormatter/scripts/rxErrorFormatter.js
FN:37,(anonymous_1)
FN:43,(anonymous_2)
FNF:2
FNH:2
FNDA:16,(anonymous_1)
FNDA:5,(anonymous_2)
DA:1,1
DA:43,16
DA:44,5
DA:45,5
DA:46,4
DA:48,5
DA:51,16
LF:7
LH:7
BRDA:44,1,0,5
BRDA:44,1,1,1
BRDA:45,2,0,4
BRDA:45,2,1,1
BRDA:46,3,0,1
BRDA:46,3,1,3
BRF:6
BRH:6
end_of_record
TN:
SF:./src/utilities/rxFavicon/scripts/rxFavicon.js
FN:22,(anonymous_1)
FN:26,(anonymous_2)
FNF:2
FNH:2
FNDA:6,(anonymous_1)
FNDA:6,(anonymous_2)
DA:1,1
DA:23,6
DA:28,6
DA:31,6
DA:32,1
DA:34,1
DA:38,5
DA:39,5
DA:40,5
DA:42,5
DA:43,5
DA:44,2
DA:45,3
DA:46,1
DA:48,2
DA:52,5
LF:16
LH:16
BRDA:31,1,0,1
BRDA:31,1,1,5
BRDA:39,2,0,5
BRDA:39,2,1,1
BRDA:40,3,0,5
BRDA:40,3,1,1
BRDA:43,4,0,2
BRDA:43,4,1,3
BRDA:45,5,0,1
BRDA:45,5,1,2
BRDA:45,6,0,3
BRDA:45,6,1,2
BRF:12
BRH:12
end_of_record
TN:
SF:./src/utilities/rxFeedbackApi/scripts/rxFeedbackApi.js
FNF:0
FNH:0
DA:1,1
LF:1
LH:1
BRF:0
BRH:0
end_of_record
TN:
SF:./src/utilities/rxFeedbackController/scripts/rxFeedbackController.js
FN:9,(anonymous_1)
FN:11,(anonymous_2)
FNF:2
FNH:2
FNDA:4,(anonymous_1)
FNDA:1,(anonymous_2)
DA:1,1
DA:11,4
DA:12,1
DA:15,4
DA:18,4
DA:21,4
DA:22,1
LF:7
LH:7
BRDA:21,1,0,1
BRDA:21,1,1,3
BRF:2
BRH:2
end_of_record
TN:
SF:./src/utilities/rxFeedbackSvc/scripts/rxFeedbackSvc.js
FN:9,(anonymous_1)
FN:15,(anonymous_2)
FN:22,(anonymous_3)
FNF:3
FNH:3
FNDA:14,(anonymous_1)
FNDA:15,(anonymous_2)
FNDA:3,(anonymous_3)
DA:1,1
DA:10,14
DA:15,14
DA:16,15
DA:20,14
DA:22,14
DA:23,3
DA:24,3
DA:30,3
DA:33,3
DA:34,3
DA:36,3
DA:37,3
DA:41,14
LF:14
LH:14
BRDA:36,1,0,3
BRDA:36,1,1,0
BRF:2
BRH:1
end_of_record
TN:
SF:./src/utilities/rxFeedbackTypes/scripts/rxFeedbackTypes.js
FNF:0
FNH:0
DA:1,1
LF:1
LH:1
BRF:0
BRH:0
end_of_record
TN:
SF:./src/utilities/rxIdentity/scripts/rxIdentity.js
FN:1,(anonymous_1)
FN:11,rxIdentityFactory
FN:48,(anonymous_3)
FNF:3
FNH:3
FNDA:1,(anonymous_1)
FNDA:3,rxIdentityFactory
FNDA:2,(anonymous_3)
DA:1,1
DA:2,1
DA:11,1
DA:23,3
DA:48,3
DA:49,2
DA:58,2
DA:61,3
LF:8
LH:8
BRF:0
BRH:0
end_of_record
TN:
SF:./src/utilities/rxIfEnvironment/scripts/rxIfEnvironment.js
FN:16,(anonymous_1)
FN:21,(anonymous_2)
FN:23,preLink
FNF:3
FNH:3
FNDA:4,(anonymous_1)
FNDA:4,(anonymous_2)
FNDA:4,preLink
DA:1,1
DA:17,4
DA:22,4
DA:25,4
DA:28,4
DA:29,4
DA:32,4
LF:7
LH:7
BRF:0
BRH:0
end_of_record
TN:
SF:./src/utilities/rxLocalStorage/scripts/rxLocalStorage.js
FN:23,(anonymous_1)
FN:33,(anonymous_2)
FN:37,(anonymous_3)
FN:41,(anonymous_4)
FN:45,(anonymous_5)
FN:49,(anonymous_6)
FN:53,(anonymous_7)
FN:57,(anonymous_8)
FN:62,(anonymous_9)
FNF:9
FNH:9
FNDA:120,(anonymous_1)
FNDA:166,(anonymous_2)
FNDA:73,(anonymous_3)
FNDA:2,(anonymous_4)
FNDA:1,(anonymous_5)
FNDA:92,(anonymous_6)
FNDA:7,(anonymous_7)
FNDA:151,(anonymous_8)
FNDA:455,(anonymous_9)
DA:1,1
DA:24,120
DA:25,120
DA:26,120
DA:27,120
DA:29,0
DA:33,120
DA:34,166
DA:37,120
DA:38,73
DA:41,120
DA:42,2
DA:45,120
DA:46,1
DA:49,120
DA:50,92
DA:53,120
DA:54,7
DA:57,120
DA:58,151
DA:59,151
DA:62,120
DA:63,455
DA:64,455
DA:65,455
DA:67,0
DA:70,455
LF:27
LH:25
BRDA:25,1,0,120
BRDA:25,1,1,0
BRDA:58,2,0,151
BRDA:58,2,1,0
BRDA:58,3,0,151
BRDA:58,3,1,0
BRF:6
BRH:3
end_of_record
TN:
SF:./src/utilities/rxModalCtrl/scripts/rxModalCtrl.js
FN:9,(anonymous_1)
FN:11,(anonymous_2)
FNF:2
FNH:2
FNDA:7,(anonymous_1)
FNDA:4,(anonymous_2)
DA:1,1
DA:11,7
DA:12,4
DA:15,7
DA:18,7
LF:5
LH:5
BRF:0
BRH:0
end_of_record
TN:
SF:./src/utilities/rxModalFooterTemplates/scripts/rxModalFooterTemplates.js
FN:16,(anonymous_1)
FN:26,(anonymous_2)
FN:29,(anonymous_3)
FN:41,(anonymous_4)
FNF:4
FNH:4
FNDA:14,(anonymous_1)
FNDA:15,(anonymous_2)
FNDA:27,(anonymous_3)
FNDA:26,(anonymous_4)
DA:1,1
DA:17,14
DA:18,14
DA:20,14
DA:27,15
DA:28,15
DA:29,15
DA:30,27
DA:42,26
DA:43,22
DA:45,4
LF:11
LH:11
BRDA:42,1,0,22
BRDA:42,1,1,4
BRF:2
BRH:2
end_of_record
TN:
SF:./src/utilities/rxMomentFormats/scripts/rxMomentFormats.js
FNF:0
FNH:0
DA:1,1
LF:1
LH:1
BRF:0
BRH:0
end_of_record
TN:
SF:./src/utilities/rxMonth/scripts/rxMonth.js
FN:18,(anonymous_1)
FN:19,(anonymous_2)
FNF:2
FNH:2
FNDA:6,(anonymous_1)
FNDA:5,(anonymous_2)
DA:1,1
DA:19,6
DA:20,5
DA:21,5
DA:22,5
DA:23,3
DA:25,2
DA:28,0
LF:8
LH:7
BRDA:21,1,0,5
BRDA:21,1,1,0
BRDA:22,2,0,3
BRDA:22,2,1,2
BRF:4
BRH:3
end_of_record
TN:
SF:./src/utilities/rxNestedElement/scripts/rxNestedElement.js
FN:28,(anonymous_1)
FN:29,(anonymous_2)
FN:49,(anonymous_3)
FNF:3
FNH:3
FNDA:67,(anonymous_1)
FNDA:260,(anonymous_2)
FNDA:238,(anonymous_3)
DA:1,1
DA:29,67
DA:30,260
DA:32,260
DA:41,260
DA:42,208
DA:49,208
DA:52,260
LF:8
LH:8
BRDA:30,1,0,260
BRDA:30,1,1,6
BRDA:41,2,0,208
BRDA:41,2,1,52
BRF:4
BRH:4
end_of_record
TN:
SF:./src/utilities/rxNotify/scripts/rxNotify.js
FN:148,(anonymous_1)
FN:176,(anonymous_2)
FN:203,dismissAfterTimeout
FN:207,(anonymous_4)
FN:221,(anonymous_5)
FN:235,(anonymous_6)
FN:240,(anonymous_7)
FN:252,(anonymous_8)
FN:253,(anonymous_9)
FN:265,(anonymous_10)
FN:266,(anonymous_11)
FN:283,(anonymous_12)
FN:298,dismiss
FN:303,(anonymous_14)
FN:366,(anonymous_15)
FN:409,processRouteChange
FNF:16
FNH:16
FNDA:67,(anonymous_1)
FNDA:46,(anonymous_2)
FNDA:3,dismissAfterTimeout
FNDA:2,(anonymous_4)
FNDA:4,(anonymous_5)
FNDA:1,(anonymous_6)
FNDA:2,(anonymous_7)
FNDA:6,(anonymous_8)
FNDA:6,(anonymous_9)
FNDA:6,(anonymous_10)
FNDA:2,(anonymous_11)
FNDA:4,(anonymous_12)
FNDA:13,dismiss
FNDA:12,(anonymous_14)
FNDA:50,(anonymous_15)
FNDA:6,processRouteChange
DA:1,1
DA:149,67
DA:150,67
DA:153,67
DA:156,67
DA:158,67
DA:176,67
DA:178,46
DA:179,6
DA:180,1
DA:185,45
DA:186,3
DA:190,45
DA:191,43
DA:203,1
DA:205,3
DA:207,3
DA:208,2
DA:221,67
DA:222,4
DA:223,4
DA:226,4
DA:229,4
DA:230,1
DA:231,3
DA:232,3
DA:235,3
DA:236,1
DA:240,4
DA:241,2
DA:242,2
DA:252,67
DA:253,6
DA:254,6
DA:265,67
DA:266,6
DA:268,2
DA:272,6
DA:283,67
DA:284,4
DA:286,3
DA:298,1
DA:300,13
DA:302,13
DA:303,13
DA:304,12
DA:366,67
DA:367,50
DA:371,50
DA:374,50
DA:377,50
DA:380,50
DA:381,5
DA:385,50
DA:388,50
DA:391,50
DA:392,3
DA:396,50
DA:397,43
DA:398,7
DA:399,6
DA:400,1
DA:401,1
DA:405,50
DA:409,67
DA:410,6
DA:411,6
DA:415,67
LF:68
LH:68
BRDA:178,1,0,6
BRDA:178,1,1,40
BRDA:179,2,0,1
BRDA:179,2,1,5
BRDA:185,3,0,3
BRDA:185,3,1,42
BRDA:190,4,0,43
BRDA:190,4,1,2
BRDA:229,5,0,1
BRDA:229,5,1,3
BRDA:231,6,0,3
BRDA:231,6,1,0
BRDA:241,7,0,2
BRDA:241,7,1,0
BRDA:284,8,0,3
BRDA:284,8,1,1
BRDA:302,9,0,13
BRDA:302,9,1,0
BRDA:371,10,0,50
BRDA:371,10,1,12
BRDA:377,11,0,50
BRDA:377,11,1,32
BRDA:380,12,0,5
BRDA:380,12,1,45
BRDA:391,13,0,3
BRDA:391,13,1,47
BRDA:396,14,0,43
BRDA:396,14,1,7
BRDA:398,15,0,6
BRDA:398,15,1,1
BRDA:400,16,0,1
BRDA:400,16,1,0
BRF:32
BRH:28
end_of_record
TN:
SF:./src/utilities/rxNotifyProperties/scripts/rxNotifyProperties.js
FN:44,(anonymous_1)
FN:47,(anonymous_2)
FN:49,(anonymous_3)
FN:50,(anonymous_4)
FN:51,(anonymous_5)
FN:57,(anonymous_6)
FN:58,(anonymous_7)
FN:64,register
FNF:8
FNH:8
FNDA:17,(anonymous_1)
FNDA:34,(anonymous_2)
FNDA:49,(anonymous_3)
FNDA:110,(anonymous_4)
FNDA:68,(anonymous_5)
FNDA:150,(anonymous_6)
FNDA:49,(anonymous_7)
FNDA:65,register
DA:1,1
DA:45,17
DA:47,17
DA:48,34
DA:49,34
DA:50,49
DA:51,110
DA:52,110
DA:56,34
DA:57,150
DA:59,49
DA:60,49
DA:61,49
DA:64,34
DA:65,65
DA:70,17
LF:16
LH:16
BRF:0
BRH:0
end_of_record
TN:
SF:./src/utilities/rxPageTitle/scripts/rxPageTitle.js
FN:23,(anonymous_1)
FN:27,(anonymous_2)
FN:36,(anonymous_3)
FN:41,(anonymous_4)
FN:44,(anonymous_5)
FN:47,(anonymous_6)
FN:55,(anonymous_7)
FN:60,(anonymous_8)
FNF:8
FNH:8
FNDA:9,(anonymous_1)
FNDA:8,(anonymous_2)
FNDA:8,(anonymous_3)
FNDA:3,(anonymous_4)
FNDA:1,(anonymous_5)
FNDA:3,(anonymous_6)
FNDA:5,(anonymous_7)
FNDA:8,(anonymous_8)
DA:1,1
DA:24,9
DA:27,9
DA:28,8
DA:29,2
DA:31,6
DA:36,9
DA:37,8
DA:40,9
DA:42,3
DA:45,1
DA:48,3
DA:49,3
DA:56,5
DA:57,5
DA:61,8
LF:16
LH:16
BRDA:28,1,0,2
BRDA:28,1,1,6
BRF:2
BRH:2
end_of_record
TN:
SF:./src/utilities/rxPageTracker/scripts/rxPageTracker.js
FN:19,(anonymous_1)
FN:53,(anonymous_2)
FN:62,(anonymous_3)
FN:67,rxPageTrackerObject
FN:107,(anonymous_5)
FN:114,(anonymous_6)
FN:118,updateCache
FN:127,(anonymous_8)
FN:141,(anonymous_9)
FN:149,(anonymous_10)
FN:153,(anonymous_11)
FN:169,(anonymous_12)
FN:194,(anonymous_13)
FN:199,(anonymous_14)
FN:203,(anonymous_15)
FN:207,(anonymous_16)
FN:211,(anonymous_17)
FN:215,(anonymous_18)
FN:219,(anonymous_19)
FN:223,(anonymous_20)
FN:227,(anonymous_21)
FN:231,(anonymous_22)
FN:235,(anonymous_23)
FN:239,(anonymous_24)
FN:244,(anonymous_25)
FN:260,(anonymous_26)
FNF:26
FNH:26
FNDA:59,(anonymous_1)
FNDA:71,(anonymous_2)
FNDA:11,(anonymous_3)
FNDA:71,rxPageTrackerObject
FNDA:1,(anonymous_5)
FNDA:1476,(anonymous_6)
FNDA:153,updateCache
FNDA:23,(anonymous_8)
FNDA:38,(anonymous_9)
FNDA:166,(anonymous_10)
FNDA:138,(anonymous_11)
FNDA:150,(anonymous_12)
FNDA:2,(anonymous_13)
FNDA:540,(anonymous_14)
FNDA:536,(anonymous_15)
FNDA:1781,(anonymous_16)
FNDA:702,(anonymous_17)
FNDA:141,(anonymous_18)
FNDA:2,(anonymous_19)
FNDA:10,(anonymous_20)
FNDA:2,(anonymous_21)
FNDA:2,(anonymous_22)
FNDA:242,(anonymous_23)
FNDA:12,(anonymous_24)
FNDA:12,(anonymous_25)
FNDA:432,(anonymous_26)
DA:1,1
DA:20,59
DA:54,71
DA:55,71
DA:56,71
DA:63,11
DA:67,1
DA:68,71
DA:82,71
DA:84,71
DA:85,71
DA:90,71
DA:91,58
DA:92,58
DA:95,71
DA:99,71
DA:100,3
DA:103,71
DA:108,1
DA:109,1
DA:114,1476
DA:118,1
DA:119,153
DA:120,153
DA:121,153
DA:122,153
DA:125,71
DA:127,71
DA:133,23
DA:134,23
DA:139,23
DA:141,71
DA:142,38
DA:149,71
DA:150,166
DA:151,15
DA:153,166
DA:154,138
DA:155,138
DA:156,138
DA:157,138
DA:158,70
DA:160,138
DA:169,71
DA:170,150
DA:171,150
DA:178,150
DA:179,85
DA:180,85
DA:187,65
DA:188,65
DA:194,71
DA:195,2
DA:196,2
DA:199,71
DA:200,540
DA:203,71
DA:204,536
DA:207,71
DA:208,1781
DA:211,71
DA:212,702
DA:215,71
DA:216,141
DA:219,71
DA:220,2
DA:223,71
DA:224,10
DA:227,71
DA:228,2
DA:231,71
DA:232,2
DA:235,71
DA:236,242
DA:239,71
DA:240,12
DA:244,12
DA:248,12
DA:251,12
DA:254,12
DA:255,11
DA:260,71
DA:261,432
DA:264,71
DA:266,71
DA:270,59
LF:86
LH:86
BRDA:54,1,0,62
BRDA:54,1,1,9
BRDA:90,2,0,58
BRDA:90,2,1,13
BRDA:99,3,0,3
BRDA:99,3,1,68
BRDA:99,4,0,71
BRDA:99,4,1,12
BRDA:99,4,2,4
BRDA:120,5,0,55
BRDA:120,5,1,98
BRDA:121,6,0,153
BRDA:121,6,1,0
BRDA:150,7,0,15
BRDA:150,7,1,151
BRDA:157,8,0,70
BRDA:157,8,1,68
BRDA:170,9,0,150
BRDA:170,9,1,104
BRDA:178,10,0,85
BRDA:178,10,1,65
BRDA:178,11,0,150
BRDA:178,11,1,105
BRDA:187,12,0,65
BRDA:187,12,1,52
BRDA:195,13,0,1
BRDA:195,13,1,1
BRDA:254,14,0,11
BRDA:254,14,1,1
BRF:29
BRH:28
end_of_record
TN:
SF:./src/utilities/rxPager/scripts/rxPager.js
FN:1,(anonymous_1)
FN:18,rxPagerFilter
FN:19,(anonymous_3)
FNF:3
FNH:3
FNDA:1,(anonymous_1)
FNDA:22,rxPagerFilter
FNDA:123,(anonymous_3)
DA:1,1
DA:2,1
DA:18,1
DA:19,22
DA:20,123
DA:21,0
DA:24,123
DA:31,123
DA:33,123
DA:38,123
DA:40,509
DA:44,123
LF:12
LH:11
BRDA:20,1,0,0
BRDA:20,1,1,123
BRDA:26,2,0,123
BRDA:26,2,1,6
BRDA:31,3,0,123
BRDA:31,3,1,0
BRDA:31,4,0,123
BRDA:31,4,1,123
BRF:8
BRH:6
end_of_record
TN:
SF:./src/utilities/rxPaginate/scripts/rxPaginate.js
FN:1,(anonymous_1)
FN:19,rxPaginateFilter
FN:20,(anonymous_3)
FNF:3
FNH:3
FNDA:1,(anonymous_1)
FNDA:4,rxPaginateFilter
FNDA:8,(anonymous_3)
DA:1,1
DA:2,1
DA:19,1
DA:20,4
DA:21,8
DA:22,0
DA:24,8
DA:25,0
DA:26,0
DA:28,8
DA:30,8
DA:37,8
DA:38,3
DA:39,2
DA:42,8
DA:43,8
LF:16
LH:13
BRDA:21,1,0,0
BRDA:21,1,1,8
BRDA:24,2,0,0
BRDA:24,2,1,8
BRDA:28,3,0,8
BRDA:28,3,1,0
BRDA:37,4,0,3
BRDA:37,4,1,5
BRDA:38,5,0,2
BRDA:38,5,1,1
BRF:10
BRH:7
end_of_record
TN:
SF:./src/utilities/rxPaginateUtils/scripts/rxPaginateUtils.js
FN:8,(anonymous_1)
FN:11,(anonymous_2)
FN:28,(anonymous_3)
FNF:3
FNH:3
FNDA:74,(anonymous_1)
FNDA:126,(anonymous_2)
FNDA:8,(anonymous_3)
DA:1,1
DA:9,74
DA:11,74
DA:12,126
DA:13,126
DA:14,126
DA:16,126
DA:28,74
DA:29,8
DA:30,8
DA:32,8
DA:38,74
LF:12
LH:12
BRDA:14,1,0,16
BRDA:14,1,1,110
BRF:2
BRH:2
end_of_record
TN:
SF:./src/utilities/rxPermission/scripts/rxPermission.js
FN:14,(anonymous_1)
FN:22,(anonymous_2)
FN:23,(anonymous_3)
FNF:3
FNH:3
FNDA:4,(anonymous_1)
FNDA:16,(anonymous_2)
FNDA:104,(anonymous_3)
DA:1,1
DA:15,4
DA:23,16
DA:24,104
LF:4
LH:4
BRF:0
BRH:0
end_of_record
TN:
SF:./src/utilities/rxProgressbarUtil/scripts/rxProgressbarUtil.js
FN:2,(anonymous_1)
FN:5,(anonymous_2)
FNF:2
FNH:2
FNDA:21,(anonymous_1)
FNDA:47,(anonymous_2)
DA:1,1
DA:3,21
DA:5,21
DA:6,47
DA:9,47
DA:11,47
DA:14,47
DA:15,3
DA:18,44
DA:21,21
LF:10
LH:10
BRDA:6,1,0,42
BRDA:6,1,1,5
BRDA:9,2,0,3
BRDA:9,2,1,44
BRDA:11,3,0,3
BRDA:11,3,1,44
BRDA:14,4,0,3
BRDA:14,4,1,44
BRDA:14,5,0,47
BRDA:14,5,1,7
BRF:10
BRH:10
end_of_record
TN:
SF:./src/utilities/rxPromiseNotifications/scripts/rxPromiseNotifications.js
FN:20,(anonymous_1)
FN:28,(anonymous_2)
FN:41,(anonymous_3)
FN:65,(anonymous_4)
FN:88,(anonymous_5)
FN:118,(anonymous_6)
FN:120,(anonymous_7)
FNF:7
FNH:7
FNDA:28,(anonymous_1)
FNDA:6,(anonymous_2)
FNDA:6,(anonymous_3)
FNDA:1,(anonymous_4)
FNDA:8,(anonymous_5)
FNDA:3,(anonymous_6)
FNDA:3,(anonymous_7)
DA:1,1
DA:21,28
DA:28,28
DA:29,6
DA:30,4
DA:41,28
DA:42,6
DA:44,4
DA:45,4
DA:47,4
DA:52,4
DA:53,2
DA:56,4
DA:65,28
DA:66,1
DA:67,1
DA:88,28
DA:89,8
DA:91,8
DA:93,8
DA:100,8
DA:104,8
DA:105,2
DA:108,8
DA:109,5
DA:113,8
DA:118,8
DA:119,3
DA:121,3
DA:125,8
DA:128,8
DA:130,8
DA:133,28
LF:33
LH:33
BRDA:29,1,0,4
BRDA:29,1,1,2
BRDA:42,2,0,4
BRDA:42,2,1,2
BRDA:42,3,0,6
BRDA:42,3,1,4
BRDA:52,4,0,2
BRDA:52,4,1,2
BRDA:104,5,0,2
BRDA:104,5,1,6
BRDA:108,6,0,5
BRDA:108,6,1,3
BRF:12
BRH:12
end_of_record
TN:
SF:./src/utilities/rxScreenshotSvc/scripts/rxScreenshotSvc.js
FN:11,(anonymous_1)
FN:13,(anonymous_2)
FN:20,(anonymous_3)
FN:28,(anonymous_4)
FNF:4
FNH:4
FNDA:3,(anonymous_1)
FNDA:2,(anonymous_2)
FNDA:2,(anonymous_3)
FNDA:1,(anonymous_4)
DA:1,1
DA:13,3
DA:14,2
DA:16,2
DA:19,3
DA:21,2
DA:23,2
DA:24,1
DA:25,1
DA:27,1
DA:29,1
DA:31,1
DA:36,2
LF:13
LH:13
BRDA:23,1,0,1
BRDA:23,1,1,1
BRF:2
BRH:2
end_of_record
TN:
SF:./src/utilities/rxSelectFilter/scripts/rxSelectFilter.js
FN:96,(anonymous_1)
FN:137,(anonymous_2)
FN:148,init
FN:149,(anonymous_4)
FN:164,isItemValid
FN:165,(anonymous_6)
FN:170,(anonymous_7)
FNF:7
FNH:7
FNDA:4,(anonymous_1)
FNDA:4,(anonymous_2)
FNDA:4,init
FNDA:8,(anonymous_4)
FNDA:9,isItemValid
FNDA:13,(anonymous_6)
FNDA:5,(anonymous_7)
DA:1,1
DA:97,4
DA:138,4
DA:144,4
DA:146,4
DA:148,1
DA:149,4
DA:150,8
DA:151,8
DA:158,8
DA:159,4
DA:164,1
DA:165,9
DA:166,13
DA:170,4
DA:171,5
DA:172,4
DA:173,4
DA:175,5
DA:178,4
LF:20
LH:20
BRDA:141,1,0,4
BRDA:141,1,1,0
BRDA:150,2,0,8
BRDA:150,2,1,0
BRDA:158,3,0,4
BRDA:158,3,1,4
BRDA:171,4,0,4
BRDA:171,4,1,1
BRF:8
BRH:6
end_of_record
TN:
SF:./src/utilities/rxSession/scripts/rxSession.js
FN:1,(anonymous_1)
FN:12,rxSessionFactory
FN:25,(anonymous_3)
FN:34,(anonymous_4)
FN:48,(anonymous_5)
FN:59,(anonymous_6)
FN:70,(anonymous_7)
FN:81,(anonymous_8)
FN:92,(anonymous_9)
FN:102,(anonymous_10)
FN:113,(anonymous_11)
FN:130,(anonymous_12)
FN:135,(anonymous_13)
FN:136,(anonymous_14)
FN:141,(anonymous_15)
FN:152,(anonymous_16)
FN:160,(anonymous_17)
FN:172,(anonymous_18)
FN:186,(anonymous_19)
FN:198,(anonymous_20)
FNF:20
FNH:20
FNDA:1,(anonymous_1)
FNDA:36,rxSessionFactory
FNDA:10,(anonymous_3)
FNDA:30,(anonymous_4)
FNDA:24,(anonymous_5)
FNDA:2,(anonymous_6)
FNDA:1,(anonymous_7)
FNDA:1,(anonymous_8)
FNDA:1,(anonymous_9)
FNDA:1,(anonymous_10)
FNDA:5,(anonymous_11)
FNDA:3,(anonymous_12)
FNDA:5,(anonymous_13)
FNDA:10,(anonymous_14)
FNDA:12,(anonymous_15)
FNDA:12,(anonymous_16)
FNDA:20,(anonymous_17)
FNDA:15,(anonymous_18)
FNDA:8,(anonymous_19)
FNDA:4,(anonymous_20)
DA:1,1
DA:2,1
DA:12,1
DA:13,36
DA:14,36
DA:25,36
DA:26,10
DA:30,10
DA:31,1
DA:34,9
DA:35,30
DA:38,9
DA:48,36
DA:49,24
DA:59,36
DA:60,2
DA:70,36
DA:71,1
DA:81,36
DA:82,1
DA:92,36
DA:93,1
DA:102,36
DA:103,1
DA:113,36
DA:114,5
DA:116,5
DA:117,4
DA:120,1
DA:130,36
DA:131,3
DA:132,3
DA:135,36
DA:136,5
DA:137,10
DA:141,36
DA:142,12
DA:152,36
DA:155,12
DA:156,5
DA:159,12
DA:160,12
DA:161,20
DA:172,36
DA:173,15
DA:174,15
DA:186,36
DA:187,8
DA:198,36
DA:199,4
DA:202,36
LF:51
LH:51
BRDA:28,1,0,10
BRDA:28,1,1,0
BRDA:30,2,0,1
BRDA:30,2,1,9
BRDA:30,3,0,10
BRDA:30,3,1,9
BRDA:35,4,0,25
BRDA:35,4,1,5
BRDA:116,5,0,4
BRDA:116,5,1,1
BRDA:132,6,0,2
BRDA:132,6,1,1
BRDA:155,7,0,5
BRDA:155,7,1,7
BRDA:174,8,0,14
BRDA:174,8,1,1
BRDA:174,9,0,15
BRDA:174,9,1,14
BRDA:174,9,2,14
BRDA:174,9,3,14
BRF:20
BRH:19
end_of_record
TN:
SF:./src/utilities/rxSessionStorage/scripts/rxSessionStorage.js
FN:24,(anonymous_1)
FN:34,(anonymous_2)
FN:38,(anonymous_3)
FN:42,(anonymous_4)
FN:46,(anonymous_5)
FN:50,(anonymous_6)
FN:54,(anonymous_7)
FN:58,(anonymous_8)
FN:63,(anonymous_9)
FNF:9
FNH:9
FNDA:24,(anonymous_1)
FNDA:21,(anonymous_2)
FNDA:1,(anonymous_3)
FNDA:2,(anonymous_4)
FNDA:1,(anonymous_5)
FNDA:26,(anonymous_6)
FNDA:7,(anonymous_7)
FNDA:18,(anonymous_8)
FNDA:48,(anonymous_9)
DA:1,1
DA:25,24
DA:26,24
DA:27,24
DA:28,24
DA:30,0
DA:34,24
DA:35,21
DA:38,24
DA:39,1
DA:42,24
DA:43,2
DA:46,24
DA:47,1
DA:50,24
DA:51,26
DA:54,24
DA:55,7
DA:58,24
DA:59,18
DA:60,18
DA:63,24
DA:64,48
DA:65,48
DA:66,48
DA:68,0
DA:71,48
LF:27
LH:25
BRDA:26,1,0,24
BRDA:26,1,1,0
BRDA:59,2,0,18
BRDA:59,2,1,0
BRDA:59,3,0,18
BRDA:59,3,1,0
BRF:6
BRH:3
end_of_record
TN:
SF:./src/utilities/rxSortEmptyTop/scripts/rxSortEmptyTop.js
FN:31,(anonymous_1)
FN:32,(anonymous_2)
FN:36,(anonymous_3)
FNF:3
FNH:3
FNDA:4,(anonymous_1)
FNDA:4,(anonymous_2)
FNDA:60,(anonymous_3)
DA:1,1
DA:32,4
DA:34,4
DA:36,4
DA:37,60
DA:40,4
LF:6
LH:6
BRDA:37,1,0,60
BRDA:37,1,1,49
BRF:2
BRH:2
end_of_record
TN:
SF:./src/utilities/rxSortUtil/scripts/rxSortUtil.js
FN:14,(anonymous_1)
FN:17,(anonymous_2)
FN:21,(anonymous_3)
FNF:3
FNH:3
FNDA:4,(anonymous_1)
FNDA:2,(anonymous_2)
FNDA:2,(anonymous_3)
DA:1,1
DA:15,4
DA:17,4
DA:18,2
DA:21,4
DA:22,2
DA:23,2
DA:28,2
DA:29,2
DA:33,4
LF:10
LH:10
BRDA:22,1,0,1
BRDA:22,1,1,1
BRDA:28,2,0,2
BRDA:28,2,1,0
BRF:4
BRH:3
end_of_record
TN:
SF:./src/utilities/rxStatus/scripts/rxStatus.js
FN:171,(anonymous_1)
FN:175,(anonymous_2)
FN:182,(anonymous_3)
FN:193,(anonymous_4)
FN:203,(anonymous_5)
FN:212,(anonymous_6)
FN:221,(anonymous_7)
FN:230,(anonymous_8)
FN:237,(anonymous_9)
FN:246,(anonymous_10)
FN:250,(anonymous_11)
FN:254,(anonymous_12)
FN:259,(anonymous_13)
FN:281,(anonymous_14)
FN:294,(anonymous_15)
FN:299,(anonymous_16)
FN:305,(anonymous_17)
FN:311,(anonymous_18)
FN:316,(anonymous_19)
FN:326,(anonymous_20)
FN:332,(anonymous_21)
FN:336,(anonymous_22)
FN:341,(anonymous_23)
FNF:23
FNH:23
FNDA:12,(anonymous_1)
FNDA:1,(anonymous_2)
FNDA:6,(anonymous_3)
FNDA:1,(anonymous_4)
FNDA:1,(anonymous_5)
FNDA:2,(anonymous_6)
FNDA:2,(anonymous_7)
FNDA:10,(anonymous_8)
FNDA:10,(anonymous_9)
FNDA:1,(anonymous_10)
FNDA:1,(anonymous_11)
FNDA:12,(anonymous_12)
FNDA:10,(anonymous_13)
FNDA:1,(anonymous_14)
FNDA:5,(anonymous_15)
FNDA:1,(anonymous_16)
FNDA:1,(anonymous_17)
FNDA:1,(anonymous_18)
FNDA:2,(anonymous_19)
FNDA:1,(anonymous_20)
FNDA:1,(anonymous_21)
FNDA:1,(anonymous_22)
FNDA:1,(anonymous_23)
DA:1,1
DA:172,12
DA:173,12
DA:174,12
DA:176,1
DA:183,6
DA:194,1
DA:204,1
DA:213,2
DA:222,2
DA:230,12
DA:231,10
DA:237,12
DA:238,10
DA:239,10
DA:240,10
DA:246,12
DA:247,1
DA:250,12
DA:251,1
DA:254,12
DA:255,12
DA:256,12
DA:259,12
DA:260,10
DA:262,10
DA:266,1
DA:267,0
DA:269,1
DA:272,10
DA:273,5
DA:276,10
DA:277,10
DA:278,10
DA:281,12
DA:282,1
DA:287,1
DA:288,1
DA:289,0
DA:291,1
DA:294,12
DA:295,5
DA:296,5
DA:299,12
DA:300,1
DA:301,1
DA:302,1
DA:305,12
DA:306,1
DA:307,1
DA:308,1
DA:311,12
DA:312,1
DA:313,1
DA:316,12
DA:317,2
DA:318,2
DA:326,12
DA:327,1
DA:328,1
DA:329,1
DA:332,12
DA:333,1
DA:336,12
DA:337,1
DA:338,1
DA:341,12
DA:342,1
DA:343,1
DA:346,12
LF:70
LH:68
BRDA:231,1,0,10
BRDA:231,1,1,10
BRDA:238,2,0,0
BRDA:238,2,1,10
BRDA:239,3,0,10
BRDA:239,3,1,0
BRDA:239,4,0,10
BRDA:239,4,1,10
BRDA:262,5,0,1
BRDA:262,5,1,9
BRDA:262,6,0,10
BRDA:262,6,1,10
BRDA:266,7,0,0
BRDA:266,7,1,1
BRDA:272,8,0,5
BRDA:272,8,1,5
BRDA:273,9,0,5
BRDA:273,9,1,3
BRDA:276,10,0,10
BRDA:276,10,1,0
BRDA:282,11,0,0
BRDA:282,11,1,1
BRDA:288,12,0,0
BRDA:288,12,1,1
BRDA:291,13,0,1
BRDA:291,13,1,0
BRDA:295,14,0,4
BRDA:295,14,1,1
BRDA:296,15,0,5
BRDA:296,15,1,1
BRDA:301,16,0,0
BRDA:301,16,1,1
BRDA:307,17,0,1
BRDA:307,17,1,0
BRDA:312,18,0,0
BRDA:312,18,1,1
BRDA:317,19,0,0
BRDA:317,19,1,2
BRDA:327,20,0,0
BRDA:327,20,1,1
BRDA:328,21,0,1
BRDA:328,21,1,0
BRDA:333,22,0,0
BRDA:333,22,1,1
BRDA:343,23,0,1
BRDA:343,23,1,1
BRF:46
BRH:32
end_of_record
TN:
SF:./src/utilities/rxStatusColumnIcons/scripts/rxStatusColumnIcons.js
FNF:0
FNH:0
DA:1,1
LF:1
LH:1
BRF:0
BRH:0
end_of_record
TN:
SF:./src/utilities/rxStatusMappings/scripts/rxStatusMappings.js
FN:66,(anonymous_1)
FN:71,(anonymous_2)
FN:100,(anonymous_3)
FN:144,(anonymous_4)
FN:150,(anonymous_5)
FN:151,(anonymous_6)
FN:156,(anonymous_7)
FN:197,(anonymous_8)
FNF:8
FNH:8
FNDA:48,(anonymous_1)
FNDA:193,(anonymous_2)
FNDA:114,(anonymous_3)
FNDA:30,(anonymous_4)
FNDA:288,(anonymous_5)
FNDA:136,(anonymous_6)
FNDA:36,(anonymous_7)
FNDA:129,(anonymous_8)
DA:1,1
DA:67,48
DA:68,48
DA:69,48
DA:71,48
DA:72,193
DA:100,48
DA:101,114
DA:144,48
DA:145,30
DA:146,30
DA:147,30
DA:150,48
DA:151,288
DA:152,136
DA:153,136
DA:154,124
DA:155,12
DA:156,12
DA:157,36
DA:161,136
DA:162,28
DA:164,108
DA:173,48
DA:174,48
DA:175,48
DA:176,48
DA:177,48
DA:178,48
DA:197,48
DA:198,129
DA:199,32
DA:202,97
DA:204,97
DA:207,48
LF:35
LH:35
BRDA:145,1,0,30
BRDA:145,1,1,30
BRDA:153,2,0,124
BRDA:153,2,1,12
BRDA:155,3,0,12
BRDA:155,3,1,0
BRDA:161,4,0,28
BRDA:161,4,1,108
BRDA:198,5,0,32
BRDA:198,5,1,97
BRDA:198,6,0,129
BRDA:198,6,1,33
BRDA:204,7,0,61
BRDA:204,7,1,36
BRF:14
BRH:13
end_of_record
TN:
SF:./src/utilities/rxTime/scripts/rxTime.js
FN:17,(anonymous_1)
FN:18,(anonymous_2)
FNF:2
FNH:2
FNDA:5,(anonymous_1)
FNDA:4,(anonymous_2)
DA:1,1
DA:18,5
DA:19,4
DA:20,4
DA:21,4
DA:22,2
DA:24,2
DA:27,0
LF:8
LH:7
BRDA:20,1,0,4
BRDA:20,1,1,0
BRDA:21,2,0,2
BRDA:21,2,1,2
BRF:4
BRH:3
end_of_record
TN:
SF:./src/utilities/rxTimePickerUtil/scripts/rxTimePickerUtil.js
FN:9,(anonymous_1)
FN:38,parseUtcOffset
FN:55,modelToObject
FNF:3
FNH:3
FNDA:41,(anonymous_1)
FNDA:42,parseUtcOffset
FNDA:19,modelToObject
DA:1,1
DA:16,41
DA:24,41
DA:38,1
DA:39,42
DA:40,42
DA:41,42
DA:55,1
DA:56,19
DA:57,19
DA:58,19
DA:65,19
DA:66,19
DA:69,19
DA:70,19
DA:71,19
DA:72,19
DA:75,19
DA:78,41
LF:19
LH:19
BRDA:41,1,0,39
BRDA:41,1,1,3
BRDA:62,2,0,0
BRDA:62,2,1,19
BRDA:65,3,0,19
BRDA:65,3,1,0
BRDA:69,4,0,19
BRDA:69,4,1,0
BRF:8
BRH:5
end_of_record
TN:
SF:./src/utilities/rxTitleize/scripts/rxTitleize.js
FN:1,(anonymous_1)
FN:27,rxTitleizeFilter
FN:28,(anonymous_3)
FN:32,(anonymous_4)
FNF:4
FNH:4
FNDA:1,(anonymous_1)
FNDA:37,rxTitleizeFilter
FNDA:87,(anonymous_3)
FNDA:90,(anonymous_4)
DA:1,1
DA:2,1
DA:27,1
DA:28,37
DA:29,87
DA:33,90
LF:6
LH:6
BRF:0
BRH:0
end_of_record
TN:
SF:./src/utilities/rxToggle/scripts/rxToggle.js
FN:13,(anonymous_1)
FN:16,(anonymous_2)
FN:19,(anonymous_3)
FN:20,(anonymous_4)
FNF:4
FNH:4
FNDA:2,(anonymous_1)
FNDA:2,(anonymous_2)
FNDA:6,(anonymous_3)
FNDA:6,(anonymous_4)
DA:1,1
DA:14,2
DA:17,2
DA:19,2
DA:20,6
DA:24,6
LF:6
LH:6
BRF:0
BRH:0
end_of_record
TN:
SF:./src/utilities/rxTokenInterceptor/scripts/rxTokenInterceptor.js
FN:19,(anonymous_1)
FN:22,(anonymous_2)
FN:25,(anonymous_3)
FN:32,(anonymous_4)
FNF:4
FNH:4
FNDA:773,(anonymous_1)
FNDA:5,(anonymous_2)
FNDA:4,(anonymous_3)
FNDA:7,(anonymous_4)
DA:1,1
DA:20,773
DA:22,773
DA:23,5
DA:24,5
DA:31,4
DA:32,4
DA:33,7
DA:34,2
DA:38,4
DA:39,2
DA:42,4
LF:12
LH:12
BRDA:33,1,0,2
BRDA:33,1,1,5
BRDA:38,2,0,2
BRDA:38,2,1,2
BRF:4
BRH:4
end_of_record
TN:
SF:./src/utilities/rxUnauthorizedInterceptor/scripts/rxUnauthorizedInterceptor.js
FN:21,(anonymous_1)
FN:23,(anonymous_2)
FN:31,(anonymous_3)
FN:35,(anonymous_4)
FNF:4
FNH:3
FNDA:7,(anonymous_1)
FNDA:0,(anonymous_2)
FNDA:6,(anonymous_3)
FNDA:6,(anonymous_4)
DA:1,1
DA:22,7
DA:29,0
DA:32,6
DA:33,6
DA:36,6
DA:37,5
DA:38,5
DA:41,6
DA:45,7
LF:10
LH:9
BRDA:32,1,0,1
BRDA:32,1,1,5
BRDA:36,2,0,5
BRDA:36,2,1,1
BRF:4
BRH:4
end_of_record
TN:
SF:./src/utilities/rxUnsafeRemoveHTML/scripts/rxUnsafeRemoveHTML.js
FN:15,(anonymous_1)
FN:16,(anonymous_2)
FNF:2
FNH:2
FNDA:10,(anonymous_1)
FNDA:10,(anonymous_2)
DA:1,1
DA:16,10
DA:18,10
DA:19,2
DA:22,10
DA:23,10
DA:24,10
LF:7
LH:7
BRDA:18,1,0,2
BRDA:18,1,1,8
BRDA:24,2,0,10
BRDA:24,2,1,2
BRDA:24,2,2,2
BRF:5
BRH:5
end_of_record
TN:
SF:./src/utilities/rxUrlUtils/scripts/rxUrlUtils.js
FN:9,(anonymous_1)
FN:12,(anonymous_2)
FN:20,(anonymous_3)
FN:28,(anonymous_4)
FN:37,(anonymous_5)
FN:57,(anonymous_6)
FN:65,(anonymous_7)
FN:79,(anonymous_8)
FN:102,(anonymous_9)
FN:119,(anonymous_10)
FN:124,(anonymous_11)
FNF:11
FNH:10
FNDA:26,(anonymous_1)
FNDA:12,(anonymous_2)
FNDA:2,(anonymous_3)
FNDA:13,(anonymous_4)
FNDA:0,(anonymous_5)
FNDA:1,(anonymous_6)
FNDA:8,(anonymous_7)
FNDA:6,(anonymous_8)
FNDA:4,(anonymous_9)
FNDA:14,(anonymous_10)
FNDA:5,(anonymous_11)
DA:1,1
DA:10,26
DA:12,26
DA:14,12
DA:16,12
DA:20,26
DA:22,2
DA:24,2
DA:28,26
DA:29,13
DA:30,4
DA:33,9
DA:37,26
DA:38,0
DA:39,0
DA:41,0
DA:42,0
DA:45,0
DA:48,0
DA:57,26
DA:58,1
DA:60,1
DA:65,26
DA:66,8
DA:67,4
DA:71,4
DA:72,4
DA:74,4
DA:79,26
DA:80,6
DA:81,6
DA:85,6
DA:86,6
DA:87,4
DA:92,6
DA:93,2
DA:96,6
DA:102,26
DA:104,4
DA:105,1
DA:108,3
DA:110,3
DA:111,3
DA:114,3
DA:119,26
DA:120,14
DA:124,26
DA:125,5
DA:126,5
LF:49
LH:43
BRDA:29,1,0,4
BRDA:29,1,1,9
BRDA:41,2,0,0
BRDA:41,2,1,0
BRDA:66,3,0,4
BRDA:66,3,1,4
BRDA:86,4,0,4
BRDA:86,4,1,2
BRDA:92,5,0,2
BRDA:92,5,1,4
BRDA:92,6,0,6
BRDA:92,6,1,4
BRDA:104,7,0,1
BRDA:104,7,1,3
BRDA:108,8,0,3
BRDA:108,8,1,0
BRDA:110,9,0,3
BRDA:110,9,1,1
BRF:18
BRH:15
end_of_record
TN:
SF:./src/utilities/rxUtcOffsets/scripts/rxUtcOffsets.js
FNF:0
FNH:0
DA:1,1
LF:1
LH:1
BRF:0
BRH:0
end_of_record
TN:
SF:./src/utilities/rxXor/scripts/rxXor.js
FN:1,(anonymous_1)
FN:16,rxXorFilter
FN:17,(anonymous_3)
FNF:3
FNH:2
FNDA:1,(anonymous_1)
FNDA:16,rxXorFilter
FNDA:0,(anonymous_3)
DA:1,1
DA:2,1
DA:16,1
DA:17,16
DA:18,0
LF:5
LH:4
BRF:0
BRH:0
end_of_record
